Mar  5 12:04:20 ci010 kernel: 0 | 0 0 | 0 0 0 | 0 0
Mar  5 12:04:20 ci010 kernel: 1 | 0 0 | 0 0 0 | 0 0
Mar  5 12:04:20 ci010 kernel: 2 | 0 0 | 0 0 0 | 0 0
Mar  5 12:04:21 ci010 kernel: 3 | 0 0 | 0 0 0 | 0 0
Mar  5 12:04:22 ci010 kernel: 7 | 0 0 | 0 0 0 | 0 0
Mar  5 12:04:23 ci010 kernel: 12 | 1 0 | 0 0 0 | 0 0
Mar  5 12:04:24 ci010 kernel: 17 | 2 0 | 0 0 0 | 0 0
Mar  5 12:04:25 ci010 kernel: 24 | 2 0 | 0 0 0 | 0 0
Mar  5 12:04:26 ci010 kernel: 31 | 3 0 | 0 0 0 | 0 0
Mar  5 12:04:27 ci010 kernel: 38 | 3 0 | 0 0 0 | 0 0
Mar  5 12:04:28 ci010 kernel: 45 | 4 0 | 0 0 0 | 0 0
Mar  5 12:04:29 ci010 kernel: 52 | 9 0 | 0 0 0 | 0 0
Mar  5 12:04:30 ci010 kernel: 59 | 9 0 | 0 0 0 | 0 0
Mar  5 12:04:31 ci010 kernel: 66 | 10 0 | 0 0 0 | 0 0
Mar  5 12:04:32 ci010 kernel: 73 | 10 0 | 0 0 0 | 0 0
Mar  5 12:04:33 ci010 kernel: 83 | 11 0 | 0 0 0 | 0 0
Mar  5 12:04:34 ci010 kernel: 93 | 15 0 | 0 0 0 | 0 0
Mar  5 12:04:36 ci010 kernel: 103 | 15 0 | 0 0 0 | 0 0
Mar  5 12:04:37 ci010 kernel: 113 | 16 0 | 0 0 0 | 0 0
Mar  5 12:04:38 ci010 kernel: 123 | 20 0 | 0 0 0 | 0 0
Mar  5 12:04:39 ci010 kernel: 132 | 21 0 | 0 0 0 | 0 0
Mar  5 12:04:40 ci010 kernel: 141 | 25 0 | 0 0 0 | 0 0
Mar  5 12:04:41 ci010 kernel: 151 | 25 0 | 0 0 0 | 0 0
Mar  5 12:04:42 ci010 kernel: 160 | 26 0 | 0 0 0 | 0 0
Mar  5 12:04:43 ci010 kernel: 169 | 29 0 | 0 0 0 | 0 0
Mar  5 12:04:44 ci010 kernel: 179 | 29 0 | 0 0 0 | 0 0
Mar  5 12:04:45 ci010 kernel: 188 | 34 0 | 0 0 0 | 0 0
Mar  5 12:04:46 ci010 kernel: 550 | 35 0 | 0 0 0 | 0 0
Mar  5 12:04:46 ci010 kernel: 1850 | 35 0 | 0 0 0 | 0 0
Mar  5 12:04:47 ci010 kernel: 954167 | 391 66 | 347 395 74 | 0 0
Mar  5 12:04:47 ci010 kernel: 1916222 | 719 931 | 347 908 187 | 0 0
Mar  5 12:04:48 ci010 kernel: 2877742 | 1172 1830 | 347 2195 187 | 0 0
Mar  5 12:04:48 ci010 kernel: 3837998 | 1804 2170 | 347 3568 252 | 0 0
Mar  5 12:04:49 ci010 kernel: 3898103 | 2194 49938 | 347 4605 255 | 0 0
Mar  5 12:04:49 ci010 kernel: 3936529 | 2300 78048 | 347 11272 3455 | 0 0
Mar  5 12:04:50 ci010 kernel: 3967278 | 2402 101294 | 347 16065 5920 | 0 0
Mar  5 12:04:50 ci010 kernel: 3992403 | 2417 118425 | 347 21159 8680 | 0 0
Mar  5 12:04:51 ci010 kernel: 4012500 | 2425 132387 | 347 25021 10829 | 0 0
Mar  5 12:04:51 ci010 kernel: 4031305 | 2429 141303 | 347 31411 14212 | 0 0
Mar  5 12:04:52 ci010 kernel: 4048094 | 2430 150292 | 347 36413 16898 | 0 0
Mar  5 12:04:52 ci010 kernel: 4062131 | 2431 161275 | 347 36417 19837 | 0 0
Mar  5 12:04:53 ci010 kernel: 4073829 | 2431 165553 | 347 41019 22545 | 0 0
Mar  5 12:04:54 ci010 kernel: 4087148 | 2431 168595 | 347 47644 26087 | 0 0
Mar  5 12:04:54 ci010 kernel: 4100070 | 2431 174112 | 347 52336 28690 | 0 0
Mar  5 12:04:54 ci010 kernel: 4112694 | 2431 180913 | 347 54675 32064 | 91 0
Mar  5 12:04:55 ci010 kernel: 4121758 | 2431 182384 | 347 59341 34881 | 91 0
Mar  5 12:04:55 ci010 kernel: 4133334 | 2431 187707 | 347 63320 37045 | 91 0
Mar  5 12:04:56 ci010 kernel: 4145928 | 2431 190475 | 347 69595 40486 | 91 0
Mar  5 12:04:57 ci010 kernel: 4158141 | 2431 198680 | 347 70315 43664 | 91 0
Mar  5 12:04:57 ci010 kernel: 4167702 | 2431 201091 | 347 74930 46089 | 91 0
Mar  5 12:04:57 ci010 kernel: 4178965 | 2431 204835 | 347 79724 48704 | 91 0
Mar  5 12:04:58 ci010 kernel: 4188719 | 2431 211335 | 347 80884 50688 | 91 0
Mar  5 12:04:58 ci010 kernel: 4197180 | 2431 213265 | 347 84517 53476 | 91 0
Mar  5 12:04:59 ci010 kernel: 4208323 | 2431 215762 | 347 89889 56640 | 91 0
Mar  5 12:05:00 ci010 kernel: 4218003 | 2431 222779 | 347 89889 59193 | 91 0
Mar  5 12:05:00 ci010 kernel: 4226292 | 2431 225181 | 347 93322 61537 | 91 0
Mar  5 12:05:01 ci010 kernel: 4235347 | 2431 228647 | 347 95670 64668 | 91 0
Mar  5 12:05:01 ci010 kernel: 4240637 | 2431 229580 | 347 97839 66746 | 92 0
Mar  5 12:05:02 ci010 kernel: 4249958 | 2431 232148 | 347 101537 69691 | 92 0
Mar  5 12:05:02 ci010 kernel: 4260290 | 2431 235416 | 347 104812 73370 | 92 0
Mar  5 12:05:03 ci010 kernel: 4270325 | 2431 238291 | 347 108682 76550 | 92 0
Mar  5 12:05:03 ci010 kernel: 4278926 | 2431 243238 | 347 109923 78853 | 92 0
Mar  5 12:05:04 ci010 kernel: 4285530 | 2431 245543 | 347 111424 81541 | 92 0
Mar  5 12:05:04 ci010 kernel: 4293626 | 2431 248513 | 348 113381 84599 | 92 0
Mar  5 12:05:05 ci010 kernel: 4299366 | 2431 249516 | 348 114857 87750 | 92 0
Mar  5 12:05:05 ci010 kernel: 4307408 | 2431 252213 | 348 116949 90893 | 92 0
Mar  5 12:05:06 ci010 kernel: 4316621 | 3005 252213 | 348 121438 94933 | 92 0
Mar  5 12:05:06 ci010 kernel: 4323309 | 3005 257075 | 349 121444 96642 | 92 0
Mar  5 12:05:07 ci010 kernel: 4329382 | 3005 259673 | 349 122417 99034 | 92 0
Mar  5 12:05:07 ci010 kernel: 4335202 | 3395 259857 | 349 124752 101835 | 92 0
Mar  5 12:05:08 ci010 kernel: 4342965 | 3395 262711 | 351 125899 105485 | 92 0
Mar  5 12:05:08 ci010 kernel: 4348283 | 3395 263409 | 351 127715 108179 | 92 0
Mar  5 12:05:09 ci010 kernel: 4356891 | 3395 264679 | 351 130956 112166 | 92 0
Mar  5 12:05:09 ci010 kernel: 4364775 | 3395 267380 | 352 133023 115171 | 92 0
Mar  5 12:05:10 ci010 kernel: 4370035 | 3395 268155 | 352 134570 117999 | 92 0
Mar  5 12:05:10 ci010 kernel: 4377047 | 3395 271052 | 359 136413 120154 | 92 0
Mar  5 12:05:11 ci010 kernel: 4383215 | 3395 271661 | 359 138668 123348 | 92 0
Mar  5 12:05:11 ci010 kernel: 4391095 | 3395 274091 | 362 141322 126031 | 92 0
Mar  5 12:05:12 ci010 kernel: 4398840 | 3395 277601 | 365 142578 128897 | 92 0
Mar  5 12:05:12 ci010 kernel: 4403713 | 3395 279942 | 365 142578 131319 | 92 0
Mar  5 12:05:13 ci010 kernel: 4408853 | 3498 280411 | 365 144219 134136 | 92 0
Mar  5 12:05:13 ci010 kernel: 4416841 | 3754 280763 | 368 148529 137093 | 92 0
Mar  5 12:05:14 ci010 kernel: 4424484 | 3754 284806 | 368 149128 140010 | 92 0
Mar  5 12:05:14 ci010 kernel: 4430617 | 3754 286644 | 368 150422 142927 | 92 0
Mar  5 12:05:15 ci010 kernel: 4437064 | 4353 286644 | 368 152698 146415 | 92 0
Mar  5 12:05:15 ci010 kernel: 4444338 | 4353 289910 | 369 153317 149719 | 92 0
Mar  5 12:05:16 ci010 kernel: 4450320 | 4353 291125 | 369 155012 152707 | 92 0
Mar  5 12:05:16 ci010 kernel: 4456987 | 4995 291125 | 369 157049 156611 | 92 0
Mar  5 12:05:17 ci010 kernel: 4464155 | 4995 294484 | 369 157130 160255 | 92 0
Mar  5 12:05:17 ci010 kernel: 4469813 | 4995 295481 | 369 159002 162960 | 92 0
Mar  5 12:05:18 ci010 kernel: 4476229 | 5597 295481 | 369 162236 165456 | 92 0
Mar  5 12:05:18 ci010 kernel: 4483605 | 5597 298578 | 370 162814 169072 | 92 0
Mar  5 12:05:19 ci010 kernel: 4489111 | 5597 300008 | 370 163774 172104 | 92 0
Mar  5 12:05:19 ci010 kernel: 4494943 | 6195 300008 | 370 165669 175359 | 92 0
Mar  5 12:05:20 ci010 kernel: 4501613 | 6195 302471 | 373 166344 178804 | 92 0
Mar  5 12:05:20 ci010 kernel: 4508343 | 6354 302930 | 373 168128 183048 | 92 0
Mar  5 12:05:21 ci010 kernel: 4511620 | 6490 303390 | 373 168133 185640 | 92 0
Mar  5 12:05:21 ci010 kernel: 4518079 | 7115 303390 | 373 170747 188805 | 92 0
Mar  5 12:05:22 ci010 kernel: 4525554 | 7115 305633 | 402 172154 192546 | 92 0
Mar  5 12:05:22 ci010 kernel: 4530746 | 7115 306360 | 402 173310 195800 | 92 0
Mar  5 12:05:23 ci010 kernel: 4537547 | 7115 309154 | 408 173666 199390 | 92 0
Mar  5 12:05:23 ci010 kernel: 4542695 | 7163 309733 | 408 175603 201919 | 92 0
Mar  5 12:05:24 ci010 kernel: 4548585 | 7726 309795 | 408 176076 206656 | 92 0
Mar  5 12:05:24 ci010 kernel: 4554512 | 7726 311833 | 408 176929 209637 | 92 0
Mar  5 12:05:25 ci010 kernel: 4560280 | 8184 312000 | 408 178726 212928 | 92 0
Mar  5 12:05:25 ci010 kernel: 4566184 | 8184 314281 | 408 179213 216009 | 92 0
Mar  5 12:05:26 ci010 kernel: 4571173 | 8184 315004 | 408 180697 218736 | 92 0
Mar  5 12:05:26 ci010 kernel: 4575400 | 8826 315004 | 408 181123 221840 | 92 0
Mar  5 12:05:27 ci010 kernel: 4580293 | 9492 315004 | 408 181500 225635 | 92 0
Mar  5 12:05:27 ci010 kernel: 4586564 | 9492 316067 | 408 183063 229225 | 92 0
Mar  5 12:05:28 ci010 kernel: 4593042 | 10117 316067 | 408 185352 232734 | 92 0
Mar  5 12:05:28 ci010 kernel: 4599561 | 10117 317878 | 408 186860 235879 | 92 0
Mar  5 12:05:29 ci010 kernel: 4604334 | 10117 318881 | 408 187167 239287 | 92 0
Mar  5 12:05:29 ci010 kernel: 4608212 | 10287 319350 | 408 187468 242170 | 92 0
Mar  5 12:05:30 ci010 kernel: 4615288 | 10911 319350 | 408 190272 245763 | 92 0
Mar  5 12:05:30 ci010 kernel: 4621974 | 10911 322236 | 408 190577 249203 | 92 0
Mar  5 12:05:31 ci010 kernel: 4627320 | 10911 323733 | 408 191476 252098 | 93 0
Mar  5 12:05:32 ci010 kernel: 4632932 | 11039 324229 | 408 192236 256271 | 95 0
Mar  5 12:05:32 ci010 kernel: 4638077 | 11663 324229 | 408 193972 259001 | 95 0
Mar  5 12:05:33 ci010 kernel: 4646255 | 11663 326131 | 411 194778 264413 | 95 0
Mar  5 12:05:33 ci010 kernel: 4650943 | 11663 327399 | 411 194778 267778 | 95 0
Mar  5 12:05:34 ci010 kernel: 4656787 | 12287 327399 | 411 197371 270350 | 95 0
Mar  5 12:05:34 ci010 kernel: 4663424 | 12287 329273 | 411 198020 274409 | 95 0
Mar  5 12:05:34 ci010 kernel: 4667237 | 12287 330522 | 411 198020 276918 | 95 0
Mar  5 12:05:35 ci010 kernel: 4673808 | 12910 330522 | 411 200414 280417 | 95 0
Mar  5 12:05:35 ci010 kernel: 4679831 | 12910 332265 | 412 200904 284151 | 95 0
Mar  5 12:05:36 ci010 kernel: 4684274 | 12910 333117 | 412 201355 287236 | 95 0
Mar  5 12:05:37 ci010 kernel: 4688499 | 13096 333572 | 412 201532 290588 | 95 0
Mar  5 12:05:37 ci010 kernel: 4694798 | 13719 333572 | 412 203374 294367 | 95 0
Mar  5 12:05:37 ci010 kernel: 4701508 | 13719 335141 | 412 203668 299159 | 95 0
Mar  5 12:05:38 ci010 kernel: 4705952 | 13719 335919 | 412 204071 302367 | 95 0
Mar  5 12:05:38 ci010 kernel: 4710850 | 14264 336039 | 412 204671 305945 | 95 0
Mar  5 12:05:39 ci010 kernel: 4716950 | 14886 336039 | 412 205990 310049 | 95 0
Mar  5 12:05:39 ci010 kernel: 4724002 | 14886 336696 | 412 207146 315233 | 95 0
Mar  5 12:05:40 ci010 kernel: 4728384 | 15509 336696 | 412 208325 317758 | 95 0
Mar  5 12:05:40 ci010 kernel: 4735214 | 16132 336696 | 412 208708 323527 | 95 0
Mar  5 12:05:41 ci010 kernel: 4740772 | 16132 338182 | 412 209129 327123 | 95 0
Mar  5 12:05:42 ci010 kernel: 4746231 | 16647 338290 | 412 210460 330573 | 95 0
Mar  5 12:05:42 ci010 kernel: 4751115 | 17312 338290 | 412 210746 334451 | 95 0
Mar  5 12:05:42 ci010 kernel: 4757055 | 17942 338290 | 412 212374 338078 | 95 0
Mar  5 12:05:43 ci010 kernel: 4763706 | 17942 339757 | 412 212850 342731 | 95 0
Mar  5 12:05:43 ci010 kernel: 4767608 | 17942 340734 | 412 212850 345601 | 95 0
Mar  5 12:05:44 ci010 kernel: 4773578 | 18564 340734 | 412 214246 349498 | 95 0
Mar  5 12:05:45 ci010 kernel: 4778003 | 19186 340734 | 412 214384 353108 | 95 0
Mar  5 12:05:45 ci010 kernel: 4783090 | 19851 340734 | 412 214795 357064 | 95 0
Mar  5 12:05:46 ci010 kernel: 4789222 | 20472 340734 | 412 215929 361386 | 95 0
Mar  5 12:05:46 ci010 kernel: 4795280 | 20472 341446 | 412 216806 365800 | 95 0
Mar  5 12:05:47 ci010 kernel: 4798987 | 20670 341872 | 412 216884 368750 | 95 0
Mar  5 12:05:47 ci010 kernel: 4803040 | 21168 342021 | 412 216985 372000 | 95 0
Mar  5 12:05:48 ci010 kernel: 4809632 | 21790 342021 | 412 219256 375644 | 95 0
Mar  5 12:05:48 ci010 kernel: 4815509 | 21790 342948 | 412 220196 379599 | 95 0
Mar  5 12:05:49 ci010 kernel: 4819885 | 22017 343344 | 412 220526 382967 | 95 0
Mar  5 12:05:49 ci010 kernel: 4824469 | 22511 343473 | 412 220614 386785 | 95 0
Mar  5 12:05:50 ci010 kernel: 4831529 | 23170 343473 | 412 222237 391508 | 95 0
Mar  5 12:05:50 ci010 kernel: 4837241 | 23170 345043 | 412 222281 395551 | 95 0
Mar  5 12:05:51 ci010 kernel: 4841836 | 23170 345758 | 412 223091 398566 | 95 0
Mar  5 12:05:51 ci010 kernel: 4848339 | 23827 345758 | 412 224601 402847 | 95 0
Mar  5 12:05:52 ci010 kernel: 4852994 | 24449 345758 | 412 225133 406293 | 95 0
Mar  5 12:05:52 ci010 kernel: 4857901 | 24449 346896 | 412 225493 409647 | 95 0
Mar  5 12:05:53 ci010 kernel: 4861605 | 24449 347655 | 412 225493 412537 | 95 0
Mar  5 12:05:53 ci010 kernel: 4867890 | 25071 347655 | 412 227022 416616 | 95 0
Mar  5 12:05:54 ci010 kernel: 4873146 | 25694 347655 | 412 227569 420647 | 95 0
Mar  5 12:05:54 ci010 kernel: 4877632 | 26348 347655 | 412 230740 421276 | 95 0
Mar  5 12:05:55 ci010 kernel: 4883687 | 27004 347655 | 412 235453 421930 | 95 0
Mar  5 12:05:55 ci010 kernel: 4889588 | 27370 347978 | 412 239977 422586 | 95 0
Mar  5 12:05:56 ci010 kernel: 4896032 | 27370 350267 | 412 243734 422952 | 95 0
Mar  5 12:05:56 ci010 kernel: 4902292 | 27370 352368 | 412 247861 422952 | 95 0
Mar  5 12:05:57 ci010 kernel: 4908997 | 27370 356359 | 412 250543 422952 | 95 0
Mar  5 12:05:57 ci010 kernel: 4915849 | 27370 358735 | 412 254987 422952 | 95 0
Mar  5 12:05:58 ci010 kernel: 4923116 | 27370 362364 | 412 258593 422952 | 95 0
Mar  5 12:05:58 ci010 kernel: 4930871 | 27370 364963 | 412 263717 422952 | 95 0
Mar  5 12:05:59 ci010 kernel: 4938967 | 27370 369423 | 412 267321 422952 | 95 0
Mar  5 12:05:59 ci010 kernel: 4947191 | 27370 372786 | 412 272150 422952 | 95 0
Mar  5 12:06:00 ci010 kernel: 4955528 | 27370 377369 | 412 275872 422952 | 95 0
Mar  5 12:06:00 ci010 kernel: 4963463 | 27370 381905 | 412 279239 422952 | 95 0
Mar  5 12:06:01 ci010 kernel: 4971275 | 27370 386104 | 412 282820 422952 | 95 0
Mar  5 12:06:01 ci010 kernel: 4979192 | 27370 388364 | 412 288445 422952 | 95 0
Mar  5 12:06:02 ci010 kernel: 4988074 | 27370 392616 | 412 293043 422952 | 95 0
Mar  5 12:06:02 ci010 kernel: 4996620 | 27370 397846 | 412 296327 422952 | 95 0
Mar  5 12:06:03 ci010 kernel: 5004948 | 27370 401570 | 412 300899 422952 | 95 0
Mar  5 12:06:03 ci010 kernel: 5013110 | 27370 406481 | 412 304118 422952 | 95 0
Mar  5 12:06:04 ci010 kernel: 5021174 | 27370 409890 | 412 308741 422952 | 95 0
Mar  5 12:06:04 ci010 kernel: 5029584 | 27370 413830 | 412 313179 422952 | 95 0
Mar  5 12:06:05 ci010 kernel: 5037857 | 27370 418535 | 412 316711 422956 | 95 0
Mar  5 12:06:05 ci010 kernel: 5045768 | 27370 422782 | 412 320343 422956 | 95 0
Mar  5 12:06:06 ci010 kernel: 5053829 | 27370 426644 | 412 324510 422956 | 95 0
Mar  5 12:06:06 ci010 kernel: 5062003 | 27370 429016 | 412 330258 422978 | 95 0
Mar  5 12:06:07 ci010 kernel: 5071040 | 27370 434598 | 412 333424 423235 | 95 0
Mar  5 12:06:07 ci010 kernel: 5079403 | 27370 438589 | 412 337764 423235 | 95 0
Mar  5 12:06:08 ci010 kernel: 5087652 | 27370 443168 | 412 341402 423235 | 95 0
Mar  5 12:06:08 ci010 kernel: 5096128 | 27370 446339 | 412 346675 423235 | 95 0
Mar  5 12:06:09 ci010 kernel: 5105133 | 27370 450566 | 412 351421 423235 | 95 0
Mar  5 12:06:09 ci010 kernel: 5113655 | 27370 456266 | 412 354211 423235 | 95 0
Mar  5 12:06:10 ci010 kernel: 5121234 | 27370 460952 | 412 357072 423235 | 95 0
Mar  5 12:06:10 ci010 kernel: 5128736 | 27370 463972 | 412 361522 423235 | 95 0
Mar  5 12:06:11 ci010 kernel: 5136784 | 27370 467926 | 412 365584 423235 | 95 0
Mar  5 12:06:11 ci010 kernel: 5144449 | 27370 471614 | 412 369529 423235 | 95 0
Mar  5 12:06:12 ci010 kernel: 5152824 | 27370 474688 | 412 374798 423235 | 95 0
Mar  5 12:06:12 ci010 kernel: 5166036 | 28072 474688 | 412 387276 423235 | 95 0
Mar  5 12:06:13 ci010 kernel: 5182246 | 28072 477555 | 412 399885 423937 | 95 0
Mar  5 12:06:13 ci010 kernel: 5200831 | 28072 483985 | 412 412008 423937 | 95 0
Mar  5 12:06:14 ci010 kernel: 5221936 | 28072 491102 | 412 425964 423937 | 95 0
Mar  5 12:06:14 ci010 kernel: 5244256 | 28072 502599 | 412 436755 423937 | 95 0
Mar  5 12:06:15 ci010 kernel: 5267452 | 28072 511624 | 412 450894 423937 | 95 0
Mar  5 12:06:15 ci010 kernel: 5291367 | 28072 524892 | 412 461230 424216 | 95 0
Mar  5 12:06:16 ci010 kernel: 5314965 | 28072 534306 | 412 475382 424216 | 95 0
Mar  5 12:06:17 ci010 kernel: 5339292 | 28072 548006 | 412 485977 424216 | 95 0
Mar  5 12:06:17 ci010 kernel: 5363762 | 28072 558308 | 412 500113 424216 | 95 0
Mar  5 12:06:17 ci010 kernel: 5388336 | 28072 572227 | 412 510736 424216 | 95 0
Mar  5 12:06:18 ci010 kernel: 5412622 | 28072 583430 | 412 523787 424216 | 95 0
Mar  5 12:06:19 ci010 kernel: 5462920 | 28072 631750 | 412 525568 424381 | 95 0
Mar  5 12:06:19 ci010 kernel: 5511455 | 28072 679720 | 412 525936 424546 | 95 0
Mar  5 12:06:20 ci010 kernel: 5559658 | 28072 727362 | 412 526300 424711 | 95 0
Mar  5 12:06:20 ci010 kernel: 5607557 | 28072 774700 | 412 526664 424876 | 95 0
Mar  5 12:06:21 ci010 kernel: 5657673 | 28072 824259 | 412 527024 425041 | 95 0
Mar  5 12:06:21 ci010 kernel: 5707506 | 28072 873811 | 412 527108 425206 | 95 0
Mar  5 12:06:22 ci010 kernel: 5757146 | 28072 923418 | 412 527108 425206 | 95 0
Mar  5 12:06:22 ci010 kernel: 6724073 | 28079 933612 | 412 527108 425206 | 95 0
Mar  5 12:06:23 ci010 kernel: 7694372 | 28143 933617 | 412 527114 425207 | 95 0
Mar  5 12:06:23 ci010 kernel: 8159124 | 28155 983475 | 412 527178 425207 | 95 0
Mar  5 12:06:24 ci010 kernel: 8301761 | 28156 1033321 | 412 527190 425207 | 95 0
Mar  5 12:06:25 ci010 kernel: 8379016 | 28159 1083192 | 412 527191 425207 | 95 0
Mar  5 12:06:25 ci010 kernel: 8444131 | 28160 1133008 | 412 527195 425226 | 95 0
Mar  5 12:06:26 ci010 kernel: 8505275 | 28256 1182545 | 412 527195 425227 | 95 0
Mar  5 12:06:26 ci010 kernel: 8560198 | 28257 1232138 | 412 527291 425227 | 95 0
Mar  5 12:06:27 ci010 kernel: 8611746 | 28257 1281767 | 412 527292 425227 | 95 0
Mar  5 12:06:27 ci010 kernel: 8662094 | 28257 1331421 | 412 527292 425227 | 95 0
Mar  5 12:06:28 ci010 kernel: 8712032 | 28257 1381105 | 412 527292 425227 | 95 0
Mar  5 12:06:28 ci010 kernel: 8814114 | 28394 1430378 | 412 527292 425227 | 95 0
Mar  5 12:06:29 ci010 kernel: 8916260 | 28430 1479817 | 412 527429 425227 | 95 0
Mar  5 12:06:29 ci010 kernel: 8984441 | 28433 1529289 | 412 527465 425227 | 95 0
Mar  5 12:06:30 ci010 kernel: 9040484 | 28434 1578765 | 412 527468 425227 | 95 0
Mar  5 12:06:30 ci010 kernel: 9096501 | 28438 1628230 | 412 527469 425227 | 95 0
Mar  5 12:06:31 ci010 kernel: 9148499 | 28438 1677887 | 412 527473 425227 | 95 0
Mar  5 12:06:32 ci010 kernel: 9198892 | 28439 1727374 | 412 527473 425227 | 95 0
Mar  5 12:06:32 ci010 kernel: 9248754 | 28439 1776863 | 412 527474 425227 | 95 0
Mar  5 12:06:32 ci010 kernel: 9298435 | 28439 1826352 | 412 527474 425227 | 95 0
Mar  5 12:06:33 ci010 kernel: 9348116 | 28439 1875841 | 412 527474 425227 | 95 0
Mar  5 12:06:34 ci010 kernel: 10318146 | 28450 1903393 | 412 527474 425227 | 95 0
Mar  5 12:06:34 ci010 kernel: 11288176 | 28450 1903413 | 412 527485 425227 | 95 0
Mar  5 12:06:35 ci010 kernel: 11365285 | 28450 1952891 | 412 527485 425227 | 95 0
Mar  5 12:06:35 ci010 kernel: 11414835 | 28450 2002369 | 412 527485 425227 | 95 0
Mar  5 12:06:36 ci010 kernel: 11464405 | 28450 2051847 | 412 527485 425227 | 95 0
Mar  5 12:06:36 ci010 kernel: 11513955 | 28450 2101308 | 412 527485 425227 | 95 0
Mar  5 12:06:37 ci010 kernel: 11563617 | 28450 2150772 | 412 527485 425227 | 95 0
Mar  5 12:06:37 ci010 kernel: 11613268 | 28453 2200226 | 412 527485 425227 | 95 0
Mar  5 12:06:38 ci010 kernel: 11662923 | 28453 2249685 | 412 527488 425227 | 95 0
Mar  5 12:06:38 ci010 kernel: 11712588 | 28453 2299144 | 412 527488 425227 | 95 0
Mar  5 12:06:39 ci010 kernel: 11762190 | 28453 2348605 | 412 527488 425227 | 95 0
Mar  5 12:06:40 ci010 kernel: 11811793 | 28453 2398067 | 412 527488 425227 | 95 0
Mar  5 12:06:40 ci010 kernel: 11861397 | 28453 2447530 | 412 527488 425227 | 95 0
Mar  5 12:06:40 ci010 kernel: 11911033 | 28453 2496992 | 412 527488 425227 | 95 0
Mar  5 12:06:41 ci010 kernel: 11960730 | 28453 2546515 | 412 527488 425227 | 95 0
Mar  5 12:06:42 ci010 kernel: 12010212 | 28509 2595823 | 412 527488 425227 | 95 0
Mar  5 12:06:42 ci010 kernel: 12059806 | 28509 2645243 | 413 527543 425227 | 95 0
Mar  5 12:06:43 ci010 kernel: 12109400 | 28509 2694719 | 413 527543 425227 | 95 0
Mar  5 12:06:43 ci010 kernel: 12158894 | 28542 2744095 | 413 527543 425227 | 95 0
Mar  5 12:06:44 ci010 kernel: 12208456 | 28542 2793539 | 414 527575 425227 | 95 0
Mar  5 12:06:44 ci010 kernel: 12258016 | 28542 2843014 | 414 527575 425227 | 95 0
Mar  5 12:06:45 ci010 kernel: 13228036 | 28542 2873235 | 414 527575 425227 | 95 0
Mar  5 12:06:46 ci010 kernel: 14198056 | 28542 2873235 | 414 527575 425227 | 95 0
Mar  5 12:06:46 ci010 kernel: 14277824 | 28542 2922697 | 414 527575 425227 | 95 0
Mar  5 12:06:47 ci010 kernel: 14327374 | 28542 2972162 | 414 527575 425227 | 95 0
Mar  5 12:06:47 ci010 kernel: 14376923 | 28542 3021626 | 414 527575 425227 | 95 0
Mar  5 12:06:48 ci010 kernel: 14426473 | 28542 3071091 | 414 527575 425227 | 95 0
Mar  5 12:06:48 ci010 kernel: 14476022 | 28542 3120555 | 414 527575 425227 | 95 0
Mar  5 12:06:49 ci010 kernel: 14525572 | 28542 3170019 | 414 527575 425227 | 95 0
Mar  5 12:06:49 ci010 kernel: 14575123 | 28542 3219483 | 414 527575 425227 | 95 0
Mar  5 12:06:50 ci010 kernel: 14624716 | 28542 3268946 | 414 527575 425227 | 95 0
Mar  5 12:06:50 ci010 kernel: 14674376 | 28542 3318410 | 414 527575 425227 | 95 0
Mar  5 12:06:51 ci010 kernel: 14724039 | 28542 3367876 | 414 527575 425227 | 95 0
Mar  5 12:06:51 ci010 kernel: 14773773 | 28542 3417413 | 414 527575 425227 | 95 0
Mar  5 12:06:52 ci010 kernel: 14823458 | 28544 3466944 | 414 527575 425227 | 95 0
Mar  5 12:06:52 ci010 kernel: 14873090 | 28546 3516421 | 415 527576 425227 | 95 0
Mar  5 12:06:53 ci010 kernel: 14922724 | 28546 3565902 | 415 527578 425227 | 95 0
Mar  5 12:06:53 ci010 kernel: 14972412 | 28546 3615383 | 415 527578 425227 | 95 0
Mar  5 12:06:54 ci010 kernel: 15022033 | 28546 3664863 | 415 527578 425227 | 95 0
Mar  5 12:06:54 ci010 kernel: 15071656 | 28546 3714345 | 415 527578 425227 | 95 0
Mar  5 12:06:55 ci010 kernel: 15121279 | 28546 3763826 | 415 527578 425227 | 95 0
Mar  5 12:06:55 ci010 kernel: 15170933 | 28546 3813306 | 415 527578 425227 | 95 0
Mar  5 12:06:56 ci010 kernel: 16140955 | 28546 3843077 | 415 527578 425227 | 95 0
Mar  5 12:06:57 ci010 kernel: 17110977 | 28547 3843077 | 415 527578 425227 | 95 0
Mar  5 12:06:57 ci010 kernel: 17190222 | 28603 3892377 | 416 527578 425227 | 95 0
Mar  5 12:06:58 ci010 kernel: 17239767 | 28635 3941749 | 471 527579 425227 | 95 0
Mar  5 12:06:58 ci010 kernel: 17289318 | 28635 3991183 | 472 527610 425227 | 95 0
Mar  5 12:06:59 ci010 kernel: 17338837 | 28635 4040617 | 472 527610 425227 | 95 0
Mar  5 12:06:59 ci010 kernel: 17388388 | 28635 4090083 | 472 527610 425227 | 95 0
Mar  5 12:07:00 ci010 kernel: 17437938 | 28635 4139548 | 472 527610 425227 | 95 0
Mar  5 12:07:00 ci010 kernel: 17487489 | 28635 4189014 | 472 527610 425227 | 95 0
Mar  5 12:07:01 ci010 kernel: 17537039 | 28635 4238479 | 472 527610 425227 | 95 0
Mar  5 12:07:01 ci010 kernel: 17586606 | 28635 4287960 | 472 527610 425227 | 95 0
Mar  5 12:07:02 ci010 kernel: 17636176 | 28635 4337441 | 472 527610 425227 | 95 0
Mar  5 12:07:02 ci010 kernel: 17685746 | 28635 4386922 | 472 527610 425227 | 95 0
Mar  5 12:07:03 ci010 kernel: 17735352 | 28637 4436396 | 472 527610 425227 | 95 0
Mar  5 12:07:03 ci010 kernel: 17784961 | 28638 4485873 | 473 527611 425227 | 95 0
Mar  5 12:07:04 ci010 kernel: 17834569 | 28638 4535351 | 473 527612 425227 | 95 0
Mar  5 12:07:05 ci010 kernel: 17884177 | 28638 4584830 | 473 527612 425227 | 95 0
Mar  5 12:07:05 ci010 kernel: 17933850 | 28638 4634309 | 473 527612 425227 | 95 0
Mar  5 12:07:06 ci010 kernel: 17983525 | 28638 4683788 | 473 527612 425227 | 95 0
Mar  5 12:07:06 ci010 kernel: 18033142 | 28638 4733252 | 473 527612 425227 | 95 0
Mar  5 12:07:07 ci010 kernel: 18082756 | 28640 4782713 | 473 527612 425227 | 95 0
Mar  5 12:07:07 ci010 kernel: 19052776 | 28640 4812854 | 473 527614 425227 | 95 0
Mar  5 12:07:08 ci010 kernel: 20022794 | 28641 4812854 | 473 527614 425227 | 95 0
Mar  5 12:07:08 ci010 kernel: 20102538 | 28641 4862315 | 473 527615 425227 | 95 0
Mar  5 12:07:09 ci010 kernel: 20152139 | 28641 4911775 | 473 527615 425227 | 95 0
Mar  5 12:07:09 ci010 kernel: 20201578 | 28696 4961072 | 473 527615 425227 | 95 0
Mar  5 12:07:10 ci010 kernel: 20251183 | 28696 5010535 | 528 527615 425227 | 95 0
Mar  5 12:07:10 ci010 kernel: 20300766 | 28696 5059999 | 528 527615 425227 | 95 0
Mar  5 12:07:11 ci010 kernel: 20350449 | 28697 5109563 | 528 527615 425227 | 95 0
Mar  5 12:07:12 ci010 kernel: 20400044 | 28698 5159039 | 529 527615 425227 | 95 0
Mar  5 12:07:12 ci010 kernel: 20449639 | 28698 5208516 | 529 527616 425227 | 95 0
Mar  5 12:07:13 ci010 kernel: 20499138 | 28730 5257898 | 529 527616 425227 | 95 0
Mar  5 12:07:13 ci010 kernel: 20548701 | 28730 5307344 | 530 527647 425227 | 95 0
Mar  5 12:07:14 ci010 kernel: 20598234 | 28730 5356791 | 530 527647 425227 | 95 0
Mar  5 12:07:14 ci010 kernel: 20647798 | 28730 5406269 | 530 527647 425227 | 95 0
Mar  5 12:07:15 ci010 kernel: 20697366 | 28730 5455749 | 530 527647 425227 | 95 0
Mar  5 12:07:15 ci010 kernel: 20746933 | 28730 5505228 | 530 527647 425227 | 95 0
Mar  5 12:07:16 ci010 kernel: 20796500 | 28730 5554708 | 530 527647 425227 | 95 0
Mar  5 12:07:16 ci010 kernel: 20846051 | 28730 5604173 | 530 527647 425227 | 95 0
Mar  5 12:07:17 ci010 kernel: 20895602 | 28731 5653638 | 530 527647 425227 | 95 0
Mar  5 12:07:17 ci010 kernel: 20945198 | 28731 5703105 | 531 527647 425227 | 95 0
Mar  5 12:07:18 ci010 kernel: 20994791 | 28731 5752570 | 531 527647 425227 | 95 0
Mar  5 12:07:19 ci010 kernel: 21964811 | 28731 5782653 | 531 527647 425227 | 95 0
Mar  5 12:07:19 ci010 kernel: 22934831 | 28731 5782696 | 531 527647 425227 | 138 0
Mar  5 12:07:20 ci010 kernel: 23014528 | 28731 5832160 | 531 527647 425227 | 138 0
Mar  5 12:07:20 ci010 kernel: 23064014 | 28731 5880553 | 531 528652 425227 | 138 0
Mar  5 12:07:21 ci010 kernel: 23112495 | 28731 5928945 | 531 528652 425227 | 138 0
Mar  5 12:07:21 ci010 kernel: 23161092 | 28731 5977396 | 531 528652 425227 | 138 0
Mar  5 12:07:22 ci010 kernel: 23209686 | 28731 6025847 | 531 528652 425227 | 138 0
Mar  5 12:07:22 ci010 kernel: 23258233 | 28733 6074251 | 531 528652 425227 | 138 0
Mar  5 12:07:23 ci010 kernel: 23306784 | 28734 6122658 | 532 528653 425227 | 138 0
Mar  5 12:07:23 ci010 kernel: 23355170 | 28789 6170902 | 532 528654 425227 | 138 0
Mar  5 12:07:24 ci010 kernel: 23403664 | 28789 6219255 | 532 528709 425227 | 138 0
Mar  5 12:07:25 ci010 kernel: 23452114 | 28789 6267617 | 532 528710 425227 | 138 0
Mar  5 12:07:25 ci010 kernel: 23500557 | 28790 6315973 | 532 528710 425227 | 138 0
Mar  5 12:07:25 ci010 kernel: 23549034 | 28790 6364331 | 532 528711 425227 | 138 0
Mar  5 12:07:26 ci010 kernel: 23597491 | 28790 6412670 | 532 528711 425227 | 138 0
Mar  5 12:07:27 ci010 kernel: 23646011 | 28791 6461072 | 532 528711 425227 | 138 0
Mar  5 12:07:27 ci010 kernel: 23694493 | 28791 6509435 | 532 528712 425227 | 138 0
Mar  5 12:07:28 ci010 kernel: 23742882 | 28823 6557703 | 532 528712 425227 | 138 0
Mar  5 12:07:28 ci010 kernel: 23791332 | 28823 6606032 | 532 528744 425227 | 138 0
Mar  5 12:07:29 ci010 kernel: 23839751 | 28823 6654361 | 532 528744 425227 | 138 0
Mar  5 12:07:29 ci010 kernel: 23888167 | 28823 6702690 | 532 528744 425227 | 139 0
Mar  5 12:07:30 ci010 kernel: 23936613 | 28823 6751049 | 532 528744 425227 | 139 0
Mar  5 12:07:30 ci010 kernel: 24905519 | 28823 6752420 | 532 528744 425227 | 139 0
Mar  5 12:07:31 ci010 kernel: 25874425 | 28823 6752420 | 532 528744 425227 | 139 0
Mar  5 12:07:32 ci010 kernel: 25924434 | 28824 6800912 | 532 528744 425227 | 139 0
Mar  5 12:07:32 ci010 kernel: 25973075 | 28824 6849407 | 533 528744 425227 | 139 0
Mar  5 12:07:33 ci010 kernel: 26021489 | 28841 6897719 | 533 528744 425227 | 139 0
Mar  5 12:07:33 ci010 kernel: 26069936 | 28841 6946063 | 533 528761 425227 | 139 0
Mar  5 12:07:34 ci010 kernel: 26118367 | 28841 6994408 | 533 528761 425227 | 139 0
Mar  5 12:07:34 ci010 kernel: 26166794 | 28842 7042749 | 533 528761 425227 | 139 0
Mar  5 12:07:35 ci010 kernel: 26215223 | 28842 7091091 | 533 528762 425227 | 139 0
Mar  5 12:07:35 ci010 kernel: 26263651 | 28842 7139433 | 533 528762 425227 | 139 0
Mar  5 12:07:36 ci010 kernel: 26312079 | 28842 7187775 | 533 528762 425227 | 139 0
Mar  5 12:07:36 ci010 kernel: 26360496 | 28842 7236098 | 533 528762 425227 | 139 0
Mar  5 12:07:37 ci010 kernel: 26408913 | 28843 7284421 | 533 528762 425227 | 139 0
Mar  5 12:07:37 ci010 kernel: 26457313 | 28849 7332727 | 533 528763 425227 | 139 0
Mar  5 12:07:38 ci010 kernel: 26505722 | 28849 7381043 | 533 528769 425227 | 139 0
Mar  5 12:07:38 ci010 kernel: 26554119 | 28851 7429353 | 533 528769 425227 | 139 0
Mar  5 12:07:39 ci010 kernel: 26602520 | 28851 7477667 | 533 528771 425227 | 139 0
Mar  5 12:07:39 ci010 kernel: 26650920 | 28851 7525982 | 533 528771 425227 | 139 0
Mar  5 12:07:40 ci010 kernel: 26699321 | 28851 7574298 | 533 528771 425227 | 139 0
Mar  5 12:07:40 ci010 kernel: 26747722 | 28851 7622613 | 533 528771 425227 | 139 0
Mar  5 12:07:41 ci010 kernel: 26796157 | 28851 7670930 | 533 528771 425227 | 139 0
Mar  5 12:07:42 ci010 kernel: 26844647 | 28851 7719302 | 533 528771 425227 | 139 0
Mar  5 12:07:42 ci010 kernel: 27813529 | 28851 7721181 | 533 528771 425227 | 139 0
Mar  5 12:07:43 ci010 kernel: 28782411 | 28851 7721182 | 533 528771 425227 | 139 0
Mar  5 12:07:43 ci010 kernel: 28832646 | 28882 7769422 | 533 528771 425227 | 139 0
Mar  5 12:07:44 ci010 kernel: 28881067 | 28882 7817726 | 534 528801 425227 | 139 0
Mar  5 12:07:44 ci010 kernel: 28929499 | 28882 7866029 | 534 528801 425227 | 139 0
Mar  5 12:07:45 ci010 kernel: 28977959 | 28882 7914360 | 534 528801 425227 | 139 0
Mar  5 12:07:45 ci010 kernel: 29026419 | 28882 7962691 | 534 528801 425227 | 139 0
Mar  5 12:07:46 ci010 kernel: 29074862 | 28882 8011005 | 534 528801 425227 | 139 0
Mar  5 12:07:47 ci010 kernel: 29123411 | 28883 8059467 | 534 528801 425227 | 139 0
Mar  5 12:07:47 ci010 kernel: 29171963 | 28883 8107932 | 535 528801 425227 | 139 0
Mar  5 12:07:48 ci010 kernel: 29220384 | 28883 8156267 | 535 528801 425227 | 139 0
Mar  5 12:07:48 ci010 kernel: 29268803 | 28883 8204600 | 535 528801 425227 | 139 0
Mar  5 12:07:49 ci010 kernel: 29317219 | 28884 8252930 | 535 528801 425227 | 139 0
Mar  5 12:07:49 ci010 kernel: 29365637 | 28884 8301262 | 535 528802 425227 | 139 0
Mar  5 12:07:50 ci010 kernel: 29414054 | 28884 8349594 | 535 528802 425227 | 139 0
Mar  5 12:07:50 ci010 kernel: 29462472 | 28884 8397927 | 535 528802 425227 | 139 0
Mar  5 12:07:51 ci010 kernel: 29510889 | 28884 8446259 | 535 528802 425227 | 139 0
Mar  5 12:07:51 ci010 kernel: 29559310 | 28884 8494593 | 535 528802 425227 | 139 0
Mar  5 12:07:52 ci010 kernel: 29607781 | 28884 8542977 | 535 528802 425227 | 139 0
Mar  5 12:07:52 ci010 kernel: 29656252 | 28884 8591361 | 535 528802 425227 | 139 0
Mar  5 12:07:53 ci010 kernel: 29704678 | 28884 8639700 | 535 528802 425227 | 139 0
Mar  5 12:07:53 ci010 kernel: 29753097 | 28886 8688032 | 535 528802 425227 | 139 0
Mar  5 12:07:54 ci010 kernel: 30721981 | 28886 8689943 | 536 528803 425227 | 139 0
Mar  5 12:07:55 ci010 kernel: 31690863 | 28886 8689943 | 536 528803 425227 | 139 0
Mar  5 12:07:55 ci010 kernel: 31741197 | 28886 8738278 | 536 528803 425227 | 139 0
Mar  5 12:07:56 ci010 kernel: 31789621 | 28886 8786614 | 536 528803 425227 | 139 0
Mar  5 12:07:56 ci010 kernel: 31838053 | 28886 8834929 | 536 528803 425227 | 139 0
Mar  5 12:07:57 ci010 kernel: 31886570 | 28886 8883329 | 536 528803 425227 | 139 0
Mar  5 12:07:57 ci010 kernel: 31935083 | 28887 8931726 | 536 528803 425227 | 139 0
Mar  5 12:07:58 ci010 kernel: 31983536 | 28887 8980063 | 537 528803 425227 | 139 0
Mar  5 12:07:58 ci010 kernel: 32031941 | 28917 9028310 | 537 528803 425227 | 139 0
Mar  5 12:07:59 ci010 kernel: 32080407 | 28917 9076617 | 537 528833 425227 | 139 0
Mar  5 12:07:59 ci010 kernel: 32128843 | 28917 9124924 | 537 528833 425227 | 139 0
Mar  5 12:08:00 ci010 kernel: 32177309 | 28917 9173261 | 537 528833 425227 | 139 0
Mar  5 12:08:00 ci010 kernel: 32225774 | 28917 9221597 | 537 528833 425227 | 139 0
Mar  5 12:08:01 ci010 kernel: 32274240 | 28917 9269934 | 537 528833 425227 | 139 0
Mar  5 12:08:01 ci010 kernel: 32322664 | 28917 9318271 | 537 528833 425227 | 139 0
Mar  5 12:08:02 ci010 kernel: 32371213 | 28918 9366733 | 537 528833 425227 | 139 0
Mar  5 12:08:02 ci010 kernel: 32419639 | 28918 9415072 | 538 528833 425227 | 139 0
Mar  5 12:08:03 ci010 kernel: 32468066 | 28918 9463412 | 538 528833 425227 | 139 0
Mar  5 12:08:04 ci010 kernel: 32516489 | 28919 9511748 | 538 528833 425227 | 139 0
Mar  5 12:08:04 ci010 kernel: 32564912 | 28920 9560084 | 538 528834 425227 | 139 0
Mar  5 12:08:05 ci010 kernel: 32613333 | 28920 9608419 | 538 528835 425227 | 139 0
Mar  5 12:08:05 ci010 kernel: 32661755 | 28920 9656756 | 538 528835 425227 | 139 0
Mar  5 12:08:06 ci010 kernel: 33630638 | 28920 9658705 | 538 528835 425227 | 139 0
Mar  5 12:08:06 ci010 kernel: 34599521 | 28920 9658705 | 538 528835 425227 | 139 0
Mar  5 12:08:07 ci010 kernel: 34649936 | 28920 9707084 | 538 528835 425227 | 139 0
Mar  5 12:08:07 ci010 kernel: 34698399 | 28921 9755460 | 538 528835 425227 | 139 0
Mar  5 12:08:08 ci010 kernel: 34746816 | 28922 9803789 | 538 528836 425227 | 139 0
Mar  5 12:08:08 ci010 kernel: 34795234 | 28922 9852120 | 538 528837 425227 | 139 0
Mar  5 12:08:09 ci010 kernel: 34843651 | 28922 9900451 | 538 528837 425227 | 139 0
Mar  5 12:08:09 ci010 kernel: 34892068 | 28922 9948781 | 538 528837 425227 | 139 0
Mar  5 12:08:10 ci010 kernel: 34940486 | 28922 9997113 | 538 528837 425227 | 139 0
Mar  5 12:08:11 ci010 kernel: 34988903 | 28922 10045444 | 538 528837 425227 | 139 0
Mar  5 12:08:11 ci010 kernel: 35037321 | 28922 10093776 | 538 528837 425227 | 139 0
Mar  5 12:08:12 ci010 kernel: 35085932 | 28923 10142271 | 538 528837 425227 | 139 0
Mar  5 12:08:12 ci010 kernel: 35134546 | 28923 10190769 | 539 528837 425227 | 139 0
Mar  5 12:08:13 ci010 kernel: 35182999 | 28923 10239107 | 539 528837 425227 | 139 0
Mar  5 12:08:13 ci010 kernel: 35231496 | 28923 10287446 | 539 528837 425227 | 139 0
Mar  5 12:08:14 ci010 kernel: 35279903 | 28953 10335695 | 539 528837 425227 | 139 0
Mar  5 12:08:14 ci010 kernel: 35328368 | 28953 10384001 | 539 528867 425227 | 139 0
Mar  5 12:08:15 ci010 kernel: 35376833 | 28953 10432337 | 539 528867 425227 | 139 0
Mar  5 12:08:15 ci010 kernel: 35425298 | 28953 10480673 | 539 528867 425227 | 139 0
Mar  5 12:08:16 ci010 kernel: 35473762 | 28953 10529008 | 539 528867 425227 | 139 0
Mar  5 12:08:16 ci010 kernel: 35522166 | 28953 10577324 | 539 528867 425227 | 139 0
Mar  5 12:08:17 ci010 kernel: 35570682 | 28954 10625752 | 539 528867 425227 | 139 0
Mar  5 12:08:17 ci010 kernel: 36539565 | 28954 10627467 | 540 528867 425227 | 139 0
Mar  5 12:08:18 ci010 kernel: 37508447 | 28954 10627467 | 540 528867 425227 | 139 0
Mar  5 12:08:19 ci010 kernel: 37558577 | 28956 10675795 | 540 528867 425227 | 139 0
Mar  5 12:08:19 ci010 kernel: 37606995 | 28956 10724126 | 540 528869 425227 | 139 0
Mar  5 12:08:20 ci010 kernel: 37655412 | 28956 10772458 | 540 528869 425227 | 139 0
Mar  5 12:08:20 ci010 kernel: 37703830 | 28956 10820791 | 540 528869 425227 | 139 0
Mar  5 12:08:21 ci010 kernel: 37752250 | 28956 10869125 | 540 528869 425227 | 139 0
Mar  5 12:08:21 ci010 kernel: 37800670 | 28956 10917459 | 540 528869 425227 | 139 0
Mar  5 12:08:22 ci010 kernel: 37849228 | 28956 10965929 | 540 528869 425227 | 139 0
Mar  5 12:08:22 ci010 kernel: 37897786 | 28956 11014399 | 540 528869 425227 | 139 0
Mar  5 12:08:23 ci010 kernel: 37946216 | 28956 11062743 | 540 528869 425227 | 139 0
Mar  5 12:08:23 ci010 kernel: 37994646 | 28956 11111087 | 540 528869 425227 | 139 0
Mar  5 12:08:24 ci010 kernel: 38043070 | 28957 11159424 | 540 528869 425227 | 139 0
Mar  5 12:08:24 ci010 kernel: 38091497 | 28957 11207764 | 541 528869 425227 | 139 0
Mar  5 12:08:25 ci010 kernel: 38139929 | 28957 11256109 | 542 528869 425227 | 139 0
Mar  5 12:08:25 ci010 kernel: 38188360 | 28957 11304454 | 542 528869 425227 | 139 0
Mar  5 12:08:26 ci010 kernel: 38236794 | 28957 11352802 | 542 528869 425227 | 139 0
Mar  5 12:08:26 ci010 kernel: 38285235 | 28957 11401127 | 542 528869 425227 | 139 0
Mar  5 12:08:27 ci010 kernel: 38333896 | 28958 11449672 | 542 528869 425227 | 139 0
Mar  5 12:08:27 ci010 kernel: 38382389 | 28958 11498049 | 542 528870 425227 | 139 0
Mar  5 12:08:28 ci010 kernel: 38430927 | 28958 11546427 | 542 528870 425227 | 139 0
Mar  5 12:08:29 ci010 kernel: 38479374 | 28988 11594714 | 542 528870 425227 | 139 0
Mar  5 12:08:29 ci010 kernel: 39448263 | 28988 11596184 | 542 528900 425227 | 139 0
Mar  5 12:08:30 ci010 kernel: 40417122 | 28988 11596229 | 542 528900 425227 | 139 0
Mar  5 12:08:30 ci010 kernel: 40467056 | 28988 11644607 | 542 528900 425227 | 139 0
Mar  5 12:08:31 ci010 kernel: 40515517 | 28988 11692981 | 542 528900 425227 | 139 0
Mar  5 12:08:31 ci010 kernel: 40563977 | 28988 11741354 | 542 528900 425227 | 139 0
Mar  5 12:08:32 ci010 kernel: 40612482 | 28989 11789771 | 542 528900 425227 | 139 0
Mar  5 12:08:32 ci010 kernel: 40660990 | 28989 11838191 | 543 528900 425227 | 139 0
Mar  5 12:08:33 ci010 kernel: 40709458 | 28989 11886571 | 543 528900 425227 | 139 0
Mar  5 12:08:33 ci010 kernel: 40757926 | 28989 11934951 | 543 528900 425227 | 139 0
Mar  5 12:08:34 ci010 kernel: 40806381 | 28992 11983318 | 543 528900 425227 | 139 0
Mar  5 12:08:34 ci010 kernel: 40854844 | 28992 12031691 | 543 528903 425227 | 139 0
Mar  5 12:08:35 ci010 kernel: 40903306 | 28992 12080066 | 543 528903 425227 | 139 0
Mar  5 12:08:35 ci010 kernel: 40951769 | 28992 12128442 | 543 528903 425227 | 139 0
Mar  5 12:08:36 ci010 kernel: 41000210 | 28992 12176796 | 543 528903 425227 | 139 0
Mar  5 12:08:37 ci010 kernel: 41048658 | 28992 12225153 | 543 528903 425227 | 139 0
Mar  5 12:08:37 ci010 kernel: 41097168 | 28992 12273570 | 543 528903 425227 | 139 0
Mar  5 12:08:38 ci010 kernel: 41145622 | 28996 12321931 | 543 528903 425227 | 139 0
Mar  5 12:08:38 ci010 kernel: 41194073 | 29000 12370289 | 543 528907 425227 | 139 0
Mar  5 12:08:39 ci010 kernel: 41242527 | 29000 12418654 | 543 528911 425227 | 139 0
Mar  5 12:08:39 ci010 kernel: 41290978 | 29000 12467020 | 543 528911 425227 | 139 0
Mar  5 12:08:40 ci010 kernel: 41339428 | 29000 12515385 | 543 528911 425227 | 139 0
Mar  5 12:08:40 ci010 kernel: 41387881 | 29000 12563753 | 543 528911 425227 | 139 0
Mar  5 12:08:41 ci010 kernel: 42356764 | 29000 12564946 | 543 528911 425227 | 139 0
Mar  5 12:08:41 ci010 kernel: 43325647 | 29000 12564946 | 543 528911 425227 | 139 0
Mar  5 12:08:42 ci010 kernel: 43375419 | 29000 12613367 | 543 528911 425227 | 139 0
Mar  5 12:08:42 ci010 kernel: 43423998 | 29000 12661788 | 543 528911 425227 | 139 0
Mar  5 12:08:43 ci010 kernel: 43472395 | 29030 12710070 | 543 528911 425227 | 139 0
Mar  5 12:08:43 ci010 kernel: 43520848 | 29030 12758408 | 543 528941 425227 | 139 0
Mar  5 12:08:44 ci010 kernel: 43569272 | 29030 12806746 | 543 528941 425227 | 139 0
Mar  5 12:08:45 ci010 kernel: 43617696 | 29030 12855084 | 543 528941 425227 | 139 0
Mar  5 12:08:45 ci010 kernel: 43666148 | 29030 12903450 | 543 528941 425227 | 139 0
Mar  5 12:08:46 ci010 kernel: 43714601 | 29030 12951817 | 543 528941 425227 | 139 0
Mar  5 12:08:46 ci010 kernel: 43763035 | 29030 13000165 | 543 528941 425227 | 139 0
Mar  5 12:08:47 ci010 kernel: 43811643 | 29031 13048684 | 543 528941 425227 | 139 0
Mar  5 12:08:47 ci010 kernel: 43860280 | 29031 13097232 | 544 528941 425227 | 139 0
Mar  5 12:08:48 ci010 kernel: 43908741 | 29031 13145604 | 544 528941 425227 | 139 0
Mar  5 12:08:48 ci010 kernel: 43957204 | 29031 13193977 | 544 528941 425227 | 139 0
Mar  5 12:08:49 ci010 kernel: 44005656 | 29034 13242340 | 544 528941 425227 | 139 0
Mar  5 12:08:49 ci010 kernel: 44054115 | 29034 13290710 | 544 528944 425227 | 139 0
Mar  5 12:08:50 ci010 kernel: 44102569 | 29034 13339079 | 544 528944 425227 | 139 0
Mar  5 12:08:50 ci010 kernel: 44151023 | 29034 13387448 | 544 528944 425227 | 139 0
Mar  5 12:08:51 ci010 kernel: 44199477 | 29034 13435817 | 544 528944 425227 | 139 0
Mar  5 12:08:51 ci010 kernel: 44247931 | 29034 13484186 | 544 528944 425227 | 139 0
Mar  5 12:08:52 ci010 kernel: 44296565 | 29034 13532733 | 544 528944 425227 | 139 0
Mar  5 12:08:53 ci010 kernel: 45265448 | 29034 13533708 | 544 528944 425227 | 139 0
Mar  5 12:08:53 ci010 kernel: 46234331 | 29034 13533708 | 544 528944 425227 | 139 0
Mar  5 12:08:54 ci010 kernel: 46283764 | 29034 13582079 | 544 528944 425227 | 139 0
Mar  5 12:08:54 ci010 kernel: 46332217 | 29036 13630445 | 544 528944 425227 | 139 0
Mar  5 12:08:55 ci010 kernel: 46380717 | 29036 13678815 | 545 528945 425227 | 139 0
Mar  5 12:08:55 ci010 kernel: 46429217 | 29036 13727187 | 545 528945 425227 | 139 0
Mar  5 12:08:56 ci010 kernel: 46477716 | 29036 13775558 | 545 528945 425227 | 139 0
Mar  5 12:08:56 ci010 kernel: 46526193 | 29036 13823907 | 545 528945 425227 | 139 0
Mar  5 12:08:57 ci010 kernel: 46574726 | 29036 13872326 | 545 528945 425227 | 139 0
Mar  5 12:08:57 ci010 kernel: 46623259 | 29036 13920745 | 545 528945 425227 | 139 0
Mar  5 12:08:58 ci010 kernel: 46671742 | 29036 13969114 | 545 528945 425227 | 139 0
Mar  5 12:08:58 ci010 kernel: 46720226 | 29036 14017484 | 545 528945 425227 | 139 0
Mar  5 12:08:59 ci010 kernel: 46768624 | 29065 14065767 | 545 528945 425227 | 139 0
Mar  5 12:09:00 ci010 kernel: 46817079 | 29065 14114107 | 546 528973 425227 | 139 0
Mar  5 12:09:00 ci010 kernel: 46865533 | 29065 14162475 | 546 528973 425227 | 139 0
Mar  5 12:09:01 ci010 kernel: 46913988 | 29065 14210843 | 546 528973 425227 | 139 0
Mar  5 12:09:01 ci010 kernel: 46962442 | 29065 14259210 | 546 528973 425227 | 139 0
Mar  5 12:09:02 ci010 kernel: 47010901 | 29065 14307578 | 546 528973 425227 | 139 0
Mar  5 12:09:02 ci010 kernel: 47059406 | 29066 14355992 | 546 528973 425227 | 139 0
Mar  5 12:09:03 ci010 kernel: 47107913 | 29066 14404409 | 547 528973 425227 | 139 0
Mar  5 12:09:03 ci010 kernel: 47156370 | 29066 14452777 | 547 528973 425227 | 139 0
Mar  5 12:09:04 ci010 kernel: 47204818 | 29069 14501136 | 547 528973 425227 | 139 0
Mar  5 12:09:04 ci010 kernel: 48173701 | 29070 14502470 | 547 528976 425227 | 139 0
Mar  5 12:09:05 ci010 kernel: 49142581 | 29070 14502470 | 547 528977 425227 | 139 0
Mar  5 12:09:05 ci010 kernel: 49192368 | 29070 14550838 | 547 528977 425227 | 139 0
Mar  5 12:09:06 ci010 kernel: 49240805 | 29070 14599190 | 547 528977 425227 | 139 0
Mar  5 12:09:06 ci010 kernel: 49289246 | 29070 14647545 | 547 528977 425227 | 139 0
Mar  5 12:09:07 ci010 kernel: 49337758 | 29070 14695970 | 547 528977 425227 | 139 0
Mar  5 12:09:08 ci010 kernel: 49386270 | 29070 14744395 | 547 528977 425227 | 139 0
Mar  5 12:09:08 ci010 kernel: 49434729 | 29070 14792767 | 547 528977 425227 | 139 0
Mar  5 12:09:09 ci010 kernel: 49483228 | 29071 14841136 | 547 528977 425227 | 139 0
Mar  5 12:09:09 ci010 kernel: 49531726 | 29072 14889504 | 547 528978 425227 | 139 0
Mar  5 12:09:10 ci010 kernel: 49580221 | 29072 14937870 | 547 528979 425227 | 139 0
Mar  5 12:09:10 ci010 kernel: 49628716 | 29072 14986237 | 547 528979 425227 | 139 0
Mar  5 12:09:11 ci010 kernel: 49677211 | 29072 15034604 | 547 528979 425227 | 139 0
Mar  5 12:09:11 ci010 kernel: 49725706 | 29072 15082970 | 547 528979 425227 | 139 0
Mar  5 12:09:12 ci010 kernel: 49774187 | 29072 15131337 | 547 528979 425227 | 139 0
Mar  5 12:09:12 ci010 kernel: 49822717 | 29072 15179753 | 547 528979 425227 | 139 0
Mar  5 12:09:13 ci010 kernel: 49871198 | 29072 15228120 | 547 528979 425227 | 139 0
Mar  5 12:09:13 ci010 kernel: 49919676 | 29073 15276484 | 547 528979 425227 | 139 0
Mar  5 12:09:14 ci010 kernel: 49968073 | 29101 15324767 | 548 528979 425227 | 139 0
Mar  5 12:09:14 ci010 kernel: 50016526 | 29101 15373105 | 548 529007 425227 | 139 0
Mar  5 12:09:15 ci010 kernel: 50064953 | 29101 15421444 | 548 529007 425227 | 139 0
Mar  5 12:09:16 ci010 kernel: 50113407 | 29101 15469810 | 548 529007 425227 | 139 0
Mar  5 12:09:16 ci010 kernel: 51082289 | 29101 15471231 | 548 529007 425227 | 139 0
Mar  5 12:09:17 ci010 kernel: 52051171 | 29101 15471231 | 548 529007 425227 | 139 0
Mar  5 12:09:17 ci010 kernel: 52101096 | 29102 15519644 | 548 529007 425227 | 139 0
Mar  5 12:09:18 ci010 kernel: 52149602 | 29102 15568060 | 549 529007 425227 | 139 0
Mar  5 12:09:18 ci010 kernel: 52198050 | 29106 15616419 | 549 529007 425227 | 139 0
Mar  5 12:09:19 ci010 kernel: 52246506 | 29106 15664786 | 549 529011 425227 | 139 0
Mar  5 12:09:19 ci010 kernel: 52294954 | 29106 15713149 | 549 529011 425227 | 139 0
Mar  5 12:09:20 ci010 kernel: 52343402 | 29106 15761512 | 549 529011 425227 | 139 0
Mar  5 12:09:20 ci010 kernel: 52391854 | 29106 15809879 | 549 529011 425227 | 139 0
Mar  5 12:09:21 ci010 kernel: 52440306 | 29106 15858246 | 549 529011 425227 | 139 0
Mar  5 12:09:21 ci010 kernel: 52488759 | 29106 15906614 | 549 529011 425227 | 139 0
Mar  5 12:09:22 ci010 kernel: 52537268 | 29106 15955037 | 549 529011 425227 | 139 0
Mar  5 12:09:23 ci010 kernel: 52585728 | 29106 16003411 | 549 529011 425227 | 139 0
Mar  5 12:09:23 ci010 kernel: 52634188 | 29106 16051785 | 549 529011 425227 | 139 0
Mar  5 12:09:24 ci010 kernel: 52682691 | 29106 16100159 | 549 529011 425227 | 139 0
Mar  5 12:09:24 ci010 kernel: 52731191 | 29107 16148530 | 549 529011 425227 | 139 0
Mar  5 12:09:25 ci010 kernel: 52779694 | 29107 16196904 | 550 529011 425227 | 139 0
Mar  5 12:09:25 ci010 kernel: 52828195 | 29107 16245277 | 550 529011 425227 | 139 0
Mar  5 12:09:26 ci010 kernel: 52876576 | 29107 16293281 | 550 529302 425227 | 139 0
Mar  5 12:09:26 ci010 kernel: 52924642 | 29107 16341261 | 550 529302 425227 | 139 0
Mar  5 12:09:27 ci010 kernel: 52972708 | 29108 16389241 | 550 529302 425227 | 139 0
Mar  5 12:09:27 ci010 kernel: 53020876 | 29108 16437296 | 550 529303 425227 | 139 0
Mar  5 12:09:28 ci010 kernel: 53989410 | 29108 16439950 | 550 529303 425227 | 139 0
Mar  5 12:09:28 ci010 kernel: 54957944 | 29135 16439950 | 550 529303 425227 | 139 0
Mar  5 12:09:29 ci010 kernel: 55008684 | 29135 16487924 | 550 529330 425227 | 139 0
Mar  5 12:09:30 ci010 kernel: 55056744 | 29135 16535898 | 550 529330 425227 | 139 0
Mar  5 12:09:30 ci010 kernel: 55104801 | 29136 16583869 | 550 529330 425227 | 139 0
Mar  5 12:09:31 ci010 kernel: 55152860 | 29136 16631841 | 550 529331 425227 | 139 0
Mar  5 12:09:31 ci010 kernel: 55200922 | 29136 16679814 | 550 529331 425227 | 139 0
Mar  5 12:09:32 ci010 kernel: 55248982 | 29136 16727786 | 550 529331 425227 | 139 0
Mar  5 12:09:32 ci010 kernel: 55297209 | 29139 16775925 | 550 529331 425227 | 139 0
Mar  5 12:09:33 ci010 kernel: 55345442 | 29139 16824070 | 550 529334 425227 | 139 0
Mar  5 12:09:33 ci010 kernel: 55393501 | 29139 16872043 | 550 529334 425227 | 139 0
Mar  5 12:09:34 ci010 kernel: 55441561 | 29139 16920017 | 550 529334 425227 | 139 0
Mar  5 12:09:34 ci010 kernel: 55489618 | 29140 16967988 | 550 529334 425227 | 139 0
Mar  5 12:09:35 ci010 kernel: 55537677 | 29140 17015961 | 550 529335 425227 | 139 0
Mar  5 12:09:35 ci010 kernel: 55585731 | 29140 17063930 | 550 529335 425227 | 139 0
Mar  5 12:09:36 ci010 kernel: 55633785 | 29140 17111899 | 550 529335 425227 | 139 0
Mar  5 12:09:36 ci010 kernel: 55681818 | 29140 17159846 | 550 529335 425227 | 139 0
Mar  5 12:09:37 ci010 kernel: 55729866 | 29141 17207793 | 550 529335 425227 | 139 0
Mar  5 12:09:37 ci010 kernel: 55778112 | 29141 17255936 | 550 529336 425227 | 139 0
Mar  5 12:09:38 ci010 kernel: 55826312 | 29156 17304034 | 550 529336 425227 | 139 0
Mar  5 12:09:38 ci010 kernel: 55874364 | 29158 17351984 | 550 529351 425227 | 139 0
Mar  5 12:09:39 ci010 kernel: 55922401 | 29158 17399934 | 550 529353 425227 | 139 0
Mar  5 12:09:39 ci010 kernel: 56890885 | 29158 17408349 | 550 529353 425227 | 139 0
Mar  5 12:09:40 ci010 kernel: 57859369 | 29158 17408349 | 550 529353 425227 | 139 0
Mar  5 12:09:41 ci010 kernel: 57915818 | 29158 17456298 | 550 529353 425227 | 139 0
Mar  5 12:09:41 ci010 kernel: 57963853 | 29158 17504248 | 550 529353 425227 | 139 0
Mar  5 12:09:42 ci010 kernel: 58011887 | 29158 17552197 | 550 529353 425227 | 139 0
Mar  5 12:09:42 ci010 kernel: 58059964 | 29158 17600189 | 550 529353 425227 | 139 0
Mar  5 12:09:43 ci010 kernel: 58108041 | 29158 17648181 | 550 529353 425227 | 139 0
Mar  5 12:09:43 ci010 kernel: 58156079 | 29158 17696134 | 550 529353 425227 | 139 0
Mar  5 12:09:44 ci010 kernel: 58204118 | 29158 17744088 | 550 529353 425227 | 139 0
Mar  5 12:09:44 ci010 kernel: 58252157 | 29158 17792042 | 550 529353 425227 | 139 0
Mar  5 12:09:45 ci010 kernel: 58300195 | 29158 17839995 | 550 529353 425227 | 139 0
Mar  5 12:09:45 ci010 kernel: 58348230 | 29158 17887945 | 550 529353 425227 | 139 0
Mar  5 12:09:46 ci010 kernel: 58396264 | 29158 17935894 | 550 529353 425227 | 139 0
Mar  5 12:09:46 ci010 kernel: 58444275 | 29158 17983820 | 550 529353 425227 | 139 0
Mar  5 12:09:47 ci010 kernel: 58492289 | 29158 18031749 | 550 529353 425227 | 139 0
Mar  5 12:09:47 ci010 kernel: 58540368 | 29158 18079743 | 550 529353 425227 | 139 0
Mar  5 12:09:48 ci010 kernel: 58588403 | 29158 18127693 | 550 529353 425227 | 139 0
Mar  5 12:09:49 ci010 kernel: 58636435 | 29158 18175640 | 550 529353 425227 | 139 0
Mar  5 12:09:49 ci010 kernel: 58684467 | 29158 18223587 | 550 529353 425227 | 139 0
Mar  5 12:09:50 ci010 kernel: 58732499 | 29158 18271534 | 550 529353 425227 | 139 0
Mar  5 12:09:50 ci010 kernel: 58780530 | 29158 18319480 | 550 529353 425227 | 139 0
Mar  5 12:09:51 ci010 kernel: 58828562 | 29158 18367427 | 550 529353 425227 | 139 0
Mar  5 12:09:51 ci010 kernel: 59797047 | 29158 18376748 | 550 529353 425227 | 139 0
Mar  5 12:09:52 ci010 kernel: 60765533 | 29158 18376748 | 550 529353 425227 | 139 0
Mar  5 12:09:52 ci010 kernel: 60822941 | 29158 18424749 | 550 529353 425227 | 139 0
Mar  5 12:09:53 ci010 kernel: 60871028 | 29158 18472750 | 550 529353 425227 | 139 0
Mar  5 12:09:53 ci010 kernel: 60919070 | 29158 18520706 | 550 529353 425227 | 139 0
Mar  5 12:09:54 ci010 kernel: 60967108 | 29159 18568658 | 550 529353 425227 | 139 0
Mar  5 12:09:54 ci010 kernel: 61015150 | 29159 18616614 | 551 529353 425227 | 139 0
Mar  5 12:09:55 ci010 kernel: 61063187 | 29159 18664565 | 551 529353 425227 | 139 0
Mar  5 12:09:56 ci010 kernel: 61111224 | 29159 18712516 | 551 529353 425227 | 139 0
Mar  5 12:09:56 ci010 kernel: 61159242 | 29159 18760448 | 551 529353 425227 | 139 0
Mar  5 12:09:57 ci010 kernel: 61207263 | 29159 18808383 | 551 529353 425227 | 139 0
Mar  5 12:09:57 ci010 kernel: 61255353 | 29159 18856388 | 551 529353 425227 | 139 0
Mar  5 12:09:58 ci010 kernel: 61303444 | 29159 18904393 | 551 529353 425227 | 139 0
Mar  5 12:09:58 ci010 kernel: 61351485 | 29159 18952348 | 551 529353 425227 | 139 0
Mar  5 12:09:59 ci010 kernel: 61399527 | 29159 19000304 | 551 529353 425227 | 139 0
Mar  5 12:09:59 ci010 kernel: 61447569 | 29159 19048260 | 551 529353 425227 | 139 0
Mar  5 12:10:00 ci010 kernel: 61495611 | 29159 19096216 | 551 529353 425227 | 139 0
Mar  5 12:10:00 ci010 kernel: 61543653 | 29159 19144172 | 551 529353 425227 | 139 0
Mar  5 12:10:01 ci010 kernel: 61591691 | 29160 19192124 | 551 529353 425227 | 139 0
Mar  5 12:10:01 ci010 kernel: 61639732 | 29160 19240079 | 551 529354 425227 | 139 0
Mar  5 12:10:02 ci010 kernel: 61687772 | 29160 19288034 | 551 529354 425227 | 139 0
