Mar  5 12:56:04 ci010 kernel: 5 | 0 0 | 0 0 0 | 0 0
Mar  5 12:56:05 ci010 kernel: 490 | 0 0 | 0 0 0 | 0 0
Mar  5 12:56:06 ci010 kernel: 957117 | 83 70 | 7 13 0 | 0 0
Mar  5 12:56:07 ci010 kernel: 960388 | 38 215 | 0 156 5 | 0 0
Mar  5 12:56:07 ci010 kernel: 960232 | 185 1033 | 0 257 1 | 0 0
Mar  5 12:56:08 ci010 kernel: 959979 | 227 291 | 0 1220 3 | 0 0
Mar  5 12:56:09 ci010 kernel: 958758 | 226 10 | 0 520 1 | 0 0
Mar  5 12:56:09 ci010 kernel: 269381 | 77 49449 | 0 237 0 | 0 0
Mar  5 12:56:10 ci010 kernel: 37873 | 0 20508 | 0 17365 0 | 0 0
Mar  5 12:56:10 ci010 kernel: 29753 | 0 28123 | 0 1630 0 | 0 0
Mar  5 12:56:10 ci010 kernel: 27010 | 0 16742 | 0 10268 0 | 0 0
Mar  5 12:56:11 ci010 kernel: 23751 | 0 16763 | 0 6988 0 | 0 0
Mar  5 12:56:11 ci010 kernel: 21411 | 0 11691 | 0 9720 0 | 0 0
Mar  5 12:56:12 ci010 kernel: 21056 | 0 10428 | 0 10628 0 | 0 0
Mar  5 12:56:12 ci010 kernel: 21100 | 0 10540 | 0 10560 0 | 0 0
Mar  5 12:56:13 ci010 kernel: 20107 | 0 12567 | 0 7540 0 | 0 0
Mar  5 12:56:13 ci010 kernel: 18760 | 0 10213 | 0 8547 0 | 0 0
Mar  5 12:56:14 ci010 kernel: 17857 | 0 10333 | 0 7524 0 | 0 0
Mar  5 12:56:14 ci010 kernel: 17800 | 0 7660 | 0 10140 0 | 0 0
Mar  5 12:56:15 ci010 kernel: 18778 | 0 8182 | 0 10596 0 | 0 0
Mar  5 12:56:15 ci010 kernel: 19587 | 0 8979 | 0 10608 0 | 0 0
Mar  5 12:56:16 ci010 kernel: 19872 | 0 9276 | 0 10596 0 | 0 0
Mar  5 12:56:16 ci010 kernel: 20567 | 0 9973 | 0 10594 0 | 0 0
Mar  5 12:56:17 ci010 kernel: 20772 | 0 10176 | 0 10596 0 | 0 0
Mar  5 12:56:17 ci010 kernel: 20913 | 0 10321 | 0 10592 0 | 0 0
Mar  5 12:56:18 ci010 kernel: 21071 | 0 10460 | 0 10611 0 | 0 0
Mar  5 12:56:18 ci010 kernel: 493280 | 23 10400 | 0 10579 0 | 0 0
Mar  5 12:56:19 ci010 kernel: 19424 | 0 13714 | 0 5710 0 | 0 0
Mar  5 12:56:20 ci010 kernel: 17733 | 0 9253 | 0 8480 0 | 0 0
Mar  5 12:56:20 ci010 kernel: 18175 | 0 7595 | 0 10580 0 | 0 0
Mar  5 12:56:21 ci010 kernel: 18964 | 0 9001 | 0 9963 0 | 0 0
Mar  5 12:56:21 ci010 kernel: 18758 | 0 10374 | 0 8384 0 | 0 0
Mar  5 12:56:21 ci010 kernel: 18609 | 0 8682 | 0 9927 0 | 0 0
Mar  5 12:56:22 ci010 kernel: 19247 | 0 8652 | 0 10595 0 | 0 0
Mar  5 12:56:23 ci010 kernel: 19893 | 0 9301 | 0 10592 0 | 0 0
Mar  5 12:56:23 ci010 kernel: 19893 | 0 10938 | 0 8955 0 | 0 0
Mar  5 12:56:24 ci010 kernel: 19068 | 0 10262 | 0 8806 0 | 0 0
Mar  5 12:56:24 ci010 kernel: 19137 | 0 8542 | 0 10595 0 | 0 0
Mar  5 12:56:25 ci010 kernel: 19856 | 0 9280 | 0 10576 0 | 0 0
Mar  5 12:56:25 ci010 kernel: 19154 | 0 11986 | 0 7168 0 | 0 0
Mar  5 12:56:26 ci010 kernel: 18494 | 0 8000 | 0 10494 0 | 0 0
Mar  5 12:56:26 ci010 kernel: 18417 | 0 11137 | 0 7280 0 | 0 0
Mar  5 12:56:27 ci010 kernel: 17491 | 0 9124 | 0 8367 0 | 0 0
Mar  5 12:56:27 ci010 kernel: 17983 | 0 7388 | 0 10595 0 | 0 0
Mar  5 12:56:28 ci010 kernel: 19056 | 0 8444 | 0 10612 0 | 0 0
Mar  5 12:56:28 ci010 kernel: 19769 | 0 9189 | 0 10580 0 | 0 0
Mar  5 12:56:29 ci010 kernel: 19988 | 0 9379 | 0 10609 0 | 0 0
Mar  5 12:56:29 ci010 kernel: 21830 | 0 7692 | 0 14138 0 | 0 0
Mar  5 12:56:30 ci010 kernel: 22790 | 0 12210 | 0 10580 0 | 0 0
Mar  5 12:56:30 ci010 kernel: 194569 | 0 14910 | 0 5719 0 | 0 0
Mar  5 12:56:31 ci010 kernel: 19650 | 0 7674 | 0 11976 0 | 0 0
Mar  5 12:56:31 ci010 kernel: 21727 | 0 7819 | 0 13908 0 | 0 0
Mar  5 12:56:32 ci010 kernel: 22724 | 0 11919 | 0 10805 0 | 0 0
Mar  5 12:56:32 ci010 kernel: 23435 | 0 9372 | 1 14062 0 | 0 0
Mar  5 12:56:33 ci010 kernel: 23922 | 0 13228 | 0 10694 0 | 0 0
Mar  5 12:56:33 ci010 kernel: 24175 | 0 10049 | 2 14124 0 | 0 0
Mar  5 12:56:34 ci010 kernel: 24314 | 0 13703 | 0 10611 0 | 0 0
Mar  5 12:56:35 ci010 kernel: 24509 | 0 10361 | 6 14142 0 | 0 0
Mar  5 12:56:35 ci010 kernel: 25345 | 0 12475 | 0 12870 0 | 0 0
Mar  5 12:56:36 ci010 kernel: 49955 | 0 46386 | 0 3569 0 | 0 0
Mar  5 12:56:36 ci010 kernel: 965066 | 8 28442 | 0 0 0 | 0 0
Mar  5 12:56:37 ci010 kernel: 49976 | 0 49968 | 0 8 0 | 0 0
Mar  5 12:56:37 ci010 kernel: 49969 | 0 49969 | 0 0 0 | 0 0
Mar  5 12:56:38 ci010 kernel: 49968 | 0 49968 | 0 0 0 | 0 0
Mar  5 12:56:38 ci010 kernel: 49985 | 0 49968 | 0 1 16 | 0 0
Mar  5 12:56:39 ci010 kernel: 49631 | 0 49631 | 0 0 0 | 0 0
Mar  5 12:56:39 ci010 kernel: 969783 | 24 25406 | 0 0 0 | 0 0
Mar  5 12:56:40 ci010 kernel: 969783 | 77 3287 | 0 23 1 | 0 0
Mar  5 12:56:41 ci010 kernel: 969760 | 37 0 | 0 77 0 | 0 0
Mar  5 12:56:41 ci010 kernel: 49772 | 10 49436 | 0 37 0 | 0 0
Mar  5 12:56:42 ci010 kernel: 49363 | 0 49343 | 0 11 9 | 0 0
Mar  5 12:56:42 ci010 kernel: 969643 | 31 30448 | 0 0 0 | 0 0
Mar  5 12:56:43 ci010 kernel: 49347 | 0 49316 | 0 30 1 | 0 0
Mar  5 12:56:43 ci010 kernel: 49503 | 0 49503 | 0 0 0 | 0 0
Mar  5 12:56:44 ci010 kernel: 49504 | 0 49503 | 0 0 0 | 0 0
Mar  5 12:56:44 ci010 kernel: 49315 | 0 49315 | 0 0 0 | 0 0
Mar  5 12:56:45 ci010 kernel: 49317 | 0 49316 | 0 0 0 | 0 0
Mar  5 12:56:45 ci010 kernel: 49284 | 0 49284 | 0 0 0 | 0 0
Mar  5 12:56:46 ci010 kernel: 395860 | 0 49287 | 0 0 0 | 0 0
Mar  5 12:56:47 ci010 kernel: 49286 | 0 49286 | 0 0 0 | 0 0
Mar  5 12:56:47 ci010 kernel: 49287 | 0 49287 | 0 0 0 | 0 0
Mar  5 12:56:48 ci010 kernel: 505161 | 14 49244 | 0 0 0 | 0 0
Mar  5 12:56:48 ci010 kernel: 49325 | 0 49311 | 0 14 0 | 0 0
Mar  5 12:56:49 ci010 kernel: 49311 | 0 49311 | 0 0 0 | 0 0
Mar  5 12:56:49 ci010 kernel: 49265 | 0 49265 | 0 0 0 | 0 0
Mar  5 12:56:50 ci010 kernel: 52553 | 0 49266 | 0 0 0 | 0 0
Mar  5 12:56:50 ci010 kernel: 49265 | 0 49265 | 0 0 0 | 0 0
Mar  5 12:56:51 ci010 kernel: 49266 | 0 49266 | 0 0 0 | 0 0
Mar  5 12:56:51 ci010 kernel: 969599 | 41 46317 | 0 0 0 | 0 0
Mar  5 12:56:52 ci010 kernel: 969599 | 25 4732 | 0 41 0 | 0 0
Mar  5 12:56:52 ci010 kernel: 197194 | 0 49185 | 0 25 0 | 0 0
Mar  5 12:56:53 ci010 kernel: 49277 | 0 49184 | 0 0 0 | 0 0
Mar  5 12:56:53 ci010 kernel: 969533 | 4 423 | 0 0 0 | 0 0
Mar  5 12:56:54 ci010 kernel: 49225 | 0 49221 | 0 4 0 | 0 0
Mar  5 12:56:55 ci010 kernel: 49181 | 0 49181 | 0 0 0 | 0 0
Mar  5 12:56:55 ci010 kernel: 49181 | 0 49180 | 0 0 0 | 0 0
Mar  5 12:56:56 ci010 kernel: 49160 | 0 49160 | 0 0 0 | 0 0
Mar  5 12:56:56 ci010 kernel: 49163 | 0 49163 | 0 0 0 | 0 0
Mar  5 12:56:57 ci010 kernel: 49162 | 0 49162 | 0 0 0 | 0 0
Mar  5 12:56:57 ci010 kernel: 445141 | 0 49163 | 0 0 0 | 0 0
Mar  5 12:56:58 ci010 kernel: 49162 | 0 49162 | 0 0 0 | 0 0
Mar  5 12:56:58 ci010 kernel: 49228 | 0 49228 | 0 0 0 | 0 0
Mar  5 12:56:59 ci010 kernel: 447974 | 19 49171 | 0 0 0 | 0 0
Mar  5 12:56:59 ci010 kernel: 49168 | 0 49149 | 0 19 0 | 0 0
Mar  5 12:57:00 ci010 kernel: 49149 | 0 49149 | 0 0 0 | 0 0
Mar  5 12:57:01 ci010 last message repeated 2 times
Mar  5 12:57:01 ci010 kernel: 49148 | 0 49148 | 0 0 0 | 0 0
Mar  5 12:57:02 ci010 kernel: 49148 | 0 49148 | 0 0 0 | 0 0
Mar  5 12:57:03 ci010 kernel: 969510 | 39 32795 | 0 0 0 | 0 0
Mar  5 12:57:03 ci010 kernel: 590755 | 1 49153 | 0 39 0 | 0 0
Mar  5 12:57:04 ci010 kernel: 573632 | 1 49152 | 0 1 0 | 0 0
Mar  5 12:57:04 ci010 kernel: 49191 | 0 49108 | 0 1 0 | 0 0
Mar  5 12:57:05 ci010 kernel: 969469 | 1 2006 | 0 0 0 | 0 0
Mar  5 12:57:05 ci010 kernel: 49109 | 0 49108 | 0 1 0 | 0 0
Mar  5 12:57:06 ci010 kernel: 49089 | 0 49089 | 0 0 0 | 0 0
Mar  5 12:57:06 ci010 kernel: 49092 | 0 49092 | 0 0 0 | 0 0
Mar  5 12:57:07 ci010 kernel: 49091 | 0 49091 | 0 0 0 | 0 0
Mar  5 12:57:07 ci010 kernel: 49092 | 0 49092 | 0 0 0 | 0 0
Mar  5 12:57:08 ci010 kernel: 49091 | 0 49091 | 0 0 0 | 0 0
Mar  5 12:57:09 ci010 kernel: 475161 | 0 49150 | 0 0 0 | 0 0
Mar  5 12:57:09 ci010 kernel: 49150 | 0 49150 | 0 0 0 | 0 0
Mar  5 12:57:10 ci010 kernel: 49105 | 0 49105 | 0 0 0 | 0 0
Mar  5 12:57:10 ci010 kernel: 493228 | 2 49098 | 0 0 0 | 0 0
Mar  5 12:57:11 ci010 kernel: 49106 | 0 49103 | 0 2 0 | 0 0
Mar  5 12:57:11 ci010 kernel: 49102 | 0 49102 | 0 0 0 | 0 0
Mar  5 12:57:12 ci010 kernel: 49103 | 0 49103 | 0 0 0 | 0 0
Mar  5 12:57:13 ci010 last message repeated 2 times
Mar  5 12:57:13 ci010 kernel: 49227 | 0 49227 | 0 0 0 | 0 0
Mar  5 12:57:14 ci010 kernel: 969466 | 26 1298 | 0 0 0 | 0 0
Mar  5 12:57:15 ci010 kernel: 591455 | 1 49075 | 0 26 0 | 0 0
Mar  5 12:57:15 ci010 kernel: 541661 | 0 49078 | 0 1 0 | 0 0
Mar  5 12:57:16 ci010 kernel: 49131 | 0 49061 | 0 0 0 | 0 0
Mar  5 12:57:16 ci010 kernel: 969439 | 2 33007 | 0 0 0 | 0 0
Mar  5 12:57:17 ci010 kernel: 49063 | 0 49061 | 0 2 0 | 0 0
Mar  5 12:57:17 ci010 kernel: 49062 | 0 49062 | 0 0 0 | 0 0
Mar  5 12:57:18 ci010 kernel: 49061 | 0 49061 | 0 0 0 | 0 0
Mar  5 12:57:18 ci010 kernel: 49125 | 0 49125 | 0 0 0 | 0 0
Mar  5 12:57:19 ci010 kernel: 49125 | 0 49125 | 0 0 0 | 0 0
Mar  5 12:57:19 ci010 kernel: 49079 | 0 49079 | 0 0 0 | 0 0
Mar  5 12:57:20 ci010 kernel: 443293 | 0 49080 | 0 0 0 | 0 0
Mar  5 12:57:21 ci010 kernel: 81953 | 0 49080 | 0 0 0 | 0 0
Mar  5 12:57:21 ci010 kernel: 82084 | 0 49080 | 0 0 0 | 0 0
Mar  5 12:57:21 ci010 kernel: 458041 | 0 49080 | 0 0 0 | 0 0
Mar  5 12:57:22 ci010 kernel: 49081 | 0 49080 | 0 0 0 | 0 0
Mar  5 12:57:23 ci010 kernel: 49081 | 0 49081 | 0 0 0 | 0 0
Mar  5 12:57:23 ci010 kernel: 49080 | 0 49080 | 0 0 0 | 0 0
Mar  5 12:57:24 ci010 kernel: 49134 | 0 49134 | 0 0 0 | 0 0
Mar  5 12:57:24 ci010 kernel: 49134 | 0 49134 | 0 0 0 | 0 0
Mar  5 12:57:25 ci010 kernel: 49083 | 0 49083 | 0 0 0 | 0 0
Mar  5 12:57:25 ci010 kernel: 969440 | 0 2388 | 0 0 0 | 0 0
Mar  5 12:57:26 ci010 kernel: 622065 | 0 49062 | 0 0 0 | 0 0
Mar  5 12:57:26 ci010 kernel: 575412 | 0 49065 | 0 0 0 | 0 0
Mar  5 12:57:27 ci010 kernel: 49129 | 0 49064 | 0 0 0 | 0 0
Mar  5 12:57:28 ci010 kernel: 969440 | 0 34331 | 0 0 0 | 0 0
Mar  5 12:57:28 ci010 kernel: 49064 | 0 49064 | 0 0 0 | 0 0
Mar  5 12:57:29 ci010 kernel: 49124 | 0 49124 | 0 0 0 | 0 0
Mar  5 12:57:29 ci010 kernel: 49124 | 0 49124 | 0 0 0 | 0 0
Mar  5 12:57:30 ci010 kernel: 49078 | 0 49078 | 0 0 0 | 0 0
Mar  5 12:57:30 ci010 kernel: 49080 | 0 49080 | 0 0 0 | 0 0
Mar  5 12:57:31 ci010 kernel: 444206 | 0 49080 | 0 0 0 | 0 0
Mar  5 12:57:31 ci010 kernel: 49079 | 0 49079 | 0 0 0 | 0 0
Mar  5 12:57:32 ci010 kernel: 49080 | 0 49080 | 0 0 0 | 0 0
Mar  5 12:57:32 ci010 kernel: 476170 | 0 49079 | 0 0 0 | 0 0
Mar  5 12:57:33 ci010 kernel: 49081 | 0 49080 | 0 0 0 | 0 0
Mar  5 12:57:33 ci010 kernel: 49131 | 0 49131 | 0 0 0 | 0 0
Mar  5 12:57:34 ci010 kernel: 49131 | 0 49131 | 0 0 0 | 0 0
Mar  5 12:57:35 ci010 kernel: 49087 | 0 49085 | 0 0 0 | 0 0
Mar  5 12:57:35 ci010 kernel: 49086 | 0 49086 | 0 0 0 | 0 0
Mar  5 12:57:36 ci010 kernel: 49063 | 0 49063 | 0 0 0 | 0 0
Mar  5 12:57:36 ci010 kernel: 969440 | 0 49064 | 0 0 0 | 0 0
Mar  5 12:57:37 ci010 kernel: 574557 | 0 48954 | 8 328 0 | 0 0
Mar  5 12:57:37 ci010 kernel: 588835 | 0 48624 | 0 331 0 | 0 0
Mar  5 12:57:38 ci010 kernel: 48682 | 0 48623 | 0 0 0 | 0 0
Mar  5 12:57:39 ci010 kernel: 968988 | 0 3378 | 0 0 0 | 0 0
Mar  5 12:57:39 ci010 kernel: 48724 | 0 48724 | 0 0 0 | 0 0
Mar  5 12:57:40 ci010 kernel: 48638 | 0 48638 | 0 0 0 | 0 0
Mar  5 12:57:40 ci010 kernel: 48639 | 0 48639 | 0 0 0 | 0 0
Mar  5 12:57:41 ci010 kernel: 48638 | 0 48638 | 0 0 0 | 0 0
Mar  5 12:57:41 ci010 kernel: 48639 | 0 48639 | 0 0 0 | 0 0
Mar  5 12:57:42 ci010 kernel: 493241 | 0 48638 | 0 0 0 | 0 0
Mar  5 12:57:42 ci010 kernel: 48639 | 0 48639 | 0 0 0 | 0 0
Mar  5 12:57:43 ci010 kernel: 48639 | 0 48639 | 0 0 0 | 0 0
Mar  5 12:57:43 ci010 kernel: 437879 | 2 48632 | 0 0 0 | 0 0
Mar  5 12:57:44 ci010 kernel: 48688 | 0 48685 | 1 1 0 | 0 0
Mar  5 12:57:44 ci010 kernel: 48685 | 0 48685 | 0 0 0 | 0 0
Mar  5 12:57:45 ci010 kernel: 48637 | 0 48637 | 0 0 0 | 0 0
Mar  5 12:57:45 ci010 kernel: 48611 | 0 48609 | 0 0 0 | 0 0
Mar  5 12:57:46 ci010 kernel: 48612 | 0 48612 | 0 0 0 | 0 0
Mar  5 12:57:46 ci010 kernel: 48611 | 0 48611 | 0 0 0 | 0 0
Mar  5 12:57:47 ci010 kernel: 968987 | 8 41030 | 0 0 0 | 0 0
Mar  5 12:57:48 ci010 kernel: 52002 | 14 48561 | 0 8 0 | 0 0
Mar  5 12:57:48 ci010 kernel: 535163 | 40 48469 | 0 14 0 | 0 0
Mar  5 12:57:49 ci010 kernel: 628197 | 0 48607 | 0 40 0 | 0 0
Mar  5 12:57:49 ci010 kernel: 48654 | 1 48604 | 0 0 0 | 0 0
Mar  5 12:57:50 ci010 kernel: 968925 | 0 3745 | 0 1 0 | 0 0
Mar  5 12:57:50 ci010 kernel: 48561 | 0 48561 | 0 0 0 | 0 0
Mar  5 12:57:52 ci010 last message repeated 3 times
Mar  5 12:57:52 ci010 kernel: 48738 | 0 48561 | 0 0 0 | 0 0
Mar  5 12:57:53 ci010 kernel: 527438 | 0 48562 | 0 0 0 | 0 0
Mar  5 12:57:54 ci010 kernel: 48561 | 0 48561 | 0 0 0 | 0 0
Mar  5 12:57:54 ci010 kernel: 48611 | 0 48611 | 0 0 0 | 0 0
Mar  5 12:57:55 ci010 kernel: 440514 | 0 48562 | 0 0 0 | 0 0
Mar  5 12:57:55 ci010 kernel: 48565 | 0 48563 | 0 0 0 | 0 0
Mar  5 12:57:56 ci010 kernel: 48546 | 0 48546 | 0 0 0 | 0 0
Mar  5 12:57:56 ci010 kernel: 48549 | 0 48549 | 0 0 0 | 0 0
Mar  5 12:57:57 ci010 kernel: 48910 | 0 48430 | 0 111 0 | 0 0
Mar  5 12:57:57 ci010 kernel: 48431 | 0 48431 | 0 0 0 | 0 0
Mar  5 12:57:58 ci010 kernel: 48430 | 0 48430 | 0 0 0 | 0 0
Mar  5 12:57:58 ci010 kernel: 968814 | 6 1616 | 0 0 0 | 0 0
Mar  5 12:57:59 ci010 kernel: 48914 | 29 48396 | 0 6 0 | 0 0
Mar  5 12:58:00 ci010 kernel: 537123 | 68 48248 | 0 29 0 | 0 0
Mar  5 12:58:00 ci010 kernel: 583991 | 0 48322 | 0 68 0 | 0 0
Mar  5 12:58:01 ci010 kernel: 48369 | 0 48321 | 0 0 0 | 0 0
Mar  5 12:58:01 ci010 kernel: 968711 | 0 42354 | 0 0 0 | 0 0
Mar  5 12:58:02 ci010 kernel: 48321 | 0 48321 | 0 0 0 | 0 0
Mar  5 12:58:02 ci010 kernel: 48322 | 0 48322 | 0 0 0 | 0 0
Mar  5 12:58:03 ci010 kernel: 48322 | 0 48322 | 0 0 0 | 0 0
Mar  5 12:58:03 ci010 kernel: 48323 | 0 48322 | 0 0 0 | 0 0
Mar  5 12:58:04 ci010 kernel: 48363 | 0 48363 | 0 0 0 | 0 0
Mar  5 12:58:04 ci010 kernel: 486072 | 0 48363 | 0 0 0 | 0 0
Mar  5 12:58:05 ci010 kernel: 48322 | 0 48322 | 0 0 0 | 0 0
Mar  5 12:58:05 ci010 kernel: 48302 | 0 48302 | 0 0 0 | 0 0
Mar  5 12:58:06 ci010 kernel: 477288 | 0 48305 | 0 0 0 | 0 0
Mar  5 12:58:06 ci010 kernel: 48306 | 0 48304 | 0 0 0 | 0 0
Mar  5 12:58:07 ci010 kernel: 48302 | 0 48302 | 0 0 0 | 0 0
Mar  5 12:58:08 ci010 kernel: 48301 | 0 48301 | 0 0 0 | 0 0
Mar  5 12:58:08 ci010 kernel: 48304 | 0 48302 | 0 0 0 | 0 0
Mar  5 12:58:09 ci010 kernel: 48301 | 0 48301 | 0 0 0 | 0 0
Mar  5 12:58:09 ci010 kernel: 48364 | 0 48364 | 0 0 0 | 0 0
Mar  5 12:58:10 ci010 kernel: 968711 | 1 6502 | 0 0 0 | 0 0
Mar  5 12:58:10 ci010 kernel: 48299 | 10 48288 | 0 1 0 | 0 0
Mar  5 12:58:11 ci010 kernel: 573993 | 23 48238 | 0 10 0 | 0 0
Mar  5 12:58:11 ci010 kernel: 586302 | 0 48280 | 0 23 0 | 0 0
Mar  5 12:58:12 ci010 kernel: 48327 | 0 48279 | 0 0 0 | 0 0
Mar  5 12:58:13 ci010 kernel: 968677 | 0 1828 | 0 0 0 | 0 0
Mar  5 12:58:13 ci010 kernel: 48280 | 0 48280 | 0 0 0 | 0 0
Mar  5 12:58:14 ci010 kernel: 48279 | 0 48279 | 0 0 0 | 0 0
Mar  5 12:58:14 ci010 kernel: 48332 | 0 48332 | 0 0 0 | 0 0
Mar  5 12:58:15 ci010 kernel: 48330 | 1 48329 | 0 0 0 | 0 0
Mar  5 12:58:15 ci010 kernel: 48281 | 0 48280 | 0 1 0 | 0 0
Mar  5 12:58:16 ci010 kernel: 489470 | 1 48259 | 0 0 0 | 0 0
Mar  5 12:58:16 ci010 kernel: 48265 | 0 48264 | 0 1 0 | 0 0
Mar  5 12:58:17 ci010 kernel: 48263 | 0 48263 | 0 0 0 | 0 0
Mar  5 12:58:17 ci010 kernel: 436476 | 0 48264 | 0 0 0 | 0 0
Mar  5 12:58:18 ci010 kernel: 48264 | 0 48263 | 0 0 0 | 0 0
Mar  5 12:58:18 ci010 kernel: 48264 | 0 48264 | 0 0 0 | 0 0
Mar  5 12:58:19 ci010 kernel: 48329 | 0 48329 | 0 0 0 | 0 0
Mar  5 12:58:19 ci010 kernel: 48331 | 0 48329 | 0 0 0 | 0 0
Mar  5 12:58:20 ci010 kernel: 48283 | 0 48283 | 0 0 0 | 0 0
Mar  5 12:58:20 ci010 kernel: 48284 | 0 48284 | 0 0 0 | 0 0
Mar  5 12:58:21 ci010 kernel: 968675 | 0 42868 | 0 0 0 | 0 0
Mar  5 12:58:22 ci010 kernel: 48284 | 0 48284 | 0 0 0 | 0 0
Mar  5 12:58:22 ci010 kernel: 533045 | 0 48285 | 0 0 0 | 0 0
Mar  5 12:58:23 ci010 kernel: 622281 | 0 48284 | 0 0 0 | 0 0
Mar  5 12:58:23 ci010 kernel: 50155 | 0 48093 | 0 186 0 | 0 0
Mar  5 12:58:24 ci010 kernel: 968490 | 0 8469 | 0 0 0 | 0 0
Mar  5 12:58:24 ci010 kernel: 48255 | 0 48255 | 0 0 0 | 0 0
Mar  5 12:58:25 ci010 kernel: 48092 | 0 48092 | 0 0 0 | 0 0
Mar  5 12:58:25 ci010 kernel: 48069 | 0 48069 | 0 0 0 | 0 0
Mar  5 12:58:26 ci010 kernel: 48072 | 0 48072 | 0 0 0 | 0 0
Mar  5 12:58:26 ci010 kernel: 48071 | 0 48071 | 0 0 0 | 0 0
Mar  5 12:58:27 ci010 kernel: 531988 | 0 48072 | 0 0 0 | 0 0
Mar  5 12:58:28 ci010 kernel: 48071 | 0 48071 | 0 0 0 | 0 0
Mar  5 12:58:28 ci010 kernel: 54713 | 0 48072 | 0 0 0 | 0 0
Mar  5 12:58:29 ci010 kernel: 428562 | 0 48071 | 0 0 0 | 0 0
Mar  5 12:58:29 ci010 kernel: 48143 | 0 48142 | 0 0 0 | 0 0
Mar  5 12:58:30 ci010 kernel: 48142 | 0 48142 | 0 0 0 | 0 0
Mar  5 12:58:30 ci010 kernel: 48092 | 0 48092 | 0 0 0 | 0 0
Mar  5 12:58:31 ci010 kernel: 48093 | 0 48091 | 0 0 0 | 0 0
Mar  5 12:58:31 ci010 kernel: 48092 | 0 48092 | 0 0 0 | 0 0
Mar  5 12:58:32 ci010 kernel: 48091 | 0 48091 | 0 0 0 | 0 0
Mar  5 12:58:33 ci010 kernel: 968490 | 0 2807 | 0 0 0 | 0 0
Mar  5 12:58:33 ci010 kernel: 54551 | 0 48092 | 0 0 0 | 0 0
Mar  5 12:58:34 ci010 kernel: 531155 | 0 48092 | 0 0 0 | 0 0
Mar  5 12:58:34 ci010 kernel: 387669 | 0 48138 | 0 0 0 | 0 0
Mar  5 12:58:35 ci010 kernel: 247174 | 0 48138 | 0 0 0 | 0 0
Mar  5 12:58:35 ci010 kernel: 870475 | 0 48091 | 0 0 0 | 0 0
Mar  5 12:58:36 ci010 kernel: 144366 | 0 48069 | 0 0 0 | 0 0
Mar  5 12:58:36 ci010 kernel: 48072 | 0 48072 | 0 0 0 | 0 0
Mar  5 12:58:37 ci010 kernel: 48450 | 0 48296 | 36 114 4 | 0 0
Mar  5 12:58:37 ci010 kernel: 48296 | 0 48296 | 0 0 0 | 0 0
Mar  5 12:58:38 ci010 kernel: 48297 | 0 48297 | 0 0 0 | 0 0
Mar  5 12:58:38 ci010 kernel: 532147 | 0 48296 | 0 0 0 | 0 0
Mar  5 12:58:39 ci010 kernel: 48297 | 0 48297 | 0 0 0 | 0 0
Mar  5 12:58:40 ci010 kernel: 96455 | 0 48364 | 0 0 0 | 0 0
Mar  5 12:58:40 ci010 kernel: 385871 | 0 48313 | 0 0 0 | 0 0
Mar  5 12:58:41 ci010 kernel: 48315 | 0 48314 | 0 0 0 | 0 0
Mar  5 12:58:41 ci010 kernel: 48313 | 0 48313 | 0 0 0 | 0 0
Mar  5 12:58:42 ci010 kernel: 48314 | 0 48314 | 0 0 0 | 0 0
Mar  5 12:58:42 ci010 kernel: 48316 | 0 48314 | 0 0 0 | 0 0
Mar  5 12:58:43 ci010 kernel: 48314 | 0 48314 | 0 0 0 | 0 0
Mar  5 12:58:43 ci010 kernel: 48314 | 0 48314 | 0 0 0 | 0 0
Mar  5 12:58:44 ci010 kernel: 968806 | 0 858 | 16 89 4 | 0 0
Mar  5 12:58:44 ci010 kernel: 96507 | 0 48370 | 0 0 0 | 0 0
Mar  5 12:58:45 ci010 kernel: 530859 | 0 48370 | 0 0 0 | 0 0
Mar  5 12:58:45 ci010 kernel: 387386 | 0 48300 | 0 0 0 | 0 0
Mar  5 12:58:46 ci010 kernel: 289809 | 0 48303 | 0 0 0 | 0 0
Mar  5 12:58:46 ci010 kernel: 870237 | 0 48302 | 0 0 0 | 0 0
Mar  5 12:58:47 ci010 kernel: 145057 | 0 48303 | 0 0 0 | 0 0
Mar  5 12:58:48 ci010 kernel: 48434 | 44 48170 | 0 0 0 | 0 0
Mar  5 12:58:48 ci010 kernel: 48323 | 0 48259 | 0 44 0 | 0 0
Mar  5 12:58:49 ci010 kernel: 48259 | 0 48259 | 0 0 0 | 0 0
Mar  5 12:58:49 ci010 kernel: 48323 | 0 48323 | 0 0 0 | 0 0
Mar  5 12:58:50 ci010 kernel: 534371 | 0 48323 | 0 0 0 | 0 0
Mar  5 12:58:50 ci010 kernel: 48274 | 0 48274 | 0 0 0 | 0 0
Mar  5 12:58:51 ci010 kernel: 94655 | 0 48274 | 0 0 0 | 0 0
Mar  5 12:58:51 ci010 kernel: 386582 | 2 48268 | 0 0 0 | 0 0
Mar  5 12:58:52 ci010 kernel: 48274 | 0 48271 | 0 2 0 | 0 0
Mar  5 12:58:52 ci010 kernel: 48272 | 0 48272 | 0 0 0 | 0 0
Mar  5 12:58:53 ci010 kernel: 48271 | 0 48271 | 0 0 0 | 0 0
Mar  5 12:58:53 ci010 kernel: 48274 | 0 48272 | 0 0 0 | 0 0
Mar  5 12:58:54 ci010 kernel: 48321 | 0 48321 | 0 0 0 | 0 0
Mar  5 12:58:55 ci010 kernel: 48396 | 4 48309 | 0 0 0 | 0 0
Mar  5 12:58:55 ci010 kernel: 968655 | 0 1547 | 0 4 0 | 0 0
Mar  5 12:58:56 ci010 kernel: 96566 | 0 48250 | 0 0 0 | 0 0
Mar  5 12:58:56 ci010 kernel: 531369 | 0 48253 | 0 0 0 | 0 0
Mar  5 12:58:57 ci010 kernel: 387885 | 0 48252 | 0 0 0 | 0 0
Mar  5 12:58:57 ci010 kernel: 289764 | 0 48253 | 0 0 0 | 0 0
Mar  5 12:58:58 ci010 kernel: 870790 | 0 48252 | 0 0 0 | 0 0
Mar  5 12:58:59 ci010 kernel: 144867 | 0 48253 | 0 0 0 | 0 0
Mar  5 12:58:59 ci010 kernel: 48450 | 1 48310 | 0 0 0 | 0 0
Mar  5 12:59:00 ci010 kernel: 48333 | 0 48312 | 0 1 0 | 0 0
Mar  5 12:59:00 ci010 kernel: 48266 | 0 48266 | 0 0 0 | 0 0
Mar  5 12:59:01 ci010 kernel: 48267 | 0 48267 | 0 0 0 | 0 0
Mar  5 12:59:01 ci010 kernel: 532655 | 0 48266 | 0 0 0 | 0 0
Mar  5 12:59:02 ci010 kernel: 48267 | 0 48267 | 0 0 0 | 0 0
Mar  5 12:59:02 ci010 kernel: 96519 | 0 48267 | 0 0 0 | 0 0
Mar  5 12:59:03 ci010 kernel: 386427 | 0 48267 | 0 0 0 | 0 0
Mar  5 12:59:03 ci010 kernel: 48268 | 0 48267 | 0 0 0 | 0 0
Mar  5 12:59:04 ci010 kernel: 48267 | 0 48267 | 0 0 0 | 0 0
Mar  5 12:59:04 ci010 kernel: 48316 | 0 48316 | 0 0 0 | 0 0
Mar  5 12:59:05 ci010 kernel: 48318 | 0 48316 | 0 0 0 | 0 0
Mar  5 12:59:05 ci010 kernel: 48271 | 0 48271 | 0 0 0 | 0 0
Mar  5 12:59:06 ci010 kernel: 48248 | 1 48247 | 0 0 0 | 0 0
Mar  5 12:59:06 ci010 kernel: 968806 | 0 1417 | 16 90 4 | 0 0
Mar  5 12:59:07 ci010 kernel: 96567 | 0 48315 | 0 0 0 | 0 0
Mar  5 12:59:07 ci010 kernel: 531275 | 0 48316 | 0 0 0 | 0 0
Mar  5 12:59:08 ci010 kernel: 387758 | 0 48315 | 0 0 0 | 0 0
Mar  5 12:59:09 ci010 kernel: 289771 | 0 48316 | 0 0 0 | 0 0
Mar  5 12:59:09 ci010 kernel: 870866 | 0 48377 | 0 0 0 | 0 0
Mar  5 12:59:10 ci010 kernel: 145047 | 0 48377 | 0 0 0 | 0 0
Mar  5 12:59:10 ci010 kernel: 48470 | 0 48331 | 0 0 0 | 0 0
Mar  5 12:59:11 ci010 kernel: 48352 | 0 48332 | 0 0 0 | 0 0
Mar  5 12:59:11 ci010 kernel: 48332 | 0 48332 | 0 0 0 | 0 0
Mar  5 12:59:12 ci010 kernel: 48332 | 0 48332 | 0 0 0 | 0 0
Mar  5 12:59:13 ci010 kernel: 532721 | 0 48331 | 0 0 0 | 0 0
Mar  5 12:59:13 ci010 kernel: 48331 | 0 48331 | 0 0 0 | 0 0
Mar  5 12:59:14 ci010 kernel: 96827 | 0 48342 | 16 88 4 | 0 0
Mar  5 12:59:14 ci010 kernel: 386970 | 0 48388 | 0 0 0 | 0 0
Mar  5 12:59:15 ci010 kernel: 48389 | 0 48388 | 0 0 0 | 0 0
Mar  5 12:59:15 ci010 kernel: 48342 | 0 48342 | 0 0 0 | 0 0
Mar  5 12:59:16 ci010 kernel: 48323 | 0 48323 | 0 0 0 | 0 0
Mar  5 12:59:16 ci010 kernel: 48328 | 0 48326 | 0 0 0 | 0 0
Mar  5 12:59:17 ci010 kernel: 48326 | 0 48326 | 0 0 0 | 0 0
Mar  5 12:59:17 ci010 kernel: 48328 | 0 48327 | 0 0 0 | 0 0
Mar  5 12:59:18 ci010 kernel: 968701 | 44 112 | 0 0 0 | 0 0
Mar  5 12:59:18 ci010 kernel: 96722 | 0 48283 | 0 44 0 | 0 0
Mar  5 12:59:19 ci010 kernel: 531961 | 0 48283 | 0 0 0 | 0 0
Mar  5 12:59:20 ci010 kernel: 386968 | 0 48352 | 0 0 0 | 0 0
Mar  5 12:59:20 ci010 kernel: 290134 | 0 48352 | 0 0 0 | 0 0
Mar  5 12:59:21 ci010 kernel: 870385 | 0 48299 | 0 0 0 | 0 0
Mar  5 12:59:21 ci010 kernel: 145083 | 0 48298 | 0 0 0 | 0 0
Mar  5 12:59:22 ci010 kernel: 48438 | 0 48299 | 0 0 0 | 0 0
Mar  5 12:59:22 ci010 kernel: 48318 | 0 48298 | 0 0 0 | 0 0
Mar  5 12:59:23 ci010 kernel: 48299 | 0 48299 | 0 0 0 | 0 0
Mar  5 12:59:23 ci010 kernel: 49747 | 0 48298 | 0 0 0 | 0 0
Mar  5 12:59:24 ci010 kernel: 530379 | 2 48293 | 0 0 0 | 0 0
Mar  5 12:59:24 ci010 kernel: 48419 | 4 48330 | 0 2 0 | 0 0
Mar  5 12:59:25 ci010 kernel: 96657 | 0 48338 | 0 4 0 | 0 0
Mar  5 12:59:26 ci010 kernel: 386646 | 0 48273 | 0 0 0 | 0 0
Mar  5 12:59:26 ci010 kernel: 48278 | 0 48277 | 0 0 0 | 0 0
Mar  5 12:59:27 ci010 kernel: 48276 | 0 48276 | 0 0 0 | 0 0
Mar  5 12:59:27 ci010 kernel: 48277 | 0 48277 | 0 0 0 | 0 0
Mar  5 12:59:28 ci010 kernel: 48278 | 0 48276 | 0 0 0 | 0 0
Mar  5 12:59:28 ci010 kernel: 48277 | 0 48277 | 0 0 0 | 0 0
Mar  5 12:59:29 ci010 kernel: 48276 | 0 48276 | 0 0 0 | 0 0
Mar  5 12:59:29 ci010 kernel: 968651 | 1 2235 | 0 0 0 | 0 0
Mar  5 12:59:30 ci010 kernel: 531955 | 0 48450 | 0 1 0 | 0 0
Mar  5 12:59:31 ci010 kernel: 436763 | 0 48295 | 0 0 0 | 0 0
Mar  5 12:59:31 ci010 kernel: 241743 | 0 48296 | 0 0 0 | 0 0
Mar  5 12:59:32 ci010 kernel: 48296 | 0 48296 | 0 0 0 | 0 0
Mar  5 12:59:32 ci010 kernel: 823500 | 24 48223 | 0 0 0 | 0 0
Mar  5 12:59:33 ci010 kernel: 193313 | 0 48272 | 0 24 0 | 0 0
Mar  5 12:59:33 ci010 kernel: 48007 | 134 47869 | 0 0 0 | 0 0
Mar  5 12:59:34 ci010 kernel: 48269 | 0 48135 | 0 134 0 | 0 0
Mar  5 12:59:34 ci010 kernel: 48175 | 0 48175 | 0 0 0 | 0 0
Mar  5 12:59:35 ci010 kernel: 96625 | 0 48175 | 0 0 0 | 0 0
Mar  5 12:59:35 ci010 kernel: 436645 | 0 48134 | 0 0 0 | 0 0
Mar  5 12:59:36 ci010 kernel: 48110 | 1 48109 | 0 0 0 | 0 0
Mar  5 12:59:36 ci010 kernel: 96293 | 0 48114 | 0 1 0 | 0 0
Mar  5 12:59:37 ci010 kernel: 433866 | 2 48107 | 0 0 0 | 0 0
Mar  5 12:59:38 ci010 kernel: 48111 | 0 48108 | 0 2 0 | 0 0
Mar  5 12:59:38 ci010 kernel: 48107 | 0 48107 | 0 0 0 | 0 0
Mar  5 12:59:39 ci010 kernel: 48108 | 0 48108 | 0 0 0 | 0 0
Mar  5 12:59:39 ci010 kernel: 48107 | 1 48105 | 0 0 0 | 0 0
Mar  5 12:59:40 ci010 kernel: 49170 | 0 48169 | 0 1 0 | 0 0
Mar  5 12:59:40 ci010 kernel: 48169 | 0 48169 | 0 0 0 | 0 0
Mar  5 12:59:41 ci010 kernel: 968488 | 1 2745 | 0 0 0 | 0 0
Mar  5 12:59:41 ci010 kernel: 577130 | 0 48122 | 0 1 0 | 0 0
Mar  5 12:59:42 ci010 kernel: 436963 | 0 48123 | 0 0 0 | 0 0
Mar  5 12:59:42 ci010 kernel: 239745 | 0 48123 | 0 0 0 | 0 0
Mar  5 12:59:43 ci010 kernel: 48123 | 0 48123 | 0 0 0 | 0 0
Mar  5 12:59:43 ci010 kernel: 820854 | 2 48117 | 0 0 0 | 0 0
Mar  5 12:59:44 ci010 kernel: 192568 | 0 48120 | 0 2 0 | 0 0
Mar  5 12:59:44 ci010 kernel: 48162 | 0 48162 | 0 0 0 | 0 0
Mar  5 12:59:45 ci010 kernel: 48162 | 0 48162 | 0 0 0 | 0 0
Mar  5 12:59:46 ci010 kernel: 48101 | 0 48101 | 0 0 0 | 0 0
Mar  5 12:59:46 ci010 kernel: 96226 | 0 48104 | 0 0 0 | 0 0
Mar  5 12:59:47 ci010 kernel: 435844 | 1 48100 | 0 0 0 | 0 0
Mar  5 12:59:47 ci010 kernel: 48104 | 0 48103 | 0 1 0 | 0 0
Mar  5 12:59:48 ci010 kernel: 96219 | 0 48102 | 0 0 0 | 0 0
Mar  5 12:59:48 ci010 kernel: 433206 | 0 48103 | 0 0 0 | 0 0
Mar  5 12:59:49 ci010 kernel: 48102 | 0 48102 | 0 0 0 | 0 0
Mar  5 12:59:49 ci010 kernel: 48163 | 0 48163 | 0 0 0 | 0 0
Mar  5 12:59:50 ci010 kernel: 48163 | 0 48163 | 0 0 0 | 0 0
Mar  5 12:59:50 ci010 kernel: 48117 | 0 48117 | 0 0 0 | 0 0
Mar  5 12:59:51 ci010 kernel: 48118 | 0 48118 | 0 0 0 | 0 0
Mar  5 12:59:51 ci010 kernel: 48117 | 0 48117 | 0 0 0 | 0 0
Mar  5 12:59:52 ci010 kernel: 968484 | 0 3207 | 0 0 0 | 0 0
Mar  5 12:59:53 ci010 kernel: 577541 | 0 48118 | 0 0 0 | 0 0
Mar  5 12:59:53 ci010 kernel: 436311 | 0 48117 | 0 0 0 | 0 0
Mar  5 12:59:54 ci010 kernel: 240627 | 0 48118 | 0 0 0 | 0 0
Mar  5 12:59:54 ci010 kernel: 48476 | 0 48347 | 37 88 4 | 0 0
Mar  5 12:59:55 ci010 kernel: 821566 | 0 48393 | 0 0 0 | 0 0
Mar  5 12:59:55 ci010 kernel: 193214 | 0 48328 | 0 0 0 | 0 0
Mar  5 12:59:56 ci010 kernel: 48332 | 0 48331 | 0 0 0 | 0 0
Mar  5 12:59:57 ci010 kernel: 48330 | 0 48330 | 0 0 0 | 0 0
Mar  5 12:59:57 ci010 kernel: 48331 | 0 48331 | 0 0 0 | 0 0
Mar  5 12:59:58 ci010 kernel: 96448 | 0 48330 | 0 0 0 | 0 0
Mar  5 12:59:58 ci010 kernel: 436538 | 0 48331 | 0 0 0 | 0 0
Mar  5 12:59:59 ci010 kernel: 48331 | 0 48331 | 0 0 0 | 0 0
Mar  5 12:59:59 ci010 kernel: 96724 | 0 48331 | 0 0 0 | 0 0
Mar  5 13:00:00 ci010 kernel: 435066 | 0 48509 | 0 0 0 | 0 0
Mar  5 13:00:00 ci010 kernel: 48510 | 0 48509 | 0 0 0 | 0 0
Mar  5 13:00:01 ci010 kernel: 48347 | 0 48347 | 0 0 0 | 0 0
Mar  5 13:00:01 ci010 kernel: 48466 | 0 48358 | 16 88 4 | 0 0
Mar  5 13:00:02 ci010 kernel: 48358 | 0 48358 | 0 0 0 | 0 0
Mar  5 13:00:02 ci010 kernel: 48359 | 0 48359 | 0 0 0 | 0 0
Mar  5 13:00:03 ci010 kernel: 968701 | 0 46991 | 0 0 0 | 0 0
Mar  5 13:00:04 ci010 kernel: 579943 | 0 48359 | 0 0 0 | 0 0
Mar  5 13:00:04 ci010 kernel: 434151 | 0 48359 | 0 0 0 | 0 0
Mar  5 13:00:05 ci010 kernel: 242012 | 44 48275 | 0 0 0 | 0 0
Mar  5 13:00:05 ci010 kernel: 48428 | 0 48363 | 0 44 0 | 0 0
Mar  5 13:00:06 ci010 kernel: 820788 | 0 48295 | 0 0 0 | 0 0
Mar  5 13:00:06 ci010 kernel: 193595 | 0 48298 | 0 0 0 | 0 0
Mar  5 13:00:07 ci010 kernel: 48298 | 0 48297 | 0 0 0 | 0 0
Mar  5 13:00:08 ci010 kernel: 51505 | 0 48298 | 0 0 0 | 0 0
Mar  5 13:00:08 ci010 kernel: 48297 | 0 48297 | 0 0 0 | 0 0
Mar  5 13:00:08 ci010 kernel: 93450 | 0 48298 | 0 0 0 | 0 0
Mar  5 13:00:09 ci010 kernel: 434119 | 0 48297 | 0 0 0 | 0 0
Mar  5 13:00:10 ci010 kernel: 48364 | 0 48364 | 0 0 0 | 0 0
Mar  5 13:00:10 ci010 kernel: 96659 | 0 48364 | 0 0 0 | 0 0
Mar  5 13:00:11 ci010 kernel: 435122 | 2 48308 | 0 0 0 | 0 0
Mar  5 13:00:11 ci010 kernel: 48316 | 0 48313 | 0 2 0 | 0 0
Mar  5 13:00:12 ci010 kernel: 48387 | 4 48300 | 0 0 0 | 0 0
Mar  5 13:00:12 ci010 kernel: 48329 | 0 48309 | 0 4 0 | 0 0
Mar  5 13:00:13 ci010 kernel: 48309 | 0 48309 | 0 0 0 | 0 0
Mar  5 13:00:13 ci010 kernel: 48308 | 0 48308 | 0 0 0 | 0 0
Mar  5 13:00:14 ci010 kernel: 968651 | 0 3221 | 0 0 0 | 0 0
Mar  5 13:00:15 ci010 kernel: 483548 | 0 48308 | 0 0 0 | 0 0
Mar  5 13:00:15 ci010 kernel: 486415 | 0 48354 | 0 0 0 | 0 0
Mar  5 13:00:16 ci010 kernel: 241835 | 1 48287 | 0 0 0 | 0 0
Mar  5 13:00:16 ci010 kernel: 48314 | 0 48292 | 0 1 0 | 0 0
Mar  5 13:00:17 ci010 kernel: 776272 | 0 48291 | 0 0 0 | 0 0
Mar  5 13:00:17 ci010 kernel: 193482 | 0 48292 | 0 0 0 | 0 0
Mar  5 13:00:18 ci010 kernel: 48291 | 0 48291 | 0 0 0 | 0 0
Mar  5 13:00:18 ci010 kernel: 96600 | 0 48292 | 0 0 0 | 0 0
Mar  5 13:00:19 ci010 kernel: 48292 | 0 48292 | 0 0 0 | 0 0
Mar  5 13:00:19 ci010 kernel: 48292 | 0 48292 | 0 0 0 | 0 0
Mar  5 13:00:20 ci010 kernel: 389952 | 0 48429 | 0 0 0 | 0 0
Mar  5 13:00:20 ci010 kernel: 48429 | 0 48429 | 0 0 0 | 0 0
Mar  5 13:00:21 ci010 kernel: 96601 | 0 48310 | 0 0 0 | 0 0
Mar  5 13:00:22 ci010 kernel: 434935 | 0 48342 | 0 0 0 | 0 0
Mar  5 13:00:22 ci010 kernel: 48342 | 0 48342 | 0 0 0 | 0 0
Mar  5 13:00:23 ci010 kernel: 48340 | 1 48339 | 0 0 0 | 0 0
Mar  5 13:00:23 ci010 kernel: 48507 | 0 48474 | 16 13 4 | 0 0
Mar  5 13:00:24 ci010 kernel: 48475 | 0 48398 | 0 77 0 | 0 0
Mar  5 13:00:24 ci010 kernel: 48399 | 0 48399 | 0 0 0 | 0 0
Mar  5 13:00:25 ci010 kernel: 968700 | 0 46707 | 0 0 0 | 0 0
Mar  5 13:00:25 ci010 kernel: 483680 | 0 48458 | 0 0 0 | 0 0
Mar  5 13:00:26 ci010 kernel: 530331 | 0 48382 | 0 0 0 | 0 0
Mar  5 13:00:26 ci010 kernel: 242071 | 0 48385 | 0 0 0 | 0 0
Mar  5 13:00:27 ci010 kernel: 48405 | 0 48384 | 0 0 0 | 0 0
Mar  5 13:00:28 ci010 kernel: 820616 | 0 48385 | 0 0 0 | 0 0
Mar  5 13:00:28 ci010 kernel: 193710 | 0 48384 | 0 0 0 | 0 0
Mar  5 13:00:29 ci010 kernel: 48385 | 0 48385 | 0 0 0 | 0 0
Mar  5 13:00:29 ci010 kernel: 96844 | 0 48385 | 0 0 0 | 0 0
Mar  5 13:00:30 ci010 kernel: 48449 | 0 48449 | 0 0 0 | 0 0
Mar  5 13:00:30 ci010 kernel: 48449 | 0 48449 | 0 0 0 | 0 0
Mar  5 13:00:31 ci010 kernel: 436644 | 0 48404 | 16 15 4 | 0 0
Mar  5 13:00:31 ci010 kernel: 48404 | 0 48404 | 0 0 0 | 0 0
Mar  5 13:00:32 ci010 kernel: 93938 | 0 48405 | 0 0 0 | 0 0
Mar  5 13:00:33 ci010 kernel: 438882 | 0 48404 | 0 0 0 | 0 0
Mar  5 13:00:33 ci010 kernel: 48405 | 0 48405 | 0 0 0 | 0 0
Mar  5 13:00:34 ci010 kernel: 48406 | 0 48405 | 0 0 0 | 0 0
Mar  5 13:00:34 ci010 kernel: 48320 | 44 48273 | 0 0 0 | 0 0
Mar  5 13:00:34 ci010 kernel: 48445 | 0 48401 | 0 44 0 | 0 0
Mar  5 13:00:35 ci010 kernel: 48401 | 0 48401 | 0 0 0 | 0 0
Mar  5 13:00:36 ci010 kernel: 968656 | 0 2045 | 0 0 0 | 0 0
Mar  5 13:00:36 ci010 kernel: 481260 | 0 48341 | 0 0 0 | 0 0
Mar  5 13:00:37 ci010 kernel: 488912 | 0 48340 | 0 0 0 | 0 0
Mar  5 13:00:37 ci010 kernel: 239318 | 0 48341 | 0 0 0 | 0 0
Mar  5 13:00:38 ci010 kernel: 48362 | 0 48341 | 0 0 0 | 0 0
Mar  5 13:00:38 ci010 kernel: 338834 | 0 48341 | 0 0 0 | 0 0
Mar  5 13:00:39 ci010 kernel: 631160 | 2 48335 | 0 0 0 | 0 0
Mar  5 13:00:40 ci010 kernel: 48340 | 0 48338 | 0 2 0 | 0 0
Mar  5 13:00:40 ci010 kernel: 96742 | 0 48400 | 0 0 0 | 0 0
Mar  5 13:00:41 ci010 kernel: 48354 | 0 48354 | 0 0 0 | 0 0
Mar  5 13:00:41 ci010 kernel: 48430 | 4 48343 | 0 0 0 | 0 0
Mar  5 13:00:42 ci010 kernel: 437388 | 0 48350 | 0 4 0 | 0 0
Mar  5 13:00:42 ci010 kernel: 48351 | 0 48351 | 0 0 0 | 0 0
Mar  5 13:00:43 ci010 kernel: 48351 | 0 48351 | 0 0 0 | 0 0
Mar  5 13:00:43 ci010 kernel: 483832 | 0 48351 | 0 0 0 | 0 0
Mar  5 13:00:44 ci010 kernel: 48351 | 0 48351 | 0 0 0 | 0 0
Mar  5 13:00:44 ci010 kernel: 48351 | 0 48350 | 0 0 0 | 0 0
Mar  5 13:00:45 ci010 kernel: 48397 | 0 48396 | 0 0 0 | 0 0
Mar  5 13:00:45 ci010 kernel: 48332 | 0 48332 | 0 0 0 | 0 0
Mar  5 13:00:46 ci010 kernel: 48335 | 0 48335 | 0 0 0 | 0 0
Mar  5 13:00:47 ci010 kernel: 968650 | 1 47614 | 0 0 0 | 0 0
Mar  5 13:00:47 ci010 kernel: 435270 | 20 48274 | 0 1 0 | 0 0
Mar  5 13:00:48 ci010 kernel: 579602 | 0 48314 | 0 20 0 | 0 0
Mar  5 13:00:48 ci010 kernel: 193182 | 137 47904 | 0 0 0 | 0 0
Mar  5 13:00:49 ci010 kernel: 48313 | 0 48175 | 0 137 0 | 0 0
Mar  5 13:00:49 ci010 kernel: 385758 | 0 48174 | 0 0 0 | 0 0
Mar  5 13:00:50 ci010 kernel: 628065 | 0 48239 | 0 0 0 | 0 0
Mar  5 13:00:51 ci010 kernel: 48239 | 0 48239 | 0 0 0 | 0 0
Mar  5 13:00:51 ci010 kernel: 96468 | 0 48194 | 0 0 0 | 0 0
Mar  5 13:00:52 ci010 kernel: 48194 | 0 48194 | 0 0 0 | 0 0
Mar  5 13:00:52 ci010 kernel: 48193 | 1 48192 | 0 0 0 | 0 0
Mar  5 13:00:53 ci010 kernel: 482405 | 4 48181 | 0 1 0 | 0 0
Mar  5 13:00:53 ci010 kernel: 48194 | 0 48190 | 0 4 0 | 0 0
Mar  5 13:00:54 ci010 kernel: 48189 | 0 48189 | 0 0 0 | 0 0
Mar  5 13:00:54 ci010 kernel: 458379 | 2 48184 | 0 0 0 | 0 0
Mar  5 13:00:55 ci010 kernel: 71708 | 0 48225 | 0 2 0 | 0 0
Mar  5 13:00:55 ci010 kernel: 48225 | 0 48225 | 0 0 0 | 0 0
Mar  5 13:00:56 ci010 kernel: 48162 | 0 48162 | 0 0 0 | 0 0
Mar  5 13:00:56 ci010 kernel: 48166 | 0 48166 | 0 0 0 | 0 0
Mar  5 13:00:57 ci010 kernel: 48165 | 0 48165 | 0 0 0 | 0 0
Mar  5 13:00:58 ci010 kernel: 968486 | 1 5197 | 0 0 0 | 0 0
Mar  5 13:00:58 ci010 kernel: 433677 | 2 48158 | 0 1 0 | 0 0
Mar  5 13:00:59 ci010 kernel: 535244 | 0 48163 | 0 2 0 | 0 0
Mar  5 13:00:59 ci010 kernel: 192807 | 0 48162 | 0 0 0 | 0 0
Mar  5 13:01:00 ci010 kernel: 48163 | 0 48163 | 0 0 0 | 0 0
Mar  5 13:01:00 ci010 kernel: 337442 | 0 48225 | 0 0 0 | 0 0
Mar  5 13:01:01 ci010 kernel: 631636 | 0 48179 | 0 0 0 | 0 0
Mar  5 13:01:01 ci010 kernel: 48180 | 0 48180 | 0 0 0 | 0 0
Mar  5 13:01:02 ci010 kernel: 96337 | 0 48179 | 0 0 0 | 0 0
Mar  5 13:01:02 ci010 kernel: 48180 | 0 48180 | 0 0 0 | 0 0
Mar  5 13:01:03 ci010 kernel: 48180 | 0 48179 | 0 0 0 | 0 0
Mar  5 13:01:04 ci010 kernel: 438892 | 0 48180 | 0 0 0 | 0 0
Mar  5 13:01:04 ci010 kernel: 48180 | 0 48180 | 0 0 0 | 0 0
Mar  5 13:01:05 ci010 kernel: 48180 | 0 48180 | 0 0 0 | 0 0
Mar  5 13:01:05 ci010 kernel: 481920 | 0 48229 | 0 0 0 | 0 0
Mar  5 13:01:06 ci010 kernel: 48432 | 0 48380 | 37 11 4 | 0 0
Mar  5 13:01:06 ci010 kernel: 48384 | 0 48384 | 0 0 0 | 0 0
Mar  5 13:01:07 ci010 kernel: 48384 | 0 48383 | 0 0 0 | 0 0
Mar  5 13:01:07 ci010 kernel: 48384 | 0 48384 | 0 0 0 | 0 0
Mar  5 13:01:08 ci010 kernel: 48383 | 0 48383 | 0 0 0 | 0 0
Mar  5 13:01:08 ci010 kernel: 968700 | 0 46747 | 0 0 0 | 0 0
Mar  5 13:01:09 ci010 kernel: 433758 | 0 48383 | 0 0 0 | 0 0
Mar  5 13:01:09 ci010 kernel: 578354 | 0 48384 | 0 0 0 | 0 0
Mar  5 13:01:10 ci010 kernel: 192973 | 0 48445 | 0 0 0 | 0 0
Mar  5 13:01:11 ci010 kernel: 48445 | 0 48445 | 0 0 0 | 0 0
Mar  5 13:01:11 ci010 kernel: 337681 | 0 48400 | 0 0 0 | 0 0
Mar  5 13:01:12 ci010 kernel: 675408 | 0 48400 | 0 0 0 | 0 0
Mar  5 13:01:12 ci010 kernel: 48400 | 0 48400 | 0 0 0 | 0 0
Mar  5 13:01:13 ci010 kernel: 96814 | 0 48400 | 16 11 4 | 0 0
Mar  5 13:01:13 ci010 kernel: 48401 | 0 48400 | 0 0 0 | 0 0
Mar  5 13:01:14 ci010 kernel: 48402 | 0 48401 | 0 0 0 | 0 0
Mar  5 13:01:14 ci010 kernel: 482284 | 0 48400 | 0 0 0 | 0 0
Mar  5 13:01:15 ci010 kernel: 48450 | 0 48450 | 0 0 0 | 0 0
Mar  5 13:01:15 ci010 kernel: 48381 | 0 48381 | 0 0 0 | 0 0
Mar  5 13:01:16 ci010 kernel: 484307 | 44 48252 | 0 0 0 | 0 0
Mar  5 13:01:17 ci010 kernel: 48405 | 0 48339 | 0 44 0 | 0 0
Mar  5 13:01:17 ci010 kernel: 48340 | 0 48340 | 0 0 0 | 0 0
Mar  5 13:01:18 ci010 kernel: 48340 | 0 48339 | 0 0 0 | 0 0
Mar  5 13:01:18 ci010 kernel: 48340 | 0 48340 | 0 0 0 | 0 0
Mar  5 13:01:19 ci010 kernel: 48339 | 0 48339 | 0 0 0 | 0 0
Mar  5 13:01:19 ci010 kernel: 968656 | 0 2311 | 0 0 0 | 0 0
Mar  5 13:01:20 ci010 kernel: 435833 | 0 48340 | 0 0 0 | 0 0
Mar  5 13:01:20 ci010 kernel: 534513 | 0 48480 | 0 0 0 | 0 0
Mar  5 13:01:21 ci010 kernel: 193672 | 0 48356 | 0 0 0 | 0 0
Mar  5 13:01:21 ci010 kernel: 48357 | 0 48357 | 0 0 0 | 0 0
Mar  5 13:01:22 ci010 kernel: 338806 | 0 48356 | 0 0 0 | 0 0
Mar  5 13:01:22 ci010 kernel: 631286 | 2 48351 | 0 0 0 | 0 0
Mar  5 13:01:23 ci010 kernel: 48356 | 0 48354 | 0 2 0 | 0 0
Mar  5 13:01:24 ci010 kernel: 96786 | 4 48343 | 0 0 0 | 0 0
Mar  5 13:01:24 ci010 kernel: 48356 | 0 48351 | 0 4 0 | 0 0
Mar  5 13:01:25 ci010 kernel: 48351 | 0 48350 | 0 0 0 | 0 0
Mar  5 13:01:25 ci010 kernel: 437779 | 0 48519 | 0 0 0 | 0 0
Mar  5 13:01:26 ci010 kernel: 48332 | 0 48332 | 0 0 0 | 0 0
Mar  5 13:01:26 ci010 kernel: 48335 | 0 48335 | 0 0 0 | 0 0
Mar  5 13:01:27 ci010 kernel: 483819 | 0 48334 | 0 0 0 | 0 0
Mar  5 13:01:27 ci010 kernel: 48357 | 0 48335 | 0 0 0 | 0 0
Mar  5 13:01:28 ci010 kernel: 48334 | 0 48334 | 0 0 0 | 0 0
Mar  5 13:01:28 ci010 kernel: 48335 | 0 48335 | 0 0 0 | 0 0
Mar  5 13:01:29 ci010 kernel: 48334 | 0 48334 | 0 0 0 | 0 0
Mar  5 13:01:29 ci010 kernel: 48335 | 0 48335 | 0 0 0 | 0 0
Mar  5 13:01:30 ci010 kernel: 968650 | 0 47159 | 0 0 0 | 0 0
Mar  5 13:01:31 ci010 kernel: 435669 | 0 48401 | 0 0 0 | 0 0
Mar  5 13:01:31 ci010 kernel: 579153 | 0 48396 | 16 11 4 | 0 0
Mar  5 13:01:32 ci010 kernel: 193668 | 0 48397 | 0 0 0 | 0 0
Mar  5 13:01:32 ci010 kernel: 48397 | 0 48397 | 0 0 0 | 0 0
Mar  5 13:01:33 ci010 kernel: 338694 | 0 48396 | 0 0 0 | 0 0
Mar  5 13:01:33 ci010 kernel: 676190 | 0 48397 | 0 0 0 | 0 0
Mar  5 13:01:34 ci010 kernel: 50707 | 0 48396 | 0 0 0 | 0 0
Mar  5 13:01:35 ci010 kernel: 94637 | 0 48397 | 0 0 0 | 0 0
Mar  5 13:01:35 ci010 kernel: 48525 | 0 48524 | 0 0 0 | 0 0
Mar  5 13:01:36 ci010 kernel: 48380 | 0 48379 | 0 0 0 | 0 0
Mar  5 13:01:36 ci010 kernel: 482507 | 0 48383 | 0 0 0 | 0 0
Mar  5 13:01:37 ci010 kernel: 48382 | 0 48382 | 0 0 0 | 0 0
Mar  5 13:01:37 ci010 kernel: 48383 | 0 48383 | 0 0 0 | 0 0
Mar  5 13:01:38 ci010 kernel: 484303 | 0 48382 | 0 0 0 | 0 0
Mar  5 13:01:38 ci010 kernel: 48576 | 0 48383 | 16 11 4 | 0 0
Mar  5 13:01:39 ci010 kernel: 48383 | 0 48383 | 0 0 0 | 0 0
Mar  5 13:01:39 ci010 kernel: 48384 | 0 48384 | 0 0 0 | 0 0
Mar  5 13:01:40 ci010 kernel: 48384 | 0 48383 | 0 0 0 | 0 0
Mar  5 13:01:40 ci010 kernel: 48400 | 0 48400 | 0 0 0 | 0 0
Mar  5 13:01:41 ci010 kernel: 968700 | 0 1594 | 0 0 0 | 0 0
Mar  5 13:01:41 ci010 kernel: 387220 | 0 48400 | 0 0 0 | 0 0
Mar  5 13:01:42 ci010 kernel: 582587 | 44 48267 | 0 0 0 | 0 0
Mar  5 13:01:43 ci010 kernel: 193633 | 0 48356 | 0 44 0 | 0 0
Mar  5 13:01:43 ci010 kernel: 48355 | 0 48355 | 0 0 0 | 0 0
Mar  5 13:01:44 ci010 kernel: 338854 | 0 48356 | 0 0 0 | 0 0
Mar  5 13:01:44 ci010 kernel: 630745 | 0 48355 | 0 0 0 | 0 0
Mar  5 13:01:45 ci010 kernel: 96756 | 0 48356 | 0 0 0 | 0 0
Mar  5 13:01:45 ci010 kernel: 48407 | 0 48404 | 0 0 0 | 0 0
Mar  5 13:01:46 ci010 kernel: 48340 | 0 48339 | 0 0 0 | 0 0
Mar  5 13:01:46 ci010 kernel: 48343 | 0 48342 | 0 0 0 | 0 0
Mar  5 13:01:47 ci010 kernel: 437143 | 0 48341 | 0 0 0 | 0 0
Mar  5 13:01:47 ci010 kernel: 48342 | 0 48342 | 0 0 0 | 0 0
Mar  5 13:01:48 ci010 kernel: 48341 | 0 48341 | 0 0 0 | 0 0
Mar  5 13:01:49 ci010 kernel: 483689 | 2 48336 | 0 0 0 | 0 0
Mar  5 13:01:49 ci010 kernel: 48595 | 4 48328 | 0 2 0 | 0 0
Mar  5 13:01:50 ci010 kernel: 48337 | 0 48333 | 0 4 0 | 0 0
Mar  5 13:01:50 ci010 kernel: 48400 | 0 48400 | 0 0 0 | 0 0
Mar  5 13:01:51 ci010 kernel: 48401 | 0 48400 | 0 0 0 | 0 0
Mar  5 13:01:51 ci010 kernel: 48352 | 0 48352 | 0 0 0 | 0 0
Mar  5 13:01:52 ci010 kernel: 968650 | 0 48003 | 0 0 0 | 0 0
Mar  5 13:01:52 ci010 kernel: 386794 | 0 48352 | 0 0 0 | 0 0
Mar  5 13:01:53 ci010 kernel: 628565 | 0 48351 | 0 0 0 | 0 0
Mar  5 13:01:54 ci010 kernel: 193461 | 0 48352 | 0 0 0 | 0 0
Mar  5 13:01:54 ci010 kernel: 48349 | 0 48349 | 0 0 0 | 0 0
Mar  5 13:01:55 ci010 kernel: 338500 | 0 48349 | 0 0 0 | 0 0
Mar  5 13:01:55 ci010 kernel: 677052 | 0 48477 | 0 0 0 | 0 0
Mar  5 13:01:56 ci010 kernel: 96685 | 0 48333 | 0 0 0 | 0 0
Mar  5 13:01:56 ci010 kernel: 48337 | 0 48336 | 0 0 0 | 0 0
Mar  5 13:01:57 ci010 kernel: 48418 | 0 48386 | 16 11 4 | 0 0
Mar  5 13:01:57 ci010 kernel: 48387 | 0 48386 | 0 0 0 | 0 0
Mar  5 13:01:58 ci010 kernel: 483399 | 0 48387 | 0 0 0 | 0 0
Mar  5 13:01:58 ci010 kernel: 48386 | 0 48386 | 0 0 0 | 0 0
Mar  5 13:01:59 ci010 kernel: 48384 | 0 48384 | 0 0 0 | 0 0
Mar  5 13:01:59 ci010 kernel: 483944 | 0 48384 | 0 0 0 | 0 0
Mar  5 13:02:00 ci010 kernel: 48691 | 0 48528 | 0 0 0 | 0 0
Mar  5 13:02:01 ci010 kernel: 48528 | 0 48528 | 0 0 0 | 0 0
Mar  5 13:02:01 ci010 kernel: 48403 | 0 48403 | 0 0 0 | 0 0
Mar  5 13:02:01 ci010 kernel: 48405 | 0 48404 | 0 0 0 | 0 0
Mar  5 13:02:02 ci010 kernel: 48403 | 0 48403 | 0 0 0 | 0 0
Mar  5 13:02:03 ci010 kernel: 968700 | 0 815 | 0 0 0 | 0 0
Mar  5 13:02:03 ci010 kernel: 387172 | 0 48401 | 0 0 0 | 0 0
Mar  5 13:02:04 ci010 kernel: 581898 | 0 48400 | 16 11 4 | 0 0
Mar  5 13:02:04 ci010 kernel: 193642 | 0 48400 | 0 0 0 | 0 0
Mar  5 13:02:05 ci010 kernel: 48401 | 0 48401 | 0 0 0 | 0 0
Mar  5 13:02:05 ci010 kernel: 338854 | 0 48383 | 0 0 0 | 0 0
Mar  5 13:02:06 ci010 kernel: 630461 | 0 48386 | 0 0 0 | 0 0
Mar  5 13:02:07 ci010 kernel: 96889 | 0 48385 | 0 0 0 | 0 0
Mar  5 13:02:07 ci010 kernel: 48386 | 0 48386 | 0 0 0 | 0 0
Mar  5 13:02:08 ci010 kernel: 48299 | 44 48251 | 0 0 0 | 0 0
Mar  5 13:02:08 ci010 kernel: 48383 | 0 48338 | 0 44 0 | 0 0
Mar  5 13:02:09 ci010 kernel: 436754 | 0 48339 | 0 0 0 | 0 0
Mar  5 13:02:09 ci010 kernel: 48338 | 0 48338 | 0 0 0 | 0 0
Mar  5 13:02:10 ci010 kernel: 48339 | 0 48339 | 0 0 0 | 0 0
Mar  5 13:02:10 ci010 kernel: 483935 | 0 48411 | 0 0 0 | 0 0
Mar  5 13:02:11 ci010 kernel: 48573 | 0 48411 | 0 0 0 | 0 0
Mar  5 13:02:11 ci010 kernel: 48362 | 0 48362 | 0 0 0 | 0 0
Mar  5 13:02:12 ci010 kernel: 48363 | 0 48363 | 0 0 0 | 0 0
