Mar  5 12:27:41 ci010 kernel: 1 | 0 0 | 0 0 0 | 0 0
Mar  5 12:27:41 ci010 kernel: 1 | 0 0 | 0 0 0 | 0 0
Mar  5 12:27:41 ci010 kernel: 4 | 0 0 | 0 0 0 | 0 0
Mar  5 12:27:42 ci010 kernel: 4 | 0 0 | 0 0 0 | 0 0
Mar  5 12:27:43 ci010 kernel: 5 | 2 0 | 0 0 0 | 0 0
Mar  5 12:27:44 ci010 kernel: 7 | 0 0 | 0 0 0 | 0 0
Mar  5 12:27:45 ci010 kernel: 7 | 1 0 | 0 0 0 | 0 0
Mar  5 12:27:46 ci010 kernel: 7 | 0 0 | 0 0 0 | 0 0
Mar  5 12:27:47 ci010 kernel: 7 | 1 0 | 0 0 0 | 0 0
Mar  5 12:27:48 ci010 kernel: 7 | 5 0 | 0 0 0 | 0 0
Mar  5 12:27:49 ci010 kernel: 7 | 0 0 | 0 0 0 | 0 0
Mar  5 12:27:50 ci010 kernel: 7 | 1 0 | 0 0 0 | 0 0
Mar  5 12:27:51 ci010 kernel: 8 | 0 0 | 0 0 0 | 0 0
Mar  5 12:27:52 ci010 kernel: 47 | 1 0 | 0 0 0 | 0 0
Mar  5 12:27:53 ci010 kernel: 732 | 4 0 | 0 0 0 | 0 0
Mar  5 12:27:54 ci010 kernel: 947929 | 172 1 | 356 379 64 | 0 0
Mar  5 12:27:55 ci010 kernel: 962041 | 430 294 | 0 255 152 | 0 0
Mar  5 12:27:55 ci010 kernel: 961786 | 480 1493 | 0 878 0 | 0 0
Mar  5 12:27:56 ci010 kernel: 960907 | 699 426 | 0 1983 62 | 0 0
Mar  5 12:27:56 ci010 kernel: 64313 | 443 47550 | 100 1092 0 | 0 0
Mar  5 12:27:57 ci010 kernel: 39320 | 105 27171 | 0 8042 3805 | 0 0
Mar  5 12:27:58 ci010 kernel: 34699 | 28 22142 | 0 8032 4328 | 0 0
Mar  5 12:27:58 ci010 kernel: 31002 | 21 16672 | 10 9219 4950 | 0 0
Mar  5 12:27:58 ci010 kernel: 26835 | 14 16127 | 0 6328 4250 | 0 0
Mar  5 12:27:59 ci010 kernel: 22615 | 3 15214 | 0 2818 4467 | 0 0
Mar  5 12:27:59 ci010 kernel: 20051 | 2 7584 | 0 8092 4262 | 0 0
Mar  5 12:28:00 ci010 kernel: 20264 | 1 8512 | 0 6951 4690 | 0 0
Mar  5 12:28:00 ci010 kernel: 18474 | 0 10694 | 0 2893 4777 | 0 0
Mar  5 12:28:01 ci010 kernel: 16915 | 0 4962 | 2 7668 4173 | 0 0
Mar  5 12:28:01 ci010 kernel: 16354 | 0 8410 | 2 3764 4068 | 0 0
Mar  5 12:28:02 ci010 kernel: 15985 | 0 6598 | 0 4113 5164 | 0 0
Mar  5 12:28:02 ci010 kernel: 14776 | 0 4066 | 0 6739 3861 | 0 0
Mar  5 12:28:03 ci010 kernel: 15279 | 0 8097 | 0 1999 5073 | 0 0
Mar  5 12:28:03 ci010 kernel: 11983 | 592 0 | 0 7397 3884 | 0 0
Mar  5 12:28:04 ci010 kernel: 16806 | 0 8196 | 0 2203 6320 | 0 0
Mar  5 12:28:04 ci010 kernel: 10863 | 0 1480 | 0 6010 3286 | 0 0
Mar  5 12:28:05 ci010 kernel: 15071 | 0 7364 | 0 2715 4905 | 0 0
Mar  5 12:28:06 ci010 kernel: 13599 | 0 4356 | 0 4924 4232 | 0 0
Mar  5 12:28:06 ci010 kernel: 15031 | 0 5756 | 0 3369 5819 | 0 0
Mar  5 12:28:07 ci010 kernel: 14050 | 0 5367 | 0 2480 6116 | 0 0
Mar  5 12:28:07 ci010 kernel: 12420 | 0 1667 | 0 6588 4078 | 0 0
Mar  5 12:28:08 ci010 kernel: 13406 | 0 6242 | 0 2190 4887 | 0 0
Mar  5 12:28:08 ci010 kernel: 10734 | 0 2342 | 0 2743 5562 | 0 0
Mar  5 12:28:09 ci010 kernel: 12115 | 0 3980 | 0 3766 4282 | 0 0
Mar  5 12:28:09 ci010 kernel: 11605 | 0 4716 | 0 2544 4258 | 0 0
Mar  5 12:28:10 ci010 kernel: 11150 | 0 4496 | 0 1780 4787 | 0 0
Mar  5 12:28:10 ci010 kernel: 8438 | 0 1243 | 0 2647 4461 | 0 0
Mar  5 12:28:11 ci010 kernel: 12291 | 0 1734 | 0 5294 5176 | 0 0
Mar  5 12:28:13 ci010 kernel: 11284 | 0 6607 | 0 0 4590 | 0 0
Mar  5 12:28:13 ci010 kernel: 11943 | 0 2271 | 0 3219 6366 | 0 0
Mar  5 12:28:13 ci010 kernel: 9909 | 0 2685 | 0 2535 4602 | 0 0
Mar  5 12:28:13 ci010 kernel: 10753 | 0 3536 | 0 1444 5686 | 0 0
Mar  5 12:28:13 ci010 kernel: 9167 | 598 0 | 0 4333 4149 | 0 0
Mar  5 12:28:14 ci010 kernel: 11397 | 0 2949 | 0 2917 5444 | 0 0
Mar  5 12:28:14 ci010 kernel: 9926 | 0 5025 | 0 0 4814 | 0 0
Mar  5 12:28:15 ci010 kernel: 10265 | 0 860 | 0 3757 5561 | 0 0
Mar  5 12:28:15 ci010 kernel: 10706 | 0 2029 | 0 3449 5141 | 0 0
Mar  5 12:28:16 ci010 kernel: 10127 | 0 4076 | 0 1069 4895 | 0 0
Mar  5 12:28:16 ci010 kernel: 8551 | 0 1771 | 0 1703 4990 | 0 0
Mar  5 12:28:17 ci010 kernel: 9840 | 0 2260 | 0 2264 5229 | 0 0
Mar  5 12:28:17 ci010 kernel: 6591 | 267 333 | 0 1527 4377 | 0 0
Mar  5 12:28:18 ci010 kernel: 10546 | 0 2305 | 0 2663 5491 | 0 0
Mar  5 12:28:18 ci010 kernel: 9803 | 0 2174 | 0 3044 4498 | 0 0
Mar  5 12:28:19 ci010 kernel: 9779 | 0 4093 | 0 583 5016 | 0 0
Mar  5 12:28:19 ci010 kernel: 8145 | 0 1218 | 0 2282 4558 | 0 0
Mar  5 12:28:20 ci010 kernel: 9243 | 0 3143 | 0 786 5227 | 0 0
Mar  5 12:28:20 ci010 kernel: 6374 | 0 1344 | 0 1136 3807 | 0 0
Mar  5 12:28:21 ci010 kernel: 10152 | 639 0 | 0 4220 5206 | 0 0
Mar  5 12:28:21 ci010 kernel: 11031 | 0 3938 | 0 98 6908 | 0 0
Mar  5 12:28:22 ci010 kernel: 7752 | 0 1387 | 0 1477 4801 | 0 0
Mar  5 12:28:23 ci010 kernel: 6808 | 594 0 | 0 1750 4377 | 0 0
Mar  5 12:28:23 ci010 kernel: 9566 | 0 1608 | 0 2309 5562 | 0 0
Mar  5 12:28:24 ci010 kernel: 6471 | 0 1051 | 0 0 5333 | 0 0
Mar  5 12:28:24 ci010 kernel: 8129 | 594 0 | 0 2328 5120 | 0 0
Mar  5 12:28:24 ci010 kernel: 11056 | 0 1421 | 0 3287 6261 | 0 0
Mar  5 12:28:25 ci010 kernel: 9099 | 0 4222 | 0 0 4790 | 0 0
Mar  5 12:28:26 ci010 kernel: 9275 | 0 2395 | 0 633 6160 | 0 0
Mar  5 12:28:26 ci010 kernel: 6638 | 0 943 | 0 1275 4333 | 0 0
Mar  5 12:28:26 ci010 kernel: 8538 | 594 0 | 0 2731 5126 | 0 0
Mar  5 12:28:27 ci010 kernel: 7371 | 0 2108 | 0 1156 4020 | 0 0
Mar  5 12:28:27 ci010 kernel: 7277 | 0 692 | 0 1080 5418 | 0 0
Mar  5 12:28:28 ci010 kernel: 7366 | 544 49 | 0 620 6066 | 0 0
Mar  5 12:28:28 ci010 kernel: 8342 | 0 2132 | 0 1116 5007 | 0 0
Mar  5 12:28:29 ci010 kernel: 6197 | 0 1052 | 0 556 4502 | 0 0
Mar  5 12:28:29 ci010 kernel: 7764 | 612 0 | 0 1394 5671 | 0 0
Mar  5 12:28:30 ci010 kernel: 8643 | 0 875 | 0 2643 5038 | 0 0
Mar  5 12:28:30 ci010 kernel: 9185 | 0 2695 | 0 788 5615 | 0 0
Mar  5 12:28:31 ci010 kernel: 6500 | 0 611 | 0 2044 3758 | 0 0
Mar  5 12:28:32 ci010 kernel: 8369 | 0 2478 | 0 876 4928 | 0 0
Mar  5 12:28:32 ci010 kernel: 8249 | 0 1482 | 0 0 6680 | 0 0
Mar  5 12:28:33 ci010 kernel: 7827 | 636 0 | 0 2388 4716 | 0 0
Mar  5 12:28:33 ci010 kernel: 9449 | 0 1651 | 0 1452 6259 | 0 0
Mar  5 12:28:34 ci010 kernel: 6770 | 0 1040 | 0 60 5583 | 0 0
Mar  5 12:28:34 ci010 kernel: 5780 | 459 136 | 0 844 4254 | 0 0
Mar  5 12:28:35 ci010 kernel: 7493 | 653 0 | 0 638 6146 | 0 0
Mar  5 12:28:35 ci010 kernel: 9038 | 0 1883 | 31 646 6422 | 0 0
Mar  5 12:28:36 ci010 kernel: 5980 | 0 1254 | 0 0 4670 | 0 0
Mar  5 12:28:36 ci010 kernel: 6425 | 466 158 | 0 1309 4436 | 0 0
Mar  5 12:28:37 ci010 kernel: 10557 | 624 0 | 0 2717 7161 | 0 0
Mar  5 12:28:37 ci010 kernel: 8261 | 0 1185 | 1 1584 5436 | 0 0
Mar  5 12:28:38 ci010 kernel: 6986 | 228 397 | 0 595 5711 | 0 0
Mar  5 12:28:38 ci010 kernel: 6288 | 451 187 | 0 0 5595 | 0 0
Mar  5 12:28:39 ci010 kernel: 8011 | 625 0 | 0 1752 5579 | 0 0
Mar  5 12:28:39 ci010 kernel: 8456 | 0 2392 | 0 452 5557 | 0 0
Mar  5 12:28:40 ci010 kernel: 8125 | 0 1573 | 0 33 6464 | 0 0
Mar  5 12:28:40 ci010 kernel: 7607 | 669 0 | 0 1779 5104 | 0 0
Mar  5 12:28:41 ci010 kernel: 6963 | 623 0 | 0 705 5580 | 0 0
Mar  5 12:28:41 ci010 kernel: 7586 | 0 2106 | 0 0 5425 | 0 0
Mar  5 12:28:42 ci010 kernel: 7884 | 0 757 | 0 976 6096 | 0 0
Mar  5 12:28:42 ci010 kernel: 7389 | 622 0 | 0 1792 4920 | 0 0
Mar  5 12:28:43 ci010 kernel: 7056 | 0 1421 | 0 403 5177 | 0 0
Mar  5 12:28:43 ci010 kernel: 6667 | 628 0 | 0 1572 4412 | 0 0
Mar  5 12:28:44 ci010 kernel: 8379 | 622 0 | 0 721 6981 | 0 0
Mar  5 12:28:44 ci010 kernel: 6891 | 0 1518 | 0 279 5039 | 0 0
Mar  5 12:28:45 ci010 kernel: 6967 | 0 1011 | 0 0 5901 | 0 0
Mar  5 12:28:45 ci010 kernel: 6531 | 622 0 | 0 1441 4413 | 0 0
Mar  5 12:28:46 ci010 kernel: 7034 | 621 0 | 0 656 5702 | 0 0
Mar  5 12:28:46 ci010 kernel: 6370 | 644 0 | 0 71 5600 | 0 0
Mar  5 12:28:47 ci010 kernel: 585618 | 19 0 | 0 3190 582185 | 0 0
Mar  5 12:28:47 ci010 kernel: 6926 | 7 0 | 0 6703 15 | 0 0
Mar  5 12:28:48 ci010 kernel: 7034 | 8 0 | 0 6822 3 | 0 0
Mar  5 12:28:48 ci010 kernel: 3994 | 2 0 | 0 3773 6 | 0 0
Mar  5 12:28:49 ci010 kernel: 5484 | 69 0 | 0 5264 2 | 0 0
Mar  5 12:28:49 ci010 kernel: 5962 | 0 0 | 0 5720 19 | 0 0
Mar  5 12:28:50 ci010 kernel: 6840 | 99 0 | 0 6598 0 | 0 0
Mar  5 12:28:50 ci010 kernel: 7412 | 12 0 | 98 7067 0 | 0 0
Mar  5 12:28:51 ci010 kernel: 5221 | 25 0 | 1 4979 3 | 0 0
Mar  5 12:28:51 ci010 kernel: 5907 | 73 0 | 0 5641 9 | 0 0
Mar  5 12:28:52 ci010 kernel: 7406 | 3 0 | 0 7081 62 | 0 0
Mar  5 12:28:52 ci010 kernel: 7331 | 66 0 | 1 7064 4 | 0 0
Mar  5 12:28:53 ci010 kernel: 6669 | 80 0 | 0 6351 59 | 0 0
Mar  5 12:28:53 ci010 kernel: 4798 | 2 0 | 3 4450 80 | 0 0
Mar  5 12:28:54 ci010 kernel: 7155 | 63 0 | 0 6872 1 | 0 0
Mar  5 12:28:55 ci010 kernel: 6319 | 86 0 | 0 5983 63 | 0 0
Mar  5 12:28:55 ci010 kernel: 5679 | 19 0 | 3 5041 356 | 0 0
Mar  5 12:28:56 ci010 kernel: 7209 | 54 0 | 0 6907 19 | 0 0
Mar  5 12:28:56 ci010 kernel: 6816 | 92 0 | 0 6473 54 | 0 0
Mar  5 12:28:56 ci010 kernel: 5299 | 23 0 | 0 4913 92 | 0 0
Mar  5 12:28:57 ci010 kernel: 5991 | 60 0 | 0 5669 24 | 0 0
Mar  5 12:28:58 ci010 kernel: 5700 | 97 0 | 0 5339 59 | 0 0
Mar  5 12:28:58 ci010 kernel: 6022 | 27 0 | 0 5618 97 | 0 0
Mar  5 12:28:59 ci010 kernel: 7127 | 64 0 | 0 6774 27 | 0 0
Mar  5 12:28:59 ci010 kernel: 7456 | 102 0 | 0 7063 64 | 0 0
Mar  5 12:29:00 ci010 kernel: 12272 | 46 0 | 0 11846 102 | 0 0
Mar  5 12:29:00 ci010 kernel: 13300 | 67 0 | 1 12903 47 | 0 0
Mar  5 12:29:01 ci010 kernel: 12775 | 97 0 | 0 12365 66 | 0 0
Mar  5 12:29:01 ci010 kernel: 12875 | 71 0 | 1 12402 98 | 0 0
Mar  5 12:29:02 ci010 kernel: 14099 | 62 0 | 0 13665 70 | 0 0
Mar  5 12:29:02 ci010 kernel: 11486 | 127 0 | 0 11050 62 | 0 0
Mar  5 12:29:03 ci010 kernel: 12796 | 61 0 | 0 12284 127 | 0 0
Mar  5 12:29:03 ci010 kernel: 12834 | 72 0 | 0 12352 65 | 0 0
Mar  5 12:29:04 ci010 kernel: 13848 | 138 0 | 0 13370 72 | 0 0
Mar  5 12:29:04 ci010 kernel: 11949 | 116 0 | 0 11374 138 | 0 0
Mar  5 12:29:05 ci010 kernel: 11403 | 61 0 | 0 10838 116 | 0 0
Mar  5 12:29:05 ci010 kernel: 10335 | 169 0 | 0 9754 61 | 0 0
Mar  5 12:29:06 ci010 kernel: 967539 | 0 128 | 0 1567 169 | 0 0
Mar  5 12:29:07 ci010 kernel: 965972 | 1 132 | 0 0 0 | 0 0
Mar  5 12:29:07 ci010 kernel: 49022 | 0 48633 | 0 0 1 | 0 0
Mar  5 12:29:08 ci010 kernel: 48631 | 0 48540 | 0 0 0 | 0 0
Mar  5 12:29:08 ci010 kernel: 48600 | 0 48508 | 0 0 0 | 0 0
Mar  5 12:29:09 ci010 kernel: 50067 | 0 50005 | 0 1 1 | 0 0
Mar  5 12:29:09 ci010 kernel: 50163 | 36 49864 | 0 1 0 | 0 0
Mar  5 12:29:10 ci010 kernel: 50223 | 14 49927 | 0 35 1 | 0 0
Mar  5 12:29:10 ci010 kernel: 50177 | 12 49919 | 0 14 0 | 0 0
Mar  5 12:29:11 ci010 kernel: 50187 | 0 49943 | 0 12 0 | 0 0
Mar  5 12:29:11 ci010 kernel: 49739 | 143 49526 | 0 0 0 | 0 0
Mar  5 12:29:12 ci010 kernel: 50067 | 0 49844 | 91 53 9 | 0 0
Mar  5 12:29:12 ci010 kernel: 49908 | 0 49837 | 0 1 0 | 0 0
Mar  5 12:29:13 ci010 kernel: 49907 | 0 49836 | 0 1 0 | 0 0
Mar  5 12:29:13 ci010 kernel: 49874 | 0 49804 | 0 0 0 | 0 0
Mar  5 12:29:14 ci010 kernel: 147180 | 0 49750 | 4 4 1 | 0 0
Mar  5 12:29:14 ci010 kernel: 147168 | 1 49750 | 0 0 0 | 0 0
Mar  5 12:29:15 ci010 kernel: 49831 | 0 49720 | 0 1 0 | 0 0
Mar  5 12:29:15 ci010 kernel: 49809 | 0 49721 | 0 0 0 | 0 0
Mar  5 12:29:16 ci010 kernel: 49807 | 0 49720 | 0 0 0 | 0 0
Mar  5 12:29:16 ci010 kernel: 49851 | 0 49780 | 0 0 0 | 0 0
Mar  5 12:29:17 ci010 kernel: 49851 | 0 49780 | 0 0 0 | 0 0
Mar  5 12:29:18 ci010 kernel: 49805 | 0 49734 | 0 0 0 | 0 0
Mar  5 12:29:18 ci010 kernel: 970286 | 0 20670 | 0 0 0 | 0 0
Mar  5 12:29:19 ci010 kernel: 970286 | 0 1 | 0 0 0 | 0 0
Mar  5 12:29:19 ci010 kernel: 70476 | 0 49734 | 0 1 0 | 0 0
Mar  5 12:29:20 ci010 kernel: 49805 | 0 49729 | 0 5 0 | 0 0
Mar  5 12:29:20 ci010 kernel: 49800 | 0 49729 | 0 0 0 | 0 0
Mar  5 12:29:21 ci010 kernel: 49799 | 0 49728 | 0 0 0 | 0 0
Mar  5 12:29:21 ci010 kernel: 49855 | 0 49782 | 0 0 0 | 0 0
Mar  5 12:29:22 ci010 kernel: 49855 | 0 49782 | 0 0 0 | 0 0
Mar  5 12:29:22 ci010 kernel: 49826 | 10 49698 | 0 0 0 | 0 0
Mar  5 12:29:23 ci010 kernel: 49932 | 1 49716 | 0 10 0 | 0 0
Mar  5 12:29:23 ci010 kernel: 49904 | 1 49699 | 0 1 0 | 0 0
Mar  5 12:29:24 ci010 kernel: 49889 | 6 49686 | 0 1 0 | 0 0
Mar  5 12:29:25 ci010 kernel: 49948 | 0 49697 | 0 6 0 | 0 0
Mar  5 12:29:25 ci010 kernel: 49939 | 2 49692 | 0 0 0 | 0 0
Mar  5 12:29:26 ci010 kernel: 49654 | 91 49422 | 0 2 0 | 0 0
Mar  5 12:29:26 ci010 kernel: 49830 | 1 49600 | 0 91 0 | 0 0
Mar  5 12:29:27 ci010 kernel: 50049 | 0 49874 | 15 2 0 | 0 0
Mar  5 12:29:27 ci010 kernel: 49707 | 53 49548 | 0 0 0 | 0 0
Mar  5 12:29:28 ci010 kernel: 49830 | 0 49655 | 1 52 0 | 0 0
Mar  5 12:29:28 ci010 kernel: 49775 | 0 49654 | 0 0 0 | 0 0
Mar  5 12:29:29 ci010 kernel: 49840 | 0 49712 | 4 3 0 | 0 0
Mar  5 12:29:29 ci010 kernel: 970261 | 0 25862 | 0 0 0 | 0 0
Mar  5 12:29:30 ci010 kernel: 970270 | 0 0 | 0 1 0 | 0 0
Mar  5 12:29:30 ci010 kernel: 75691 | 0 49720 | 0 0 0 | 0 0
Mar  5 12:29:31 ci010 kernel: 49830 | 0 49718 | 0 2 1 | 0 0
Mar  5 12:29:32 ci010 kernel: 49851 | 0 49758 | 0 0 0 | 0 0
Mar  5 12:29:32 ci010 kernel: 49827 | 8 49734 | 0 0 0 | 0 0
Mar  5 12:29:33 ci010 kernel: 49803 | 0 49710 | 0 8 0 | 0 0
Mar  5 12:29:33 ci010 kernel: 49795 | 0 49710 | 0 0 0 | 0 0
Mar  5 12:29:34 ci010 kernel: 49779 | 0 49693 | 0 0 0 | 0 0
Mar  5 12:29:34 ci010 kernel: 49782 | 0 49696 | 0 0 0 | 0 0
Mar  5 12:29:35 ci010 kernel: 49781 | 0 49695 | 0 0 0 | 0 0
Mar  5 12:29:35 ci010 kernel: 49783 | 0 49696 | 0 0 0 | 0 0
Mar  5 12:29:36 ci010 kernel: 49781 | 0 49695 | 0 0 0 | 0 0
Mar  5 12:29:36 ci010 kernel: 49844 | 0 49756 | 0 0 0 | 0 0
Mar  5 12:29:37 ci010 kernel: 49860 | 0 49756 | 0 0 0 | 0 0
Mar  5 12:29:37 ci010 kernel: 49813 | 0 49708 | 0 0 0 | 0 0
Mar  5 12:29:38 ci010 kernel: 49902 | 0 49709 | 0 0 0 | 0 0
Mar  5 12:29:38 ci010 kernel: 49900 | 0 49708 | 0 0 0 | 0 0
Mar  5 12:29:39 ci010 kernel: 49902 | 0 49709 | 0 0 0 | 0 0
Mar  5 12:29:40 ci010 kernel: 49903 | 0 49712 | 0 0 0 | 0 0
Mar  5 12:29:40 ci010 kernel: 49959 | 0 49712 | 0 0 0 | 0 0
Mar  5 12:29:41 ci010 kernel: 970263 | 0 25434 | 0 0 0 | 0 0
Mar  5 12:29:41 ci010 kernel: 970263 | 90 1 | 0 0 0 | 0 0
Mar  5 12:29:42 ci010 kernel: 75378 | 4 49696 | 0 90 0 | 0 0
Mar  5 12:29:42 ci010 kernel: 49740 | 52 49551 | 15 4 0 | 0 0
Mar  5 12:29:43 ci010 kernel: 49825 | 0 49656 | 1 51 0 | 0 0
Mar  5 12:29:43 ci010 kernel: 49771 | 0 49655 | 0 0 0 | 0 0
Mar  5 12:29:44 ci010 kernel: 49812 | 0 49701 | 5 4 0 | 0 0
Mar  5 12:29:44 ci010 kernel: 49806 | 0 49704 | 0 0 0 | 0 0
Mar  5 12:29:45 ci010 kernel: 49815 | 0 49710 | 0 1 0 | 0 0
Mar  5 12:29:45 ci010 kernel: 49814 | 0 49711 | 0 0 0 | 0 0
Mar  5 12:29:46 ci010 kernel: 49814 | 0 49710 | 0 0 0 | 0 0
Mar  5 12:29:47 ci010 kernel: 49933 | 0 49845 | 0 0 0 | 0 0
Mar  5 12:29:47 ci010 kernel: 49932 | 0 49845 | 0 0 0 | 0 0
Mar  5 12:29:48 ci010 kernel: 49812 | 0 49725 | 0 0 0 | 0 0
Mar  5 12:29:48 ci010 kernel: 49813 | 0 49726 | 0 0 0 | 0 0
Mar  5 12:29:49 ci010 kernel: 49813 | 0 49726 | 0 0 0 | 0 0
Mar  5 12:29:49 ci010 kernel: 49812 | 0 49726 | 0 0 0 | 0 0
Mar  5 12:29:50 ci010 kernel: 49815 | 0 49726 | 0 0 0 | 0 0
Mar  5 12:29:50 ci010 kernel: 49814 | 0 49725 | 0 0 0 | 0 0
Mar  5 12:29:51 ci010 kernel: 49818 | 0 49726 | 0 0 0 | 0 0
Mar  5 12:29:51 ci010 kernel: 49817 | 0 49725 | 0 0 0 | 0 0
Mar  5 12:29:52 ci010 kernel: 970214 | 0 25438 | 0 1035 0 | 0 0
Mar  5 12:29:52 ci010 kernel: 969179 | 0 0 | 0 0 0 | 0 0
Mar  5 12:29:53 ci010 kernel: 74143 | 0 48617 | 0 0 0 | 0 0
Mar  5 12:29:54 ci010 kernel: 48568 | 57 48424 | 0 0 0 | 0 0
Mar  5 12:29:54 ci010 kernel: 48702 | 0 48541 | 0 57 0 | 0 0
Mar  5 12:29:55 ci010 kernel: 48642 | 1 48537 | 0 0 0 | 0 0
Mar  5 12:29:55 ci010 kernel: 48707 | 0 48540 | 0 1 0 | 0 0
Mar  5 12:29:56 ci010 kernel: 48704 | 0 48539 | 0 0 0 | 0 0
Mar  5 12:29:56 ci010 kernel: 48660 | 11 48507 | 0 0 0 | 0 0
Mar  5 12:29:56 ci010 kernel: 48735 | 0 48583 | 0 11 0 | 0 0
Mar  5 12:29:57 ci010 kernel: 48556 | 56 48415 | 0 0 0 | 0 0
Mar  5 12:29:58 ci010 kernel: 48627 | 0 48486 | 0 56 0 | 0 0
Mar  5 12:29:58 ci010 kernel: 48573 | 0 48486 | 0 0 0 | 0 0
Mar  5 12:29:59 ci010 kernel: 48637 | 0 48543 | 4 3 0 | 0 0
Mar  5 12:29:59 ci010 kernel: 48630 | 0 48542 | 0 0 0 | 0 0
Mar  5 12:30:00 ci010 kernel: 48634 | 0 48543 | 0 0 0 | 0 0
Mar  5 12:30:00 ci010 kernel: 48634 | 0 48542 | 0 0 0 | 0 0
Mar  5 12:30:01 ci010 kernel: 48630 | 0 48543 | 0 0 0 | 0 0
Mar  5 12:30:01 ci010 kernel: 48783 | 0 48698 | 0 0 0 | 0 0
Mar  5 12:30:02 ci010 kernel: 48692 | 0 48607 | 0 0 0 | 0 0
Mar  5 12:30:02 ci010 kernel: 48644 | 0 48544 | 0 0 0 | 0 0
Mar  5 12:30:03 ci010 kernel: 969110 | 0 46717 | 0 0 0 | 0 0
Mar  5 12:30:03 ci010 kernel: 969110 | 14 1 | 0 0 0 | 0 0
Mar  5 12:30:04 ci010 kernel: 95331 | 0 48515 | 0 14 0 | 0 0
Mar  5 12:30:05 ci010 kernel: 48602 | 0 48514 | 0 0 0 | 0 0
Mar  5 12:30:05 ci010 kernel: 48603 | 0 48515 | 0 0 0 | 0 0
Mar  5 12:30:06 ci010 kernel: 48602 | 0 48514 | 0 0 0 | 0 0
Mar  5 12:30:06 ci010 kernel: 48603 | 0 48515 | 0 0 0 | 0 0
Mar  5 12:30:07 ci010 kernel: 48659 | 0 48573 | 0 0 0 | 0 0
Mar  5 12:30:07 ci010 kernel: 48676 | 0 48573 | 0 0 0 | 0 0
Mar  5 12:30:08 ci010 kernel: 48637 | 0 48533 | 0 0 0 | 0 0
Mar  5 12:30:08 ci010 kernel: 48635 | 0 48532 | 0 0 0 | 0 0
Mar  5 12:30:09 ci010 kernel: 48636 | 0 48533 | 0 0 0 | 0 0
Mar  5 12:30:09 ci010 kernel: 48635 | 0 48532 | 0 0 0 | 0 0
Mar  5 12:30:10 ci010 kernel: 48692 | 0 48533 | 0 0 0 | 0 0
Mar  5 12:30:10 ci010 kernel: 48675 | 0 48533 | 0 0 0 | 0 0
Mar  5 12:30:11 ci010 kernel: 48677 | 0 48536 | 0 0 0 | 0 0
Mar  5 12:30:12 ci010 kernel: 48705 | 4 48564 | 0 0 0 | 0 0
Mar  5 12:30:12 ci010 kernel: 48558 | 52 48415 | 0 4 0 | 0 0
Mar  5 12:30:13 ci010 kernel: 48618 | 0 48477 | 0 52 0 | 0 0
Mar  5 12:30:13 ci010 kernel: 48567 | 0 48478 | 0 0 0 | 0 0
Mar  5 12:30:14 ci010 kernel: 48544 | 0 48457 | 0 0 0 | 0 0
Mar  5 12:30:14 ci010 kernel: 969108 | 0 47112 | 5 4 0 | 0 0
Mar  5 12:30:15 ci010 kernel: 969099 | 0 0 | 0 0 0 | 0 0
Mar  5 12:30:15 ci010 kernel: 95714 | 0 48517 | 0 0 0 | 0 0
Mar  5 12:30:16 ci010 kernel: 48601 | 0 48516 | 0 0 0 | 0 0
Mar  5 12:30:16 ci010 kernel: 48602 | 0 48517 | 0 0 0 | 0 0
Mar  5 12:30:17 ci010 kernel: 48661 | 0 48576 | 0 0 0 | 0 0
Mar  5 12:30:17 ci010 kernel: 48615 | 0 48530 | 0 0 0 | 0 0
Mar  5 12:30:18 ci010 kernel: 48619 | 0 48531 | 0 0 0 | 0 0
Mar  5 12:30:19 ci010 kernel: 48618 | 0 48530 | 0 0 0 | 0 0
Mar  5 12:30:19 ci010 kernel: 48619 | 0 48531 | 0 0 0 | 0 0
Mar  5 12:30:20 ci010 kernel: 48620 | 0 48531 | 0 0 0 | 0 0
Mar  5 12:30:20 ci010 kernel: 48620 | 0 48531 | 0 0 0 | 0 0
Mar  5 12:30:21 ci010 kernel: 48615 | 0 48530 | 0 0 0 | 0 0
Mar  5 12:30:21 ci010 kernel: 48541 | 0 48132 | 0 324 0 | 0 0
Mar  5 12:30:22 ci010 kernel: 48262 | 0 48177 | 0 0 0 | 0 0
Mar  5 12:30:22 ci010 kernel: 48264 | 0 48177 | 0 0 0 | 0 0
Mar  5 12:30:23 ci010 kernel: 48222 | 0 48135 | 0 0 0 | 0 0
Mar  5 12:30:23 ci010 kernel: 48222 | 0 48135 | 0 0 0 | 0 0
Mar  5 12:30:24 ci010 kernel: 48206 | 0 48116 | 0 0 0 | 0 0
Mar  5 12:30:24 ci010 kernel: 48203 | 2 48113 | 0 0 0 | 0 0
Mar  5 12:30:25 ci010 kernel: 48206 | 0 48116 | 0 2 0 | 0 0
Mar  5 12:30:25 ci010 kernel: 48237 | 0 48117 | 0 0 0 | 0 0
Mar  5 12:30:26 ci010 kernel: 968721 | 0 1858 | 0 0 0 | 0 0
Mar  5 12:30:27 ci010 kernel: 968721 | 35 0 | 0 0 0 | 0 0
Mar  5 12:30:27 ci010 kernel: 50114 | 0 48135 | 0 35 0 | 0 0
Mar  5 12:30:28 ci010 kernel: 48181 | 0 48094 | 0 0 0 | 0 0
Mar  5 12:30:28 ci010 kernel: 48181 | 0 48095 | 0 0 0 | 0 0
Mar  5 12:30:29 ci010 kernel: 48179 | 0 48094 | 0 0 0 | 0 0
Mar  5 12:30:29 ci010 kernel: 48180 | 0 48095 | 0 0 0 | 0 0
Mar  5 12:30:30 ci010 last message repeated 2 times
Mar  5 12:30:31 ci010 kernel: 48179 | 0 48094 | 0 0 0 | 0 0
Mar  5 12:30:31 ci010 kernel: 48180 | 0 48095 | 0 0 0 | 0 0
Mar  5 12:30:32 ci010 kernel: 48230 | 0 48145 | 0 0 0 | 0 0
Mar  5 12:30:32 ci010 kernel: 48244 | 0 48145 | 0 0 0 | 0 0
Mar  5 12:30:33 ci010 kernel: 48194 | 0 48095 | 0 0 0 | 0 0
Mar  5 12:30:34 ci010 kernel: 48136 | 14 48037 | 0 0 0 | 0 0
Mar  5 12:30:34 ci010 kernel: 48170 | 0 48071 | 0 14 0 | 0 0
Mar  5 12:30:34 ci010 kernel: 48155 | 0 48070 | 0 0 0 | 0 0
Mar  5 12:30:35 ci010 kernel: 48156 | 0 48071 | 0 0 0 | 0 0
Mar  5 12:30:36 ci010 kernel: 48155 | 0 48070 | 0 0 0 | 0 0
Mar  5 12:30:36 ci010 kernel: 48156 | 0 48071 | 0 0 0 | 0 0
Mar  5 12:30:37 ci010 kernel: 48155 | 0 48070 | 0 0 0 | 0 0
Mar  5 12:30:37 ci010 kernel: 48214 | 0 48129 | 0 0 0 | 0 0
Mar  5 12:30:38 ci010 kernel: 968674 | 0 6721 | 0 0 0 | 0 0
Mar  5 12:30:38 ci010 kernel: 968674 | 0 0 | 0 0 0 | 0 0
Mar  5 12:30:39 ci010 kernel: 54889 | 0 48083 | 0 0 0 | 0 0
Mar  5 12:30:39 ci010 kernel: 48169 | 0 48084 | 0 0 0 | 0 0
Mar  5 12:30:40 ci010 kernel: 48169 | 0 48084 | 0 0 0 | 0 0
Mar  5 12:30:41 ci010 kernel: 48170 | 0 48084 | 0 0 0 | 0 0
Mar  5 12:30:41 ci010 kernel: 48170 | 0 48084 | 0 0 0 | 0 0
Mar  5 12:30:42 ci010 kernel: 48169 | 0 48083 | 0 0 0 | 0 0
Mar  5 12:30:42 ci010 kernel: 48215 | 0 48129 | 0 0 0 | 0 0
Mar  5 12:30:43 ci010 kernel: 48214 | 0 48129 | 0 0 0 | 0 0
Mar  5 12:30:43 ci010 kernel: 48174 | 0 48089 | 0 0 0 | 0 0
Mar  5 12:30:44 ci010 kernel: 48153 | 0 48068 | 0 0 0 | 0 0
Mar  5 12:30:44 ci010 kernel: 48156 | 0 48071 | 0 0 0 | 0 0
Mar  5 12:30:45 ci010 kernel: 48155 | 0 48070 | 0 0 0 | 0 0
Mar  5 12:30:45 ci010 kernel: 48156 | 0 48071 | 0 0 0 | 0 0
Mar  5 12:30:46 ci010 kernel: 48157 | 0 48070 | 0 0 0 | 0 0
Mar  5 12:30:46 ci010 kernel: 48158 | 0 48071 | 0 0 0 | 0 0
Mar  5 12:30:47 ci010 kernel: 48230 | 0 48143 | 0 0 0 | 0 0
Mar  5 12:30:47 ci010 kernel: 48231 | 0 48144 | 0 0 0 | 0 0
Mar  5 12:30:48 ci010 kernel: 48177 | 0 48090 | 0 0 0 | 0 0
Mar  5 12:30:48 ci010 kernel: 48178 | 0 48091 | 0 0 0 | 0 0
Mar  5 12:30:49 ci010 kernel: 48171 | 2 48084 | 0 0 0 | 0 0
Mar  5 12:30:49 ci010 kernel: 968675 | 0 6765 | 0 2 0 | 0 0
Mar  5 12:30:50 ci010 kernel: 968673 | 0 0 | 0 0 0 | 0 0
Mar  5 12:30:51 ci010 kernel: 54937 | 0 48087 | 0 0 0 | 0 0
Mar  5 12:30:51 ci010 kernel: 48173 | 0 48088 | 0 0 0 | 0 0
Mar  5 12:30:52 ci010 kernel: 48172 | 0 48087 | 0 0 0 | 0 0
Mar  5 12:30:52 ci010 kernel: 48219 | 0 48134 | 0 0 0 | 0 0
Mar  5 12:30:53 ci010 kernel: 48173 | 0 48088 | 0 0 0 | 0 0
Mar  5 12:30:53 ci010 kernel: 48174 | 0 48089 | 0 0 0 | 0 0
Mar  5 12:30:54 ci010 kernel: 48152 | 0 48067 | 0 0 0 | 0 0
Mar  5 12:30:54 ci010 kernel: 48156 | 0 48070 | 0 0 0 | 0 0
Mar  5 12:30:55 ci010 kernel: 48155 | 0 48069 | 0 0 0 | 0 0
Mar  5 12:30:55 ci010 kernel: 48156 | 0 48070 | 0 0 0 | 0 0
Mar  5 12:30:56 ci010 kernel: 48155 | 0 48069 | 0 0 0 | 0 0
Mar  5 12:30:56 ci010 kernel: 48220 | 1 47914 | 1 219 0 | 0 0
Mar  5 12:30:57 ci010 kernel: 48064 | 0 47978 | 0 1 0 | 0 0
Mar  5 12:30:57 ci010 kernel: 48063 | 0 47978 | 0 0 0 | 0 0
Mar  5 12:30:58 ci010 kernel: 48018 | 0 47933 | 0 0 0 | 0 0
Mar  5 12:30:59 ci010 kernel: 48019 | 0 47934 | 0 0 0 | 0 0
Mar  5 12:31:00 ci010 last message repeated 2 times
Mar  5 12:31:00 ci010 kernel: 48018 | 0 47933 | 0 0 0 | 0 0
Mar  5 12:31:01 ci010 kernel: 48021 | 0 47933 | 0 0 0 | 0 0
Mar  5 12:31:01 ci010 kernel: 968543 | 0 8182 | 0 0 0 | 0 0
Mar  5 12:31:02 ci010 kernel: 968543 | 0 0 | 0 0 0 | 0 0
Mar  5 12:31:02 ci010 kernel: 56368 | 0 48101 | 0 0 0 | 0 0
Mar  5 12:31:03 ci010 kernel: 48019 | 0 47934 | 0 0 0 | 0 0
Mar  5 12:31:03 ci010 kernel: 48021 | 0 47935 | 0 0 0 | 0 0
Mar  5 12:31:04 ci010 kernel: 48222 | 0 48002 | 20 108 7 | 0 0
Mar  5 12:31:04 ci010 kernel: 48092 | 0 48007 | 0 0 0 | 0 0
Mar  5 12:31:05 ci010 kernel: 48091 | 0 48006 | 0 0 0 | 0 0
Mar  5 12:31:05 ci010 kernel: 48092 | 0 48007 | 0 0 0 | 0 0
Mar  5 12:31:06 ci010 kernel: 48091 | 0 48006 | 0 0 0 | 0 0
Mar  5 12:31:07 ci010 kernel: 48092 | 0 48007 | 0 0 0 | 0 0
Mar  5 12:31:07 ci010 kernel: 48153 | 0 48067 | 0 0 0 | 0 0
Mar  5 12:31:08 ci010 kernel: 48202 | 17 48016 | 0 0 0 | 0 0
Mar  5 12:31:08 ci010 kernel: 48191 | 0 48004 | 0 17 0 | 0 0
Mar  5 12:31:09 ci010 kernel: 48171 | 1 48002 | 0 0 0 | 0 0
Mar  5 12:31:09 ci010 kernel: 47971 | 67 47803 | 0 1 0 | 0 0
Mar  5 12:31:10 ci010 kernel: 48061 | 14 47895 | 0 67 0 | 0 0
Mar  5 12:31:10 ci010 kernel: 48022 | 0 47923 | 0 14 0 | 0 0
Mar  5 12:31:11 ci010 kernel: 48007 | 0 47922 | 0 0 0 | 0 0
Mar  5 12:31:11 ci010 kernel: 48005 | 1 47920 | 0 0 0 | 0 0
Mar  5 12:31:12 ci010 kernel: 48006 | 0 47921 | 0 1 0 | 0 0
Mar  5 12:31:12 ci010 kernel: 48051 | 0 47967 | 0 0 0 | 0 0
Mar  5 12:31:13 ci010 kernel: 968542 | 0 8875 | 0 0 0 | 0 0
Mar  5 12:31:13 ci010 kernel: 968542 | 0 0 | 0 0 0 | 0 0
Mar  5 12:31:14 ci010 kernel: 56867 | 0 47907 | 0 0 0 | 0 0
Mar  5 12:31:15 ci010 kernel: 47991 | 0 47906 | 0 0 0 | 0 0
Mar  5 12:31:15 ci010 kernel: 48049 | 50 47757 | 0 0 0 | 0 0
Mar  5 12:31:16 ci010 kernel: 48169 | 0 47857 | 1 49 0 | 0 0
Mar  5 12:31:16 ci010 kernel: 47783 | 83 47609 | 0 0 0 | 0 0
Mar  5 12:31:17 ci010 kernel: 47944 | 0 47773 | 0 83 0 | 0 0
Mar  5 12:31:17 ci010 kernel: 47997 | 1 47909 | 0 0 0 | 0 0
Mar  5 12:31:18 ci010 kernel: 47997 | 0 47911 | 0 1 0 | 0 0
Mar  5 12:31:18 ci010 kernel: 47869 | 1 47784 | 0 0 0 | 0 0
Mar  5 12:31:19 ci010 kernel: 47871 | 0 47786 | 0 1 0 | 0 0
Mar  5 12:31:19 ci010 kernel: 47870 | 0 47786 | 0 0 0 | 0 0
Mar  5 12:31:20 ci010 kernel: 47869 | 0 47785 | 0 0 0 | 0 0
Mar  5 12:31:20 ci010 kernel: 47870 | 0 47786 | 0 0 0 | 0 0
Mar  5 12:31:21 ci010 kernel: 47869 | 0 47785 | 0 0 0 | 0 0
Mar  5 12:31:22 ci010 kernel: 47870 | 0 47786 | 0 0 0 | 0 0
Mar  5 12:31:22 ci010 kernel: 47910 | 0 47826 | 0 0 0 | 0 0
Mar  5 12:31:23 ci010 kernel: 47910 | 0 47826 | 0 0 0 | 0 0
Mar  5 12:31:23 ci010 kernel: 47869 | 0 47785 | 0 0 0 | 0 0
Mar  5 12:31:24 ci010 kernel: 47852 | 0 47768 | 0 0 0 | 0 0
Mar  5 12:31:24 ci010 kernel: 47855 | 0 47771 | 0 0 0 | 0 0
Mar  5 12:31:25 ci010 kernel: 968408 | 0 12220 | 0 0 0 | 0 0
Mar  5 12:31:25 ci010 kernel: 968408 | 0 0 | 0 0 0 | 0 0
Mar  5 12:31:26 ci010 kernel: 60388 | 0 48033 | 31 13 7 | 0 0
Mar  5 12:31:26 ci010 kernel: 48119 | 0 47958 | 0 77 0 | 0 0
Mar  5 12:31:27 ci010 kernel: 48044 | 0 47959 | 0 0 0 | 0 0
Mar  5 12:31:27 ci010 kernel: 48106 | 0 48020 | 0 0 0 | 0 0
Mar  5 12:31:28 ci010 kernel: 48107 | 0 48020 | 0 0 0 | 0 0
Mar  5 12:31:28 ci010 kernel: 48061 | 0 47975 | 0 0 0 | 0 0
Mar  5 12:31:29 ci010 kernel: 48060 | 0 47974 | 0 0 0 | 0 0
Mar  5 12:31:30 ci010 kernel: 48060 | 0 47975 | 0 0 0 | 0 0
Mar  5 12:31:30 ci010 kernel: 48059 | 0 47974 | 0 0 0 | 0 0
Mar  5 12:31:31 ci010 kernel: 48060 | 0 47975 | 0 0 0 | 0 0
Mar  5 12:31:31 ci010 kernel: 48059 | 0 47974 | 0 0 0 | 0 0
Mar  5 12:31:32 ci010 kernel: 48060 | 0 47975 | 0 0 0 | 0 0
Mar  5 12:31:32 ci010 kernel: 48109 | 0 48024 | 0 0 0 | 0 0
Mar  5 12:31:33 ci010 kernel: 48110 | 0 48024 | 0 0 0 | 0 0
Mar  5 12:31:33 ci010 kernel: 48151 | 0 47969 | 14 76 5 | 0 0
Mar  5 12:31:34 ci010 kernel: 48036 | 0 47930 | 0 19 0 | 0 0
Mar  5 12:31:34 ci010 kernel: 48020 | 0 47933 | 0 0 0 | 0 0
Mar  5 12:31:35 ci010 kernel: 48018 | 0 47932 | 0 0 0 | 0 0
Mar  5 12:31:35 ci010 kernel: 48018 | 0 47933 | 0 0 0 | 0 0
Mar  5 12:31:36 ci010 kernel: 48017 | 0 47932 | 0 0 0 | 0 0
Mar  5 12:31:36 ci010 kernel: 968570 | 0 8756 | 0 0 0 | 0 0
Mar  5 12:31:37 ci010 kernel: 968570 | 0 0 | 0 0 0 | 0 0
Mar  5 12:31:38 ci010 kernel: 56984 | 46 47856 | 0 0 0 | 0 0
Mar  5 12:31:38 ci010 kernel: 48320 | 0 47948 | 0 46 0 | 0 0
Mar  5 12:31:39 ci010 kernel: 47662 | 163 47414 | 0 0 0 | 0 0
Mar  5 12:31:39 ci010 kernel: 47984 | 0 47736 | 0 163 0 | 0 0
Mar  5 12:31:40 ci010 kernel: 47822 | 0 47737 | 0 0 0 | 0 0
Mar  5 12:31:40 ci010 kernel: 47855 | 0 47769 | 0 0 0 | 0 0
Mar  5 12:31:41 ci010 kernel: 47855 | 0 47769 | 0 0 0 | 0 0
Mar  5 12:31:41 ci010 kernel: 47853 | 0 47768 | 0 0 0 | 0 0
Mar  5 12:31:42 ci010 kernel: 47854 | 0 47769 | 0 0 0 | 0 0
Mar  5 12:31:42 ci010 kernel: 47901 | 0 47816 | 0 0 0 | 0 0
Mar  5 12:31:43 ci010 kernel: 47901 | 0 47816 | 0 0 0 | 0 0
Mar  5 12:31:43 ci010 kernel: 47855 | 0 47770 | 0 0 0 | 0 0
Mar  5 12:31:44 ci010 kernel: 47840 | 0 47755 | 0 0 0 | 0 0
Mar  5 12:31:44 ci010 kernel: 47918 | 4 47746 | 0 0 0 | 0 0
Mar  5 12:31:45 ci010 kernel: 47939 | 0 47753 | 0 4 0 | 0 0
Mar  5 12:31:45 ci010 kernel: 47838 | 3 47745 | 0 0 0 | 0 0
Mar  5 12:31:46 ci010 kernel: 47843 | 0 47750 | 0 3 0 | 0 0
Mar  5 12:31:47 ci010 kernel: 47837 | 1 47748 | 0 0 0 | 0 0
Mar  5 12:31:47 ci010 kernel: 47837 | 0 47749 | 0 1 0 | 0 0
Mar  5 12:31:48 ci010 kernel: 47890 | 0 47804 | 0 0 0 | 0 0
Mar  5 12:31:48 ci010 kernel: 968354 | 0 13049 | 0 0 0 | 0 0
Mar  5 12:31:49 ci010 kernel: 968354 | 0 0 | 0 0 0 | 0 0
Mar  5 12:31:49 ci010 kernel: 60898 | 0 47763 | 0 0 0 | 0 0
Mar  5 12:31:50 ci010 kernel: 47849 | 0 47764 | 0 0 0 | 0 0
Mar  5 12:31:50 ci010 kernel: 47848 | 0 47763 | 0 0 0 | 0 0
Mar  5 12:31:51 ci010 kernel: 47849 | 0 47764 | 0 0 0 | 0 0
Mar  5 12:31:52 ci010 last message repeated 2 times
Mar  5 12:31:52 ci010 kernel: 47895 | 0 47810 | 0 0 0 | 0 0
Mar  5 12:31:53 ci010 kernel: 47895 | 0 47810 | 0 0 0 | 0 0
Mar  5 12:31:53 ci010 kernel: 47832 | 0 47747 | 0 0 0 | 0 0
Mar  5 12:31:54 ci010 kernel: 48157 | 0 47939 | 31 95 7 | 0 0
Mar  5 12:31:55 ci010 kernel: 48025 | 0 47940 | 0 0 0 | 0 0
Mar  5 12:31:55 ci010 kernel: 48026 | 0 47941 | 0 0 0 | 0 0
Mar  5 12:31:56 ci010 kernel: 48026 | 0 47940 | 0 0 0 | 0 0
Mar  5 12:31:56 ci010 kernel: 48027 | 0 47941 | 0 0 0 | 0 0
Mar  5 12:31:57 ci010 kernel: 48026 | 0 47940 | 0 0 0 | 0 0
Mar  5 12:31:57 ci010 kernel: 48058 | 0 47971 | 0 0 0 | 0 0
Mar  5 12:31:58 ci010 kernel: 48055 | 1 47968 | 0 0 0 | 0 0
Mar  5 12:31:58 ci010 kernel: 48044 | 0 47956 | 0 1 0 | 0 0
Mar  5 12:31:59 ci010 kernel: 48044 | 0 47957 | 0 0 0 | 0 0
Mar  5 12:31:59 ci010 kernel: 48043 | 0 47956 | 0 0 0 | 0 0
Mar  5 12:32:00 ci010 kernel: 968541 | 0 10828 | 0 0 0 | 0 0
Mar  5 12:32:00 ci010 kernel: 968541 | 0 1 | 0 0 0 | 0 0
Mar  5 12:32:01 ci010 kernel: 58870 | 0 47957 | 0 0 0 | 0 0
Mar  5 12:32:02 ci010 kernel: 48042 | 0 47957 | 0 0 0 | 0 0
Mar  5 12:32:02 ci010 kernel: 48041 | 0 47956 | 0 0 0 | 0 0
Mar  5 12:32:03 ci010 kernel: 48088 | 0 48003 | 0 0 0 | 0 0
Mar  5 12:32:03 ci010 kernel: 48088 | 0 48003 | 0 0 0 | 0 0
Mar  5 12:32:04 ci010 kernel: 48018 | 0 47933 | 0 0 0 | 0 0
Mar  5 12:32:04 ci010 kernel: 48021 | 0 47936 | 0 0 0 | 0 0
Mar  5 12:32:05 ci010 kernel: 48021 | 0 47935 | 0 0 0 | 0 0
Mar  5 12:32:05 ci010 kernel: 48241 | 44 47780 | 14 88 7 | 0 0
Mar  5 12:32:06 ci010 kernel: 48242 | 0 47870 | 0 44 0 | 0 0
Mar  5 12:32:06 ci010 kernel: 48112 | 3 47862 | 0 0 0 | 0 0
Mar  5 12:32:07 ci010 kernel: 48116 | 0 47867 | 0 3 0 | 0 0
Mar  5 12:32:07 ci010 kernel: 47690 | 161 47444 | 0 0 0 | 0 0
Mar  5 12:32:08 ci010 kernel: 48009 | 0 47763 | 0 161 0 | 0 0
Mar  5 12:32:08 ci010 kernel: 47800 | 0 47715 | 0 0 0 | 0 0
Mar  5 12:32:09 ci010 kernel: 47801 | 0 47716 | 0 0 0 | 0 0
Mar  5 12:32:10 ci010 last message repeated 2 times
Mar  5 12:32:11 ci010 kernel: 47800 | 0 47715 | 0 0 0 | 0 0
Mar  5 12:32:11 ci010 kernel: 47800 | 0 47715 | 0 0 0 | 0 0
Mar  5 12:32:12 ci010 kernel: 968310 | 0 11633 | 0 0 0 | 0 0
Mar  5 12:32:12 ci010 kernel: 968310 | 0 0 | 0 0 0 | 0 0
Mar  5 12:32:13 ci010 kernel: 59481 | 0 47762 | 0 0 0 | 0 0
Mar  5 12:32:13 ci010 kernel: 47803 | 0 47716 | 0 0 0 | 0 0
Mar  5 12:32:14 ci010 kernel: 47785 | 0 47699 | 0 0 0 | 0 0
Mar  5 12:32:14 ci010 kernel: 47787 | 0 47702 | 0 0 0 | 0 0
Mar  5 12:32:15 ci010 kernel: 48106 | 0 47892 | 30 88 11 | 0 0
Mar  5 12:32:15 ci010 kernel: 47979 | 0 47894 | 0 0 0 | 0 0
Mar  5 12:32:16 ci010 kernel: 47980 | 0 47895 | 0 0 0 | 0 0
Mar  5 12:32:17 ci010 kernel: 48058 | 0 47894 | 0 0 0 | 0 0
Mar  5 12:32:17 ci010 kernel: 48060 | 0 47895 | 0 0 0 | 0 0
Mar  5 12:32:18 ci010 kernel: 48038 | 1 47951 | 0 0 0 | 0 0
Mar  5 12:32:18 ci010 kernel: 48040 | 0 47953 | 0 1 0 | 0 0
Mar  5 12:32:19 ci010 kernel: 47991 | 1 47904 | 0 0 0 | 0 0
Mar  5 12:32:19 ci010 kernel: 47994 | 0 47907 | 0 1 0 | 0 0
Mar  5 12:32:20 ci010 kernel: 47993 | 0 47907 | 0 0 0 | 0 0
Mar  5 12:32:20 ci010 kernel: 47991 | 0 47906 | 0 0 0 | 0 0
Mar  5 12:32:21 ci010 kernel: 47992 | 0 47907 | 0 0 0 | 0 0
Mar  5 12:32:21 ci010 kernel: 47991 | 0 47906 | 0 0 0 | 0 0
Mar  5 12:32:22 ci010 kernel: 47992 | 0 47907 | 0 0 0 | 0 0
Mar  5 12:32:22 ci010 kernel: 48117 | 0 48032 | 0 0 0 | 0 0
Mar  5 12:32:23 ci010 kernel: 48181 | 0 48096 | 0 0 0 | 0 0
Mar  5 12:32:23 ci010 kernel: 968494 | 0 10446 | 0 0 0 | 0 0
Mar  5 12:32:24 ci010 kernel: 968494 | 0 0 | 0 0 0 | 0 0
Mar  5 12:32:25 ci010 kernel: 58419 | 0 47888 | 0 0 0 | 0 0
Mar  5 12:32:25 ci010 kernel: 47972 | 0 47887 | 0 0 0 | 0 0
Mar  5 12:32:26 ci010 kernel: 47974 | 0 47888 | 0 0 0 | 0 0
Mar  5 12:32:26 ci010 kernel: 48196 | 44 47735 | 10 89 10 | 0 0
Mar  5 12:32:27 ci010 kernel: 48198 | 0 47825 | 0 44 0 | 0 0
Mar  5 12:32:27 ci010 kernel: 48069 | 3 47817 | 0 0 0 | 0 0
Mar  5 12:32:28 ci010 kernel: 48131 | 1 47881 | 0 3 0 | 0 0
Mar  5 12:32:28 ci010 kernel: 47649 | 160 47403 | 0 1 0 | 0 0
Mar  5 12:32:29 ci010 kernel: 47920 | 0 47675 | 0 160 0 | 0 0
Mar  5 12:32:29 ci010 kernel: 47760 | 0 47675 | 0 0 0 | 0 0
Mar  5 12:32:30 ci010 kernel: 47760 | 0 47675 | 0 0 0 | 0 0
Mar  5 12:32:30 ci010 kernel: 47759 | 0 47674 | 0 0 0 | 0 0
Mar  5 12:32:31 ci010 kernel: 47760 | 0 47675 | 0 0 0 | 0 0
Mar  5 12:32:31 ci010 kernel: 47759 | 0 47674 | 0 0 0 | 0 0
Mar  5 12:32:32 ci010 kernel: 47761 | 0 47675 | 0 0 0 | 0 0
Mar  5 12:32:32 ci010 kernel: 47814 | 0 47728 | 0 0 0 | 0 0
Mar  5 12:32:33 ci010 kernel: 47806 | 0 47720 | 0 0 0 | 0 0
Mar  5 12:32:34 ci010 kernel: 47739 | 0 47654 | 0 0 0 | 0 0
Mar  5 12:32:34 ci010 kernel: 47742 | 0 47657 | 0 0 0 | 0 0
Mar  5 12:32:35 ci010 kernel: 47741 | 0 47656 | 0 0 0 | 0 0
Mar  5 12:32:35 ci010 kernel: 968265 | 0 13687 | 0 0 0 | 0 0
Mar  5 12:32:36 ci010 kernel: 968253 | 0 0 | 0 0 0 | 0 0
Mar  5 12:32:36 ci010 kernel: 61412 | 0 47627 | 0 0 0 | 0 0
Mar  5 12:32:37 ci010 kernel: 47727 | 0 47561 | 0 68 0 | 0 0
Mar  5 12:32:37 ci010 kernel: 47733 | 4 47548 | 0 0 0 | 0 0
Mar  5 12:32:38 ci010 kernel: 47892 | 13 47696 | 0 4 0 | 0 0
Mar  5 12:32:38 ci010 kernel: 47814 | 6 47704 | 0 13 0 | 0 0
Mar  5 12:32:39 ci010 kernel: 47648 | 0 47556 | 1 5 0 | 0 0
Mar  5 12:32:39 ci010 kernel: 47642 | 0 47555 | 0 0 0 | 0 0
Mar  5 12:32:40 ci010 kernel: 47644 | 0 47556 | 0 0 0 | 0 0
Mar  5 12:32:41 ci010 kernel: 47641 | 0 47555 | 0 0 0 | 0 0
Mar  5 12:32:41 ci010 kernel: 47641 | 0 47556 | 0 0 0 | 0 0
Mar  5 12:32:42 ci010 kernel: 47639 | 0 47555 | 0 0 0 | 0 0
Mar  5 12:32:42 ci010 kernel: 47640 | 0 47556 | 0 0 0 | 0 0
Mar  5 12:32:43 ci010 kernel: 47687 | 0 47603 | 0 0 0 | 0 0
Mar  5 12:32:43 ci010 kernel: 47687 | 0 47603 | 0 0 0 | 0 0
Mar  5 12:32:44 ci010 kernel: 47620 | 0 47536 | 0 0 0 | 0 0
Mar  5 12:32:44 ci010 kernel: 47623 | 0 47539 | 0 0 0 | 0 0
Mar  5 12:32:45 ci010 kernel: 47622 | 0 47538 | 0 0 0 | 0 0
Mar  5 12:32:45 ci010 kernel: 47624 | 0 47539 | 0 0 0 | 0 0
Mar  5 12:32:46 ci010 kernel: 47895 | 0 47464 | 33 307 6 | 0 0
Mar  5 12:32:46 ci010 kernel: 47550 | 0 47465 | 0 0 0 | 0 0
Mar  5 12:32:47 ci010 kernel: 968084 | 0 16833 | 0 0 0 | 0 0
Mar  5 12:32:48 ci010 kernel: 968084 | 0 1 | 0 0 0 | 0 0
Mar  5 12:32:48 ci010 kernel: 64434 | 0 47517 | 0 0 0 | 0 0
Mar  5 12:32:49 ci010 kernel: 47560 | 0 47476 | 0 0 0 | 0 0
Mar  5 12:32:49 ci010 kernel: 47561 | 0 47477 | 0 0 0 | 0 0
Mar  5 12:32:50 ci010 kernel: 47560 | 0 47476 | 0 0 0 | 0 0
Mar  5 12:32:50 ci010 kernel: 47562 | 0 47477 | 0 0 0 | 0 0
Mar  5 12:32:51 ci010 kernel: 47562 | 0 47476 | 0 0 0 | 0 0
Mar  5 12:32:51 ci010 kernel: 47562 | 0 47477 | 0 0 0 | 0 0
Mar  5 12:32:52 ci010 kernel: 47561 | 0 47476 | 0 0 0 | 0 0
Mar  5 12:32:52 ci010 kernel: 47564 | 0 47477 | 0 0 0 | 0 0
Mar  5 12:32:53 ci010 kernel: 0 | 0 0 | 0 0 0 | 0 0
Mar  5 12:32:54 ci010 kernel: 2 | 0 0 | 0 0 0 | 0 0
Mar  5 12:32:55 ci010 kernel: 1 | 0 0 | 0 0 0 | 0 0
Mar  5 12:32:56 ci010 kernel: 1 | 0 0 | 0 0 0 | 0 0
Mar  5 12:32:57 ci010 kernel: 1 | 1 0 | 0 0 0 | 0 0
Mar  5 12:32:58 ci010 kernel: 1 | 0 0 | 0 0 0 | 0 0
Mar  5 12:33:02 ci010 last message repeated 4 times
Mar  5 12:33:03 ci010 kernel: 1 | 1 0 | 0 0 0 | 0 0
Mar  5 12:33:04 ci010 kernel: 1 | 0 0 | 0 0 0 | 0 0
