Mar  5 12:51:51 ci010 kernel: 1 | 0 0 | 0 0 0 | 0 0
Mar  5 12:51:51 ci010 last message repeated 2 times
Mar  5 12:51:52 ci010 kernel: 5 | 0 0 | 0 0 0 | 0 0
Mar  5 12:51:53 ci010 kernel: 7 | 0 0 | 0 0 0 | 0 0
Mar  5 12:51:57 ci010 last message repeated 4 times
Mar  5 12:51:58 ci010 kernel: 8 | 0 0 | 0 0 0 | 0 0
Mar  5 12:51:59 ci010 kernel: 7 | 0 0 | 0 0 0 | 0 0
Mar  5 12:52:01 ci010 last message repeated 2 times
Mar  5 12:52:02 ci010 kernel: 10 | 0 0 | 0 0 0 | 0 0
Mar  5 12:52:03 ci010 kernel: 127 | 0 0 | 0 0 0 | 0 0
Mar  5 12:52:04 ci010 kernel: 748 | 0 0 | 0 0 0 | 0 0
Mar  5 12:52:05 ci010 kernel: 947962 | 0 1 | 368 364 50 | 0 0
Mar  5 12:52:05 ci010 kernel: 961997 | 167 0 | 0 70 19 | 0 0
Mar  5 12:52:06 ci010 kernel: 961927 | 304 133 | 0 185 1 | 0 0
Mar  5 12:52:07 ci010 kernel: 961746 | 329 667 | 0 438 4 | 0 0
Mar  5 12:52:08 ci010 kernel: 961297 | 666 1045 | 0 991 0 | 0 0
Mar  5 12:52:08 ci010 kernel: 482725 | 15 48220 | 0 1707 0 | 0 0
Mar  5 12:52:09 ci010 kernel: 36185 | 0 20177 | 0 16008 0 | 0 0
Mar  5 12:52:09 ci010 kernel: 489632 | 0 27956 | 0 2088 0 | 0 0
Mar  5 12:52:09 ci010 kernel: 26478 | 0 18742 | 0 7736 0 | 0 0
Mar  5 12:52:10 ci010 kernel: 22980 | 0 14744 | 0 8236 0 | 0 0
Mar  5 12:52:10 ci010 kernel: 21278 | 0 11644 | 0 9634 0 | 0 0
Mar  5 12:52:11 ci010 kernel: 20185 | 0 11814 | 0 8371 0 | 0 0
Mar  5 12:52:11 ci010 kernel: 19724 | 0 9441 | 0 10283 0 | 0 0
Mar  5 12:52:12 ci010 kernel: 19369 | 0 10853 | 0 8516 0 | 0 0
Mar  5 12:52:12 ci010 kernel: 18764 | 0 9600 | 0 9164 0 | 0 0
Mar  5 12:52:13 ci010 kernel: 18574 | 0 9672 | 0 8902 0 | 0 0
Mar  5 12:52:13 ci010 kernel: 18272 | 0 9495 | 0 8777 0 | 0 0
Mar  5 12:52:14 ci010 kernel: 18651 | 0 8039 | 0 10612 0 | 0 0
Mar  5 12:52:14 ci010 kernel: 19504 | 0 8908 | 0 10596 0 | 0 0
Mar  5 12:52:15 ci010 kernel: 18596 | 0 10880 | 0 7716 0 | 0 0
Mar  5 12:52:15 ci010 kernel: 18357 | 0 9709 | 0 8648 0 | 0 0
Mar  5 12:52:16 ci010 kernel: 18663 | 0 8056 | 0 10607 0 | 0 0
Mar  5 12:52:16 ci010 kernel: 19010 | 0 10102 | 0 8908 0 | 0 0
Mar  5 12:52:17 ci010 kernel: 18512 | 0 9691 | 0 8821 0 | 0 0
Mar  5 12:52:17 ci010 kernel: 18760 | 0 8168 | 0 10592 0 | 0 0
Mar  5 12:52:18 ci010 kernel: 19621 | 0 9057 | 0 10564 0 | 0 0
Mar  5 12:52:18 ci010 kernel: 19578 | 0 10625 | 0 8953 0 | 0 0
Mar  5 12:52:19 ci010 kernel: 18937 | 0 10226 | 0 8711 0 | 0 0
Mar  5 12:52:19 ci010 kernel: 19077 | 0 8450 | 0 10627 0 | 0 0
Mar  5 12:52:20 ci010 kernel: 19221 | 0 10333 | 0 8888 0 | 0 0
Mar  5 12:52:20 ci010 kernel: 18709 | 0 9901 | 0 8808 0 | 0 0
Mar  5 12:52:21 ci010 kernel: 18946 | 0 8350 | 0 10596 0 | 0 0
Mar  5 12:52:21 ci010 kernel: 19400 | 0 9828 | 0 9572 0 | 0 0
Mar  5 12:52:22 ci010 kernel: 18773 | 0 10655 | 0 8118 0 | 0 0
Mar  5 12:52:22 ci010 kernel: 18725 | 0 8103 | 0 10622 0 | 0 0
Mar  5 12:52:23 ci010 kernel: 19603 | 0 8990 | 0 10613 0 | 0 0
Mar  5 12:52:24 ci010 kernel: 20141 | 0 9545 | 0 10596 0 | 0 0
Mar  5 12:52:24 ci010 kernel: 19427 | 0 11987 | 0 7440 0 | 0 0
Mar  5 12:52:25 ci010 kernel: 18692 | 0 8469 | 0 10223 0 | 0 0
Mar  5 12:52:25 ci010 kernel: 19024 | 0 10020 | 0 9004 0 | 0 0
Mar  5 12:52:26 ci010 kernel: 116632 | 224 8654 | 0 9536 0 | 0 0
Mar  5 12:52:26 ci010 kernel: 19575 | 0 8739 | 0 10836 0 | 0 0
Mar  5 12:52:27 ci010 kernel: 19400 | 0 11000 | 0 8400 0 | 0 0
Mar  5 12:52:27 ci010 kernel: 18784 | 0 9505 | 0 9279 0 | 0 0
Mar  5 12:52:28 ci010 kernel: 19201 | 0 8590 | 0 10611 0 | 0 0
Mar  5 12:52:28 ci010 kernel: 19480 | 0 10040 | 0 9440 0 | 0 0
Mar  5 12:52:29 ci010 kernel: 20062 | 0 8296 | 0 11766 0 | 0 0
Mar  5 12:52:29 ci010 kernel: 21984 | 0 7928 | 0 14056 0 | 0 0
Mar  5 12:52:30 ci010 kernel: 22896 | 0 12221 | 0 10675 0 | 0 0
Mar  5 12:52:30 ci010 kernel: 22366 | 0 11706 | 0 10660 0 | 0 0
Mar  5 12:52:31 ci010 kernel: 22658 | 0 10131 | 0 12527 0 | 0 0
Mar  5 12:52:31 ci010 kernel: 23221 | 0 11845 | 0 11376 0 | 0 0
Mar  5 12:52:32 ci010 kernel: 23879 | 0 9611 | 0 14268 0 | 0 0
Mar  5 12:52:32 ci010 kernel: 24047 | 0 13438 | 0 10609 0 | 0 0
Mar  5 12:52:33 ci010 kernel: 24438 | 0 10300 | 0 14138 0 | 0 0
Mar  5 12:52:33 ci010 kernel: 24825 | 0 13369 | 0 11456 0 | 0 0
Mar  5 12:52:34 ci010 kernel: 24803 | 0 11495 | 0 13308 0 | 0 0
Mar  5 12:52:34 ci010 kernel: 24843 | 0 13148 | 0 11695 0 | 0 0
Mar  5 12:52:35 ci010 kernel: 49974 | 0 49515 | 0 459 0 | 0 0
Mar  5 12:52:35 ci010 kernel: 49514 | 0 49514 | 0 0 0 | 0 0
Mar  5 12:52:36 ci010 kernel: 49515 | 0 49515 | 0 0 0 | 0 0
Mar  5 12:52:37 ci010 kernel: 49581 | 0 49577 | 0 4 0 | 0 0
Mar  5 12:52:37 ci010 kernel: 49985 | 0 49968 | 0 1 16 | 0 0
Mar  5 12:52:38 ci010 kernel: 64689 | 0 49928 | 0 0 0 | 0 0
Mar  5 12:52:38 ci010 kernel: 970359 | 346 48762 | 0 0 0 | 0 0
Mar  5 12:52:39 ci010 kernel: 970359 | 50 122 | 0 345 1 | 0 0
Mar  5 12:52:39 ci010 kernel: 970014 | 180 0 | 0 50 0 | 0 0
Mar  5 12:52:40 ci010 kernel: 969964 | 10 5201 | 0 180 0 | 0 0
Mar  5 12:52:40 ci010 kernel: 49265 | 0 49242 | 0 10 13 | 0 0
Mar  5 12:52:41 ci010 kernel: 49245 | 0 49245 | 0 0 0 | 0 0
Mar  5 12:52:42 ci010 kernel: 49370 | 0 49370 | 0 0 0 | 0 0
Mar  5 12:52:42 ci010 kernel: 49370 | 0 49370 | 0 0 0 | 0 0
Mar  5 12:52:43 ci010 kernel: 583774 | 2 49240 | 0 0 0 | 0 0
Mar  5 12:52:43 ci010 kernel: 49245 | 0 49243 | 0 2 0 | 0 0
Mar  5 12:52:44 ci010 kernel: 49256 | 0 49244 | 0 0 0 | 0 0
Mar  5 12:52:44 ci010 kernel: 300640 | 45 49108 | 0 0 0 | 0 0
Mar  5 12:52:45 ci010 kernel: 49224 | 0 49179 | 0 45 0 | 0 0
Mar  5 12:52:45 ci010 kernel: 49182 | 0 49182 | 0 0 0 | 0 0
Mar  5 12:52:46 ci010 kernel: 49303 | 0 49181 | 0 0 0 | 0 0
Mar  5 12:52:46 ci010 kernel: 49243 | 0 49243 | 0 0 0 | 0 0
Mar  5 12:52:47 ci010 kernel: 49243 | 0 49243 | 0 0 0 | 0 0
Mar  5 12:52:48 ci010 kernel: 49199 | 0 49199 | 0 0 0 | 0 0
Mar  5 12:52:48 ci010 kernel: 54769 | 0 49200 | 0 0 0 | 0 0
Mar  5 12:52:48 ci010 kernel: 49200 | 0 49200 | 0 0 0 | 0 0
Mar  5 12:52:49 ci010 kernel: 49199 | 0 49199 | 0 0 0 | 0 0
Mar  5 12:52:50 ci010 kernel: 49200 | 0 49200 | 0 0 0 | 0 0
Mar  5 12:52:50 ci010 kernel: 196941 | 0 49199 | 0 0 0 | 0 0
Mar  5 12:52:51 ci010 kernel: 969731 | 1 23362 | 0 0 0 | 0 0
Mar  5 12:52:51 ci010 kernel: 969731 | 1 3 | 0 1 0 | 0 0
Mar  5 12:52:52 ci010 kernel: 969735 | 0 5517 | 1 2 0 | 0 0
Mar  5 12:52:52 ci010 kernel: 49485 | 0 49204 | 0 0 0 | 0 0
Mar  5 12:52:53 ci010 kernel: 49205 | 0 49205 | 0 0 0 | 0 0
Mar  5 12:52:53 ci010 kernel: 49204 | 0 49204 | 0 0 0 | 0 0
Mar  5 12:52:54 ci010 kernel: 49205 | 0 49205 | 0 0 0 | 0 0
Mar  5 12:52:55 ci010 kernel: 590370 | 0 49182 | 0 0 0 | 0 0
Mar  5 12:52:55 ci010 kernel: 49188 | 0 49185 | 0 0 0 | 0 0
Mar  5 12:52:56 ci010 kernel: 49195 | 0 49184 | 0 0 0 | 0 0
Mar  5 12:52:56 ci010 kernel: 324353 | 6 49167 | 0 0 0 | 0 0
Mar  5 12:52:57 ci010 kernel: 49288 | 0 49282 | 0 6 0 | 0 0
Mar  5 12:52:57 ci010 kernel: 49194 | 0 49194 | 0 0 0 | 0 0
Mar  5 12:52:58 ci010 kernel: 49195 | 0 49195 | 0 0 0 | 0 0
Mar  5 12:52:58 ci010 kernel: 49194 | 0 49194 | 0 0 0 | 0 0
Mar  5 12:52:59 ci010 kernel: 49195 | 0 49195 | 0 0 0 | 0 0
Mar  5 12:52:59 ci010 kernel: 49194 | 0 49194 | 0 0 0 | 0 0
Mar  5 12:53:00 ci010 kernel: 49245 | 0 49195 | 0 0 0 | 0 0
Mar  5 12:53:00 ci010 kernel: 49194 | 0 49194 | 0 0 0 | 0 0
Mar  5 12:53:01 ci010 kernel: 49195 | 0 49195 | 0 0 0 | 0 0
Mar  5 12:53:01 ci010 kernel: 49281 | 0 49281 | 0 0 0 | 0 0
Mar  5 12:53:02 ci010 kernel: 196847 | 0 49281 | 0 0 0 | 0 0
Mar  5 12:53:03 ci010 kernel: 969729 | 6 5566 | 0 0 0 | 0 0
Mar  5 12:53:03 ci010 kernel: 969729 | 1 23363 | 0 6 0 | 0 0
Mar  5 12:53:04 ci010 kernel: 969723 | 7 4 | 0 1 0 | 0 0
Mar  5 12:53:04 ci010 kernel: 49458 | 0 49174 | 0 7 0 | 0 0
Mar  5 12:53:05 ci010 kernel: 49156 | 0 49156 | 0 0 0 | 0 0
Mar  5 12:53:05 ci010 kernel: 49159 | 0 49159 | 0 0 0 | 0 0
Mar  5 12:53:06 ci010 kernel: 49159 | 0 49159 | 0 0 0 | 0 0
Mar  5 12:53:07 ci010 kernel: 590611 | 0 49267 | 1 7 0 | 0 0
Mar  5 12:53:07 ci010 kernel: 49267 | 0 49266 | 0 1 0 | 0 0
Mar  5 12:53:08 ci010 kernel: 49179 | 0 49179 | 0 0 0 | 0 0
Mar  5 12:53:08 ci010 kernel: 324326 | 0 49179 | 0 0 0 | 0 0
Mar  5 12:53:09 ci010 kernel: 49179 | 0 49179 | 0 0 0 | 0 0
Mar  5 12:53:09 ci010 kernel: 49178 | 0 49178 | 0 0 0 | 0 0
Mar  5 12:53:10 ci010 kernel: 49179 | 0 49179 | 0 0 0 | 0 0
Mar  5 12:53:10 ci010 kernel: 49178 | 0 49178 | 0 0 0 | 0 0
Mar  5 12:53:11 ci010 kernel: 49179 | 0 49179 | 0 0 0 | 0 0
Mar  5 12:53:11 ci010 kernel: 49229 | 0 49229 | 0 0 0 | 0 0
Mar  5 12:53:12 ci010 kernel: 49278 | 0 49229 | 0 0 0 | 0 0
Mar  5 12:53:12 ci010 kernel: 49183 | 0 49183 | 0 0 0 | 0 0
Mar  5 12:53:13 ci010 kernel: 49184 | 0 49184 | 0 0 0 | 0 0
Mar  5 12:53:14 ci010 kernel: 49183 | 0 49183 | 0 0 0 | 0 0
Mar  5 12:53:14 ci010 kernel: 196898 | 0 49187 | 0 0 0 | 0 0
Mar  5 12:53:15 ci010 kernel: 969723 | 0 5828 | 0 0 0 | 0 0
Mar  5 12:53:15 ci010 kernel: 969723 | 1 5579 | 0 0 0 | 0 0
Mar  5 12:53:16 ci010 kernel: 969723 | 0 23365 | 0 1 0 | 0 0
Mar  5 12:53:16 ci010 kernel: 49434 | 3 49158 | 0 0 0 | 0 0
Mar  5 12:53:17 ci010 kernel: 49349 | 0 49346 | 0 3 0 | 0 0
Mar  5 12:53:17 ci010 kernel: 49182 | 0 49182 | 0 0 0 | 0 0
Mar  5 12:53:18 ci010 kernel: 595878 | 0 49183 | 0 0 0 | 0 0
Mar  5 12:53:18 ci010 kernel: 49182 | 0 49182 | 0 0 0 | 0 0
Mar  5 12:53:19 ci010 kernel: 49183 | 0 49183 | 0 0 0 | 0 0
Mar  5 12:53:19 ci010 kernel: 275537 | 1 49180 | 0 0 0 | 0 0
Mar  5 12:53:20 ci010 kernel: 49183 | 0 49182 | 0 1 0 | 0 0
Mar  5 12:53:21 ci010 kernel: 49182 | 0 49182 | 0 0 0 | 0 0
Mar  5 12:53:21 ci010 kernel: 49183 | 0 49183 | 0 0 0 | 0 0
Mar  5 12:53:22 ci010 kernel: 49233 | 0 49233 | 0 0 0 | 0 0
Mar  5 12:53:22 ci010 kernel: 49233 | 0 49232 | 0 1 0 | 0 0
Mar  5 12:53:23 ci010 kernel: 54752 | 0 49183 | 0 0 0 | 0 0
Mar  5 12:53:23 ci010 kernel: 49219 | 0 49183 | 0 0 0 | 0 0
Mar  5 12:53:24 ci010 kernel: 49183 | 0 49183 | 0 0 0 | 0 0
Mar  5 12:53:24 ci010 kernel: 49182 | 0 49182 | 0 0 0 | 0 0
Mar  5 12:53:25 ci010 kernel: 49161 | 0 49161 | 0 0 0 | 0 0
Mar  5 12:53:25 ci010 kernel: 196714 | 0 49164 | 0 0 0 | 0 0
Mar  5 12:53:26 ci010 kernel: 969719 | 0 49147 | 0 0 0 | 0 0
Mar  5 12:53:26 ci010 kernel: 969719 | 6 11402 | 0 0 0 | 0 0
Mar  5 12:53:27 ci010 kernel: 969720 | 0 12 | 1 5 0 | 0 0
Mar  5 12:53:28 ci010 kernel: 49448 | 0 49177 | 0 0 0 | 0 0
Mar  5 12:53:28 ci010 kernel: 49178 | 0 49178 | 0 0 0 | 0 0
Mar  5 12:53:29 ci010 kernel: 49178 | 0 49178 | 0 0 0 | 0 0
Mar  5 12:53:29 ci010 kernel: 601711 | 0 49178 | 0 0 0 | 0 0
Mar  5 12:53:30 ci010 kernel: 49178 | 0 49178 | 0 0 0 | 0 0
Mar  5 12:53:30 ci010 kernel: 49177 | 0 49177 | 0 0 0 | 0 0
Mar  5 12:53:31 ci010 kernel: 295302 | 0 49178 | 0 0 0 | 0 0
Mar  5 12:53:31 ci010 kernel: 49177 | 0 49177 | 0 0 0 | 0 0
Mar  5 12:53:32 ci010 kernel: 49350 | 0 49350 | 0 0 0 | 0 0
Mar  5 12:53:32 ci010 kernel: 49178 | 0 49177 | 0 0 0 | 0 0
Mar  5 12:53:33 ci010 kernel: 49179 | 0 49178 | 0 0 0 | 0 0
Mar  5 12:53:33 ci010 kernel: 49177 | 0 49177 | 0 0 0 | 0 0
Mar  5 12:53:34 ci010 kernel: 49093 | 0 48091 | 0 1002 0 | 0 0
Mar  5 12:53:34 ci010 kernel: 48075 | 5 48051 | 0 0 0 | 0 0
Mar  5 12:53:35 ci010 kernel: 59471 | 0 48064 | 0 5 0 | 0 0
Mar  5 12:53:36 ci010 kernel: 48074 | 0 48063 | 0 0 0 | 0 0
Mar  5 12:53:36 ci010 kernel: 48064 | 0 48064 | 0 0 0 | 0 0
Mar  5 12:53:37 ci010 kernel: 195658 | 0 48124 | 0 0 0 | 0 0
Mar  5 12:53:37 ci010 kernel: 968638 | 0 30085 | 0 0 0 | 0 0
Mar  5 12:53:38 ci010 kernel: 48079 | 0 48079 | 0 0 0 | 0 0
Mar  5 12:53:38 ci010 kernel: 968638 | 0 12470 | 0 0 0 | 0 0
Mar  5 12:53:39 ci010 kernel: 968638 | 0 10 | 0 0 0 | 0 0
Mar  5 12:53:39 ci010 kernel: 48290 | 0 48078 | 0 0 0 | 0 0
Mar  5 12:53:40 ci010 kernel: 48079 | 0 48079 | 0 0 0 | 0 0
Mar  5 12:53:40 ci010 kernel: 48078 | 0 48078 | 0 0 0 | 0 0
Mar  5 12:53:41 ci010 kernel: 595145 | 3 48070 | 0 0 0 | 0 0
Mar  5 12:53:41 ci010 kernel: 48124 | 0 48121 | 0 3 0 | 0 0
Mar  5 12:53:42 ci010 kernel: 48121 | 0 48121 | 0 0 0 | 0 0
Mar  5 12:53:43 ci010 kernel: 318821 | 0 48075 | 0 0 0 | 0 0
Mar  5 12:53:43 ci010 kernel: 48076 | 0 48076 | 0 0 0 | 0 0
Mar  5 12:53:44 ci010 kernel: 48076 | 0 48076 | 0 0 0 | 0 0
Mar  5 12:53:44 ci010 kernel: 48074 | 1 48073 | 0 0 0 | 0 0
Mar  5 12:53:45 ci010 kernel: 48056 | 1 48054 | 0 1 0 | 0 0
Mar  5 12:53:45 ci010 kernel: 48069 | 0 48059 | 0 1 0 | 0 0
Mar  5 12:53:46 ci010 kernel: 48058 | 0 48058 | 0 0 0 | 0 0
Mar  5 12:53:46 ci010 kernel: 48078 | 0 48059 | 0 0 0 | 0 0
Mar  5 12:53:47 ci010 kernel: 48120 | 0 48120 | 0 0 0 | 0 0
Mar  5 12:53:47 ci010 kernel: 48075 | 0 48074 | 0 0 0 | 0 0
Mar  5 12:53:48 ci010 kernel: 48075 | 0 48075 | 0 0 0 | 0 0
Mar  5 12:53:48 ci010 kernel: 204852 | 2 48068 | 0 0 0 | 0 0
Mar  5 12:53:49 ci010 kernel: 968633 | 0 12331 | 0 2 0 | 0 0
Mar  5 12:53:50 ci010 kernel: 48072 | 0 48072 | 0 0 0 | 0 0
Mar  5 12:53:50 ci010 kernel: 968631 | 1 42562 | 0 0 0 | 0 0
Mar  5 12:53:51 ci010 kernel: 968631 | 0 1 | 0 1 0 | 0 0
Mar  5 12:53:51 ci010 kernel: 48274 | 0 48072 | 0 0 0 | 0 0
Mar  5 12:53:52 ci010 kernel: 48236 | 0 48236 | 0 0 0 | 0 0
Mar  5 12:53:52 ci010 kernel: 607159 | 0 48239 | 0 0 0 | 0 0
Mar  5 12:53:53 ci010 kernel: 48080 | 0 48080 | 0 0 0 | 0 0
Mar  5 12:53:54 ci010 kernel: 48079 | 0 48079 | 0 0 0 | 0 0
Mar  5 12:53:54 ci010 kernel: 265537 | 0 48080 | 0 0 0 | 0 0
Mar  5 12:53:55 ci010 kernel: 48058 | 0 48058 | 0 0 0 | 0 0
Mar  5 12:53:55 ci010 kernel: 48061 | 0 48061 | 0 0 0 | 0 0
Mar  5 12:53:56 ci010 kernel: 48060 | 0 48060 | 0 0 0 | 0 0
Mar  5 12:53:56 ci010 kernel: 48061 | 0 48061 | 0 0 0 | 0 0
Mar  5 12:53:57 ci010 kernel: 48220 | 9 48211 | 0 0 0 | 0 0
Mar  5 12:53:57 ci010 kernel: 78330 | 0 48229 | 0 9 0 | 0 0
Mar  5 12:53:58 ci010 kernel: 48087 | 0 48068 | 0 0 0 | 0 0
Mar  5 12:53:58 ci010 kernel: 48069 | 0 48069 | 0 0 0 | 0 0
Mar  5 12:53:59 ci010 kernel: 48068 | 0 48068 | 0 0 0 | 0 0
Mar  5 12:53:59 ci010 kernel: 48069 | 0 48069 | 0 0 0 | 0 0
Mar  5 12:54:00 ci010 kernel: 192467 | 0 48069 | 0 0 0 | 0 0
Mar  5 12:54:00 ci010 kernel: 968625 | 0 47624 | 0 0 0 | 0 0
Mar  5 12:54:01 ci010 kernel: 48069 | 0 48069 | 0 0 0 | 0 0
Mar  5 12:54:02 ci010 kernel: 968625 | 0 42426 | 0 0 0 | 0 0
Mar  5 12:54:02 ci010 kernel: 968625 | 0 12467 | 0 0 0 | 0 0
Mar  5 12:54:03 ci010 kernel: 48275 | 0 48069 | 0 0 0 | 0 0
Mar  5 12:54:03 ci010 kernel: 48070 | 0 48070 | 0 0 0 | 0 0
Mar  5 12:54:04 ci010 kernel: 624750 | 0 48069 | 0 0 0 | 0 0
Mar  5 12:54:04 ci010 kernel: 47872 | 0 47716 | 0 156 0 | 0 0
Mar  5 12:54:05 ci010 kernel: 47694 | 0 47694 | 0 0 0 | 0 0
Mar  5 12:54:05 ci010 kernel: 294893 | 0 47697 | 0 0 0 | 0 0
Mar  5 12:54:06 ci010 kernel: 47696 | 0 47696 | 0 0 0 | 0 0
Mar  5 12:54:06 ci010 kernel: 47697 | 0 47697 | 0 0 0 | 0 0
Mar  5 12:54:07 ci010 kernel: 47757 | 0 47757 | 0 0 0 | 0 0
Mar  5 12:54:07 ci010 kernel: 47757 | 0 47757 | 0 0 0 | 0 0
Mar  5 12:54:08 ci010 kernel: 47711 | 0 47711 | 0 0 0 | 0 0
Mar  5 12:54:09 ci010 kernel: 47712 | 0 47712 | 0 0 0 | 0 0
Mar  5 12:54:09 ci010 kernel: 47731 | 0 47712 | 0 0 0 | 0 0
Mar  5 12:54:10 ci010 kernel: 47712 | 0 47712 | 0 0 0 | 0 0
Mar  5 12:54:10 ci010 kernel: 95506 | 0 47712 | 0 0 0 | 0 0
Mar  5 12:54:11 ci010 kernel: 47711 | 0 47711 | 0 0 0 | 0 0
Mar  5 12:54:11 ci010 kernel: 233298 | 0 47709 | 0 0 0 | 0 0
Mar  5 12:54:12 ci010 kernel: 634050 | 0 47709 | 0 0 0 | 0 0
Mar  5 12:54:12 ci010 kernel: 376615 | 0 47894 | 0 0 0 | 0 0
Mar  5 12:54:13 ci010 kernel: 872284 | 0 47717 | 0 0 0 | 0 0
Mar  5 12:54:13 ci010 kernel: 968295 | 0 408 | 0 0 0 | 0 0
Mar  5 12:54:14 ci010 kernel: 143483 | 1 47714 | 0 0 0 | 0 0
Mar  5 12:54:14 ci010 kernel: 47696 | 0 47695 | 1 0 0 | 0 0
Mar  5 12:54:15 ci010 kernel: 626004 | 3 47689 | 0 0 0 | 0 0
Mar  5 12:54:16 ci010 kernel: 47697 | 0 47694 | 0 3 0 | 0 0
Mar  5 12:54:16 ci010 kernel: 47695 | 0 47695 | 0 0 0 | 0 0
Mar  5 12:54:17 ci010 kernel: 281299 | 0 47694 | 0 0 0 | 0 0
Mar  5 12:54:17 ci010 kernel: 47755 | 0 47755 | 0 0 0 | 0 0
Mar  5 12:54:18 ci010 kernel: 47755 | 0 47755 | 0 0 0 | 0 0
Mar  5 12:54:18 ci010 kernel: 47707 | 0 47707 | 0 0 0 | 0 0
Mar  5 12:54:19 ci010 kernel: 53406 | 0 47707 | 0 0 0 | 0 0
Mar  5 12:54:19 ci010 kernel: 47708 | 0 47708 | 0 0 0 | 0 0
Mar  5 12:54:20 ci010 kernel: 47707 | 0 47707 | 0 0 0 | 0 0
Mar  5 12:54:20 ci010 kernel: 47727 | 0 47708 | 0 0 0 | 0 0
Mar  5 12:54:21 ci010 kernel: 47708 | 0 47708 | 0 0 0 | 0 0
Mar  5 12:54:21 ci010 kernel: 95418 | 0 47709 | 0 0 0 | 0 0
Mar  5 12:54:22 ci010 kernel: 47756 | 0 47756 | 0 0 0 | 0 0
Mar  5 12:54:23 ci010 kernel: 233271 | 0 47757 | 0 0 0 | 0 0
Mar  5 12:54:23 ci010 kernel: 626349 | 0 47711 | 0 0 0 | 0 0
Mar  5 12:54:24 ci010 kernel: 376448 | 0 47712 | 0 0 0 | 0 0
Mar  5 12:54:24 ci010 kernel: 859021 | 0 47712 | 0 0 0 | 0 0
Mar  5 12:54:25 ci010 kernel: 968293 | 0 13395 | 0 0 0 | 0 0
Mar  5 12:54:25 ci010 kernel: 143321 | 0 47696 | 0 0 0 | 0 0
Mar  5 12:54:26 ci010 kernel: 47696 | 0 47695 | 0 0 0 | 0 0
Mar  5 12:54:26 ci010 kernel: 639417 | 8 47672 | 0 0 0 | 0 0
Mar  5 12:54:27 ci010 kernel: 47759 | 0 47751 | 0 8 0 | 0 0
Mar  5 12:54:27 ci010 kernel: 47751 | 0 47751 | 0 0 0 | 0 0
Mar  5 12:54:28 ci010 kernel: 280736 | 0 47700 | 0 0 0 | 0 0
Mar  5 12:54:29 ci010 kernel: 47701 | 0 47701 | 0 0 0 | 0 0
Mar  5 12:54:30 ci010 last message repeated 2 times
Mar  5 12:54:30 ci010 kernel: 66789 | 0 47700 | 0 0 0 | 0 0
Mar  5 12:54:31 ci010 kernel: 47701 | 0 47701 | 0 0 0 | 0 0
Mar  5 12:54:31 ci010 kernel: 47701 | 0 47701 | 0 0 0 | 0 0
Mar  5 12:54:32 ci010 kernel: 47719 | 0 47700 | 0 0 0 | 0 0
Mar  5 12:54:32 ci010 kernel: 47826 | 0 47826 | 0 0 0 | 0 0
Mar  5 12:54:33 ci010 kernel: 95538 | 0 47826 | 0 0 0 | 0 0
Mar  5 12:54:33 ci010 kernel: 47703 | 0 47703 | 0 0 0 | 0 0
Mar  5 12:54:34 ci010 kernel: 232842 | 0 47648 | 0 0 0 | 0 0
Mar  5 12:54:34 ci010 kernel: 639340 | 0 47527 | 0 120 0 | 0 0
Mar  5 12:54:35 ci010 kernel: 375841 | 0 47501 | 0 0 0 | 0 0
Mar  5 12:54:36 ci010 kernel: 858717 | 0 47504 | 0 0 0 | 0 0
Mar  5 12:54:36 ci010 kernel: 968146 | 0 1005 | 0 0 0 | 0 0
Mar  5 12:54:37 ci010 kernel: 142698 | 0 47504 | 0 0 0 | 0 0
Mar  5 12:54:37 ci010 kernel: 47567 | 0 47566 | 0 0 0 | 0 0
Mar  5 12:54:38 ci010 kernel: 620165 | 0 47566 | 0 0 0 | 0 0
Mar  5 12:54:38 ci010 kernel: 47522 | 0 47522 | 0 0 0 | 0 0
Mar  5 12:54:39 ci010 kernel: 47521 | 0 47521 | 0 0 0 | 0 0
Mar  5 12:54:39 ci010 kernel: 286297 | 0 47522 | 0 0 0 | 0 0
Mar  5 12:54:40 ci010 kernel: 47521 | 0 47521 | 0 0 0 | 0 0
Mar  5 12:54:40 ci010 kernel: 47522 | 0 47522 | 0 0 0 | 0 0
Mar  5 12:54:41 ci010 kernel: 47521 | 0 47521 | 0 0 0 | 0 0
Mar  5 12:54:42 ci010 kernel: 47519 | 0 47519 | 0 0 0 | 0 0
Mar  5 12:54:42 ci010 kernel: 47573 | 0 47573 | 0 0 0 | 0 0
Mar  5 12:54:43 ci010 kernel: 47573 | 0 47573 | 0 0 0 | 0 0
Mar  5 12:54:43 ci010 kernel: 47541 | 0 47522 | 0 0 0 | 0 0
Mar  5 12:54:44 ci010 kernel: 47523 | 0 47523 | 0 0 0 | 0 0
Mar  5 12:54:44 ci010 kernel: 95047 | 1 47519 | 0 0 0 | 0 0
Mar  5 12:54:45 ci010 kernel: 47502 | 0 47501 | 1 0 0 | 0 0
Mar  5 12:54:45 ci010 kernel: 238467 | 82 47258 | 0 0 0 | 0 0
Mar  5 12:54:46 ci010 kernel: 618056 | 0 47421 | 0 82 0 | 0 0
Mar  5 12:54:46 ci010 kernel: 1 | 0 0 | 0 0 0 | 0 0
Mar  5 12:54:47 ci010 kernel: 2 | 0 0 | 0 0 0 | 0 0
Mar  5 12:55:18 ci010 last message repeated 29 times
Mar  5 12:55:19 ci010 kernel: 4 | 0 0 | 0 0 0 | 0 0
Mar  5 12:55:31 ci010 last message repeated 11 times
Mar  5 12:55:32 ci010 kernel: 5 | 0 0 | 0 0 0 | 0 0
