Mar  5 11:25:46 ci010 kernel: 0 | 0 0 | 0 0 0 | 0 0
Mar  5 11:25:46 ci010 kernel: 1 | 0 0 | 0 0 0 | 0 0
Mar  5 11:25:46 ci010 kernel: 2 | 0 0 | 0 0 0 | 0 0
Mar  5 11:25:47 ci010 kernel: 5 | 0 0 | 0 0 0 | 0 0
Mar  5 11:25:48 ci010 kernel: 12 | 0 0 | 0 0 0 | 0 0
Mar  5 11:25:49 ci010 kernel: 19 | 0 0 | 0 0 0 | 0 0
Mar  5 11:25:50 ci010 kernel: 26 | 0 0 | 0 0 0 | 0 0
Mar  5 11:25:51 ci010 kernel: 33 | 0 0 | 0 0 0 | 0 0
Mar  5 11:25:52 ci010 kernel: 40 | 0 0 | 0 0 0 | 0 0
Mar  5 11:25:53 ci010 kernel: 47 | 0 0 | 0 0 0 | 0 0
Mar  5 11:25:54 ci010 kernel: 54 | 0 0 | 0 0 0 | 0 0
Mar  5 11:25:55 ci010 kernel: 61 | 0 0 | 0 0 0 | 0 0
Mar  5 11:25:56 ci010 kernel: 68 | 0 0 | 0 0 0 | 0 0
Mar  5 11:25:57 ci010 kernel: 77 | 0 0 | 0 0 0 | 0 0
Mar  5 11:25:58 ci010 kernel: 87 | 0 0 | 0 0 0 | 0 0
Mar  5 11:25:59 ci010 kernel: 97 | 0 0 | 0 0 0 | 0 0
Mar  5 11:26:00 ci010 kernel: 107 | 0 0 | 0 0 0 | 0 0
Mar  5 11:26:01 ci010 kernel: 117 | 0 0 | 0 0 0 | 0 0
Mar  5 11:26:03 ci010 kernel: 127 | 0 0 | 0 0 0 | 0 0
Mar  5 11:26:04 ci010 kernel: 136 | 0 0 | 0 0 0 | 0 0
Mar  5 11:26:05 ci010 kernel: 146 | 0 0 | 0 0 0 | 0 0
Mar  5 11:26:06 ci010 kernel: 155 | 0 0 | 0 0 0 | 0 0
Mar  5 11:26:07 ci010 kernel: 165 | 0 0 | 0 0 0 | 0 0
Mar  5 11:26:08 ci010 kernel: 175 | 0 0 | 0 0 0 | 0 0
Mar  5 11:26:09 ci010 kernel: 185 | 0 0 | 0 0 0 | 0 0
Mar  5 11:26:10 ci010 kernel: 195 | 0 0 | 0 0 0 | 0 0
Mar  5 11:26:11 ci010 kernel: 205 | 0 0 | 0 0 0 | 0 0
Mar  5 11:26:12 ci010 kernel: 215 | 0 0 | 0 0 0 | 0 0
Mar  5 11:26:13 ci010 kernel: 225 | 0 0 | 0 0 0 | 0 0
Mar  5 11:26:14 ci010 kernel: 235 | 0 0 | 0 0 0 | 0 0
Mar  5 11:26:15 ci010 kernel: 245 | 0 0 | 0 0 0 | 0 0
Mar  5 11:26:16 ci010 kernel: 254 | 0 0 | 0 0 0 | 0 0
Mar  5 11:26:17 ci010 kernel: 263 | 0 0 | 0 0 0 | 0 0
Mar  5 11:26:18 ci010 kernel: 273 | 0 0 | 0 0 0 | 0 0
Mar  5 11:26:19 ci010 kernel: 282 | 0 0 | 0 0 0 | 0 0
Mar  5 11:26:20 ci010 kernel: 291 | 0 0 | 0 0 0 | 0 0
Mar  5 11:26:21 ci010 kernel: 300 | 0 0 | 0 0 0 | 0 0
Mar  5 11:26:22 ci010 kernel: 476 | 0 0 | 0 0 0 | 0 0
Mar  5 11:26:23 ci010 kernel: 1030 | 0 0 | 0 0 0 | 0 0
Mar  5 11:26:23 ci010 kernel: 948048 | 0 1 | 0 0 0 | 0 0
Mar  5 11:26:24 ci010 kernel: 1901592 | 0 1 | 368 364 50 | 0 0
Mar  5 11:26:25 ci010 kernel: 2863633 | 473 134 | 368 436 74 | 0 0
Mar  5 11:26:25 ci010 kernel: 3825602 | 765 870 | 368 1066 74 | 0 0
Mar  5 11:26:26 ci010 kernel: 4786938 | 1250 1839 | 368 2091 74 | 0 0
Mar  5 11:26:26 ci010 kernel: 5747250 | 1416 1839 | 368 3546 74 | 0 0
Mar  5 11:26:27 ci010 kernel: 6709251 | 1436 1839 | 368 3714 74 | 0 0
Mar  5 11:26:28 ci010 kernel: 7671084 | 1587 2079 | 368 3734 74 | 0 0
Mar  5 11:26:28 ci010 kernel: 8632896 | 1725 2312 | 368 4124 74 | 0 0
Mar  5 11:26:29 ci010 kernel: 8682145 | 1897 50866 | 368 4496 74 | 0 0
Mar  5 11:26:29 ci010 kernel: 9596347 | 1898 50866 | 368 10496 908262 | 0 0
Mar  5 11:26:30 ci010 kernel: 9605074 | 1898 50866 | 368 19204 908263 | 0 0
Mar  5 11:26:30 ci010 kernel: 9612670 | 1898 50866 | 368 26776 908263 | 0 0
Mar  5 11:26:31 ci010 kernel: 9622792 | 1898 50866 | 368 36868 908263 | 0 0
Mar  5 11:26:31 ci010 kernel: 9629917 | 1905 50866 | 368 43954 908263 | 0 0
Mar  5 11:26:32 ci010 kernel: 9639212 | 1932 50866 | 368 53203 908265 | 0 0
Mar  5 11:26:32 ci010 kernel: 9647719 | 1960 50866 | 368 61643 908278 | 0 0
Mar  5 11:26:33 ci010 kernel: 9654862 | 1975 50866 | 368 68723 908281 | 0 0
Mar  5 11:26:33 ci010 kernel: 9663782 | 1975 50866 | 368 77570 908289 | 0 0
Mar  5 11:26:34 ci010 kernel: 9672699 | 1975 50866 | 368 86410 908289 | 0 0
Mar  5 11:26:34 ci010 kernel: 9680286 | 2016 50866 | 368 93918 908289 | 0 0
Mar  5 11:26:35 ci010 kernel: 9690588 | 2066 50866 | 368 104104 908315 | 0 0
Mar  5 11:26:35 ci010 kernel: 9697801 | 2095 50866 | 368 111200 908337 | 0 0
Mar  5 11:26:36 ci010 kernel: 9708408 | 2110 50866 | 368 121688 908356 | 0 0
Mar  5 11:26:36 ci010 kernel: 9715737 | 2132 50866 | 368 128904 908357 | 0 0
Mar  5 11:26:37 ci010 kernel: 9726488 | 2136 50866 | 368 139538 908357 | 0 0
Mar  5 11:26:37 ci010 kernel: 9733714 | 2136 50866 | 368 146641 908357 | 0 0
Mar  5 11:26:38 ci010 kernel: 9744407 | 2136 50866 | 368 157205 908357 | 0 0
Mar  5 11:26:38 ci010 kernel: 9751632 | 2136 50866 | 368 164287 908357 | 0 0
Mar  5 11:26:39 ci010 kernel: 9761489 | 2136 50866 | 368 174000 908357 | 0 0
Mar  5 11:26:40 ci010 kernel: 9769615 | 2136 50866 | 368 181966 908357 | 0 0
Mar  5 11:26:40 ci010 kernel: 9777961 | 2136 50866 | 368 190154 908357 | 0 0
Mar  5 11:26:41 ci010 kernel: 9787628 | 2136 50866 | 368 199646 908357 | 0 0
Mar  5 11:26:41 ci010 kernel: 9794886 | 2136 50866 | 368 206730 908357 | 0 0
Mar  5 11:26:42 ci010 kernel: 9804083 | 2136 50866 | 368 215749 908357 | 0 0
Mar  5 11:26:42 ci010 kernel: 9812939 | 2136 50866 | 368 224409 908357 | 0 0
Mar  5 11:26:43 ci010 kernel: 9822784 | 2136 50866 | 368 234061 908357 | 0 0
Mar  5 11:26:43 ci010 kernel: 9830914 | 2136 50866 | 368 241977 908357 | 0 0
Mar  5 11:26:44 ci010 kernel: 9838870 | 2136 50866 | 368 249725 908357 | 0 0
Mar  5 11:26:44 ci010 kernel: 9848977 | 2136 50866 | 368 259605 908357 | 0 0
Mar  5 11:26:45 ci010 kernel: 9856775 | 2136 50866 | 368 267181 908357 | 0 0
Mar  5 11:26:45 ci010 kernel: 9867137 | 2136 50866 | 368 277301 908357 | 0 0
Mar  5 11:26:46 ci010 kernel: 9874451 | 2136 50866 | 368 284373 908357 | 0 0
Mar  5 11:26:46 ci010 kernel: 9883242 | 2136 50866 | 368 292921 908357 | 0 0
Mar  5 11:26:47 ci010 kernel: 9892619 | 2136 50866 | 368 302037 908357 | 0 0
Mar  5 11:26:47 ci010 kernel: 9901323 | 2136 50866 | 368 310484 908357 | 0 0
Mar  5 11:26:48 ci010 kernel: 9910807 | 2136 50866 | 368 319703 908357 | 0 0
Mar  5 11:26:48 ci010 kernel: 9918180 | 2136 50866 | 368 326787 908357 | 0 0
Mar  5 11:26:49 ci010 kernel: 9929043 | 2136 50866 | 368 337365 908357 | 0 0
Mar  5 11:26:49 ci010 kernel: 9936409 | 2136 50866 | 368 344437 908357 | 0 0
Mar  5 11:26:50 ci010 kernel: 9946174 | 2136 50866 | 368 353910 908357 | 0 0
Mar  5 11:26:50 ci010 kernel: 9954725 | 2136 50866 | 371 362139 908357 | 0 0
Mar  5 11:26:51 ci010 kernel: 9964132 | 2136 50866 | 371 371239 908357 | 0 0
Mar  5 11:26:51 ci010 kernel: 9973041 | 2136 50866 | 372 379815 908357 | 0 0
Mar  5 11:26:52 ci010 kernel: 9987009 | 2136 50866 | 372 393462 908357 | 0 0
Mar  5 11:26:52 ci010 kernel: 9998568 | 2136 50866 | 372 404667 908357 | 0 0
Mar  5 11:26:53 ci010 kernel: 10013085 | 2136 50866 | 372 418837 908357 | 0 0
Mar  5 11:26:53 ci010 kernel: 10024044 | 2136 50866 | 372 429429 908357 | 0 0
Mar  5 11:26:54 ci010 kernel: 10038577 | 2136 50866 | 372 443585 908357 | 0 0
Mar  5 11:26:54 ci010 kernel: 10049568 | 2136 50866 | 372 454196 908357 | 0 0
Mar  5 11:26:55 ci010 kernel: 10064086 | 2136 50866 | 372 468331 908357 | 0 0
Mar  5 11:26:56 ci010 kernel: 10075081 | 2136 50866 | 372 478926 908357 | 0 0
Mar  5 11:26:56 ci010 kernel: 10089628 | 2136 50866 | 372 493061 908357 | 0 0
Mar  5 11:26:56 ci010 kernel: 10100670 | 2136 50866 | 372 503671 908357 | 0 0
Mar  5 11:26:57 ci010 kernel: 10115260 | 2136 50866 | 372 517838 908357 | 0 0
Mar  5 11:26:58 ci010 kernel: 11080638 | 2302 50982 | 372 526822 908357 | 0 0
Mar  5 11:26:58 ci010 kernel: 12045901 | 2307 50985 | 372 526987 908357 | 0 0
Mar  5 11:26:59 ci010 kernel: 13010999 | 2328 54130 | 372 526992 908357 | 0 0
Mar  5 11:26:59 ci010 kernel: 13976092 | 2346 54132 | 372 527013 908357 | 0 0
Mar  5 11:27:00 ci010 kernel: 14299407 | 2355 103738 | 372 527031 908357 | 0 0
Mar  5 11:27:01 ci010 kernel: 14349382 | 2355 153700 | 372 527041 908360 | 0 0
Mar  5 11:27:01 ci010 kernel: 14399346 | 2355 203664 | 372 527041 908360 | 0 0
Mar  5 11:27:02 ci010 kernel: 14449310 | 2355 253628 | 372 527041 908360 | 0 0
Mar  5 11:27:02 ci010 kernel: 14499403 | 2355 303721 | 372 527041 908360 | 0 0
Mar  5 11:27:03 ci010 kernel: 14549430 | 2355 353739 | 372 527041 908369 | 0 0
Mar  5 11:27:03 ci010 kernel: 14599303 | 2355 403612 | 372 527041 908369 | 0 0
Mar  5 11:27:04 ci010 kernel: 14649179 | 2355 453488 | 372 527041 908369 | 0 0
Mar  5 11:27:04 ci010 kernel: 15619670 | 2387 489013 | 372 527041 908369 | 0 0
Mar  5 11:27:05 ci010 kernel: 15672890 | 2390 538829 | 372 527073 908373 | 0 0
Mar  5 11:27:05 ci010 kernel: 15722716 | 2390 588652 | 372 527075 908374 | 0 0
Mar  5 11:27:06 ci010 kernel: 15772540 | 2390 638476 | 372 527075 908374 | 0 0
Mar  5 11:27:06 ci010 kernel: 15822363 | 2390 688299 | 372 527075 908374 | 0 0
Mar  5 11:27:07 ci010 kernel: 15872373 | 2390 738309 | 372 527075 908374 | 0 0
Mar  5 11:27:08 ci010 kernel: 16842834 | 2417 769721 | 372 527075 908374 | 0 0
Mar  5 11:27:08 ci010 kernel: 16892677 | 2417 819537 | 372 527102 908374 | 0 0
Mar  5 11:27:09 ci010 kernel: 16942494 | 2417 869354 | 372 527102 908374 | 0 0
Mar  5 11:27:09 ci010 kernel: 16992311 | 2417 919171 | 372 527102 908374 | 0 0
Mar  5 11:27:10 ci010 kernel: 17042127 | 2417 968987 | 372 527102 908374 | 0 0
Mar  5 11:27:10 ci010 kernel: 18012561 | 2426 1009864 | 372 527102 908374 | 0 0
Mar  5 11:27:11 ci010 kernel: 18982995 | 2454 1018736 | 372 527111 908374 | 0 0
Mar  5 11:27:12 ci010 kernel: 19032781 | 2454 1068491 | 372 527139 908374 | 0 0
Mar  5 11:27:12 ci010 kernel: 19082582 | 2454 1118292 | 372 527139 908374 | 0 0
Mar  5 11:27:13 ci010 kernel: 19132383 | 2454 1168093 | 372 527139 908374 | 0 0
Mar  5 11:27:13 ci010 kernel: 19182118 | 2454 1217828 | 372 527139 908374 | 0 0
Mar  5 11:27:14 ci010 kernel: 19237347 | 2454 1267566 | 372 527139 908374 | 0 0
Mar  5 11:27:14 ci010 kernel: 19287084 | 2454 1317303 | 372 527139 908374 | 0 0
Mar  5 11:27:15 ci010 kernel: 19336821 | 2454 1367040 | 372 527139 908374 | 0 0
Mar  5 11:27:15 ci010 kernel: 19386558 | 2454 1416777 | 372 527139 908374 | 0 0
Mar  5 11:27:16 ci010 kernel: 20356955 | 2462 1423544 | 372 527139 908374 | 0 0
Mar  5 11:27:16 ci010 kernel: 20406967 | 2462 1473273 | 372 527147 908374 | 0 0
Mar  5 11:27:17 ci010 kernel: 20456696 | 2462 1523002 | 372 527147 908374 | 0 0
Mar  5 11:27:17 ci010 kernel: 20506439 | 2462 1572745 | 372 527147 908374 | 0 0
Mar  5 11:27:18 ci010 kernel: 20556182 | 2462 1622488 | 372 527147 908374 | 0 0
Mar  5 11:27:19 ci010 kernel: 20637337 | 2462 1672231 | 372 527147 908374 | 0 0
Mar  5 11:27:19 ci010 kernel: 21540175 | 2462 1721973 | 372 527147 908374 | 0 0
Mar  5 11:27:20 ci010 kernel: 21639661 | 2462 1771716 | 372 527147 908374 | 0 0
Mar  5 11:27:20 ci010 kernel: 21698275 | 2462 1821458 | 372 527147 908374 | 0 0
Mar  5 11:27:21 ci010 kernel: 21748018 | 2462 1871201 | 372 527147 908374 | 0 0
Mar  5 11:27:21 ci010 kernel: 21797761 | 2462 1920944 | 372 527147 908374 | 0 0
Mar  5 11:27:22 ci010 kernel: 22768151 | 2465 1939052 | 372 527147 908374 | 0 0
Mar  5 11:27:22 ci010 kernel: 23738541 | 2465 1988802 | 372 527150 908374 | 0 0
Mar  5 11:27:23 ci010 kernel: 23788409 | 2465 2038669 | 372 527150 908374 | 0 0
Mar  5 11:27:23 ci010 kernel: 23838134 | 2465 2088394 | 372 527150 908374 | 0 0
Mar  5 11:27:24 ci010 kernel: 23887862 | 2465 2138122 | 372 527150 908374 | 0 0
Mar  5 11:27:24 ci010 kernel: 23937589 | 2465 2187849 | 372 527150 908374 | 0 0
Mar  5 11:27:25 ci010 kernel: 23987365 | 2465 2237576 | 372 527150 908374 | 0 0
Mar  5 11:27:25 ci010 kernel: 24037092 | 2465 2287303 | 372 527150 908374 | 0 0
Mar  5 11:27:26 ci010 kernel: 24086818 | 2465 2337029 | 372 527150 908374 | 0 0
Mar  5 11:27:27 ci010 kernel: 24136545 | 2465 2386756 | 372 527150 908374 | 0 0
Mar  5 11:27:27 ci010 kernel: 25106932 | 2465 2386843 | 372 527150 908374 | 0 0
Mar  5 11:27:28 ci010 kernel: 25156940 | 2466 2436581 | 372 527150 908374 | 0 0
Mar  5 11:27:28 ci010 kernel: 25206681 | 2466 2486320 | 372 527151 908374 | 0 0
Mar  5 11:27:29 ci010 kernel: 25256421 | 2466 2536060 | 372 527151 908374 | 0 0
Mar  5 11:27:29 ci010 kernel: 25306160 | 2466 2585799 | 372 527151 908374 | 0 0
Mar  5 11:27:30 ci010 kernel: 25405642 | 2466 2635539 | 372 527151 908374 | 0 0
Mar  5 11:27:30 ci010 kernel: 26319526 | 2466 2685278 | 372 527151 908374 | 0 0
Mar  5 11:27:31 ci010 kernel: 26419006 | 2466 2735018 | 372 527151 908374 | 0 0
Mar  5 11:27:31 ci010 kernel: 26468746 | 2466 2784758 | 372 527151 908374 | 0 0
Mar  5 11:27:32 ci010 kernel: 26518485 | 2466 2834497 | 372 527151 908374 | 0 0
Mar  5 11:27:33 ci010 kernel: 26618022 | 2466 2884284 | 372 527151 908374 | 0 0
Mar  5 11:27:33 ci010 kernel: 27588408 | 2466 2891012 | 372 527151 908374 | 0 0
Mar  5 11:27:34 ci010 kernel: 28490874 | 2467 2940737 | 372 527151 908374 | 0 0
Mar  5 11:27:34 ci010 kernel: 28590378 | 2467 2990453 | 372 527152 908374 | 0 0
Mar  5 11:27:35 ci010 kernel: 28640095 | 2467 3040170 | 372 527152 908374 | 0 0
Mar  5 11:27:35 ci010 kernel: 28689812 | 2467 3089887 | 372 527152 908374 | 0 0
Mar  5 11:27:36 ci010 kernel: 28739529 | 2467 3139604 | 372 527152 908374 | 0 0
Mar  5 11:27:36 ci010 kernel: 28789293 | 2467 3189320 | 372 527152 908374 | 0 0
Mar  5 11:27:37 ci010 kernel: 28839010 | 2467 3239037 | 372 527152 908374 | 0 0
Mar  5 11:27:38 ci010 kernel: 28889004 | 2467 3289031 | 372 527152 908374 | 0 0
Mar  5 11:27:38 ci010 kernel: 28938815 | 2467 3338842 | 372 527152 908374 | 0 0
Mar  5 11:27:39 ci010 kernel: 29909200 | 2467 3356824 | 372 527152 908374 | 0 0
Mar  5 11:27:39 ci010 kernel: 29959279 | 2467 3406635 | 372 527152 908374 | 0 0
Mar  5 11:27:40 ci010 kernel: 30009087 | 2468 3456442 | 372 527152 908374 | 0 0
Mar  5 11:27:40 ci010 kernel: 30058898 | 2468 3506252 | 372 527153 908374 | 0 0
Mar  5 11:27:41 ci010 kernel: 30165174 | 2468 3556061 | 372 527153 908374 | 0 0
Mar  5 11:27:41 ci010 kernel: 31036071 | 2518 3605721 | 372 527153 908374 | 0 0
Mar  5 11:27:42 ci010 kernel: 31153798 | 2518 3655481 | 372 527203 908374 | 0 0
Mar  5 11:27:42 ci010 kernel: 31203611 | 2518 3705294 | 372 527203 908374 | 0 0
Mar  5 11:27:43 ci010 kernel: 31253424 | 2518 3755107 | 372 527203 908374 | 0 0
Mar  5 11:27:43 ci010 kernel: 31334769 | 2518 3804835 | 372 527203 908374 | 0 0
Mar  5 11:27:44 ci010 kernel: 31999755 | 2522 3854554 | 372 527203 908374 | 0 0
Mar  5 11:27:45 ci010 kernel: 32970089 | 2522 3861151 | 372 527207 908374 | 0 0
Mar  5 11:27:45 ci010 kernel: 33268852 | 2522 3910877 | 372 527207 908374 | 0 0
Mar  5 11:27:46 ci010 kernel: 33318578 | 2522 3960603 | 372 527207 908374 | 0 0
Mar  5 11:27:46 ci010 kernel: 33368304 | 2522 4010329 | 372 527207 908374 | 0 0
Mar  5 11:27:47 ci010 kernel: 33418030 | 2522 4060055 | 372 527207 908374 | 0 0
Mar  5 11:27:47 ci010 kernel: 33467855 | 2522 4109842 | 372 527207 908374 | 0 0
Mar  5 11:27:48 ci010 kernel: 33517642 | 2522 4159629 | 372 527207 908374 | 0 0
Mar  5 11:27:48 ci010 kernel: 33567383 | 2522 4209370 | 372 527207 908374 | 0 0
Mar  5 11:27:49 ci010 kernel: 33617123 | 2522 4259110 | 372 527207 908374 | 0 0
Mar  5 11:27:49 ci010 kernel: 33666863 | 2522 4308850 | 372 527207 908374 | 0 0
Mar  5 11:27:50 ci010 kernel: 34637194 | 2522 4308982 | 372 527207 908374 | 0 0
Mar  5 11:27:50 ci010 kernel: 34736632 | 2522 4358722 | 372 527207 908374 | 0 0
Mar  5 11:27:51 ci010 kernel: 34786379 | 2522 4408468 | 372 527208 908374 | 0 0
Mar  5 11:27:51 ci010 kernel: 34836124 | 2522 4458213 | 372 527208 908374 | 0 0
Mar  5 11:27:52 ci010 kernel: 34942300 | 2522 4507959 | 372 527208 908374 | 0 0
Mar  5 11:27:53 ci010 kernel: 35639196 | 2522 4557871 | 372 527208 908374 | 0 0
Mar  5 11:27:53 ci010 kernel: 35944376 | 2523 4607600 | 372 527208 908374 | 0 0
Mar  5 11:27:54 ci010 kernel: 35994111 | 2523 4657334 | 372 527209 908374 | 0 0
Mar  5 11:27:54 ci010 kernel: 36043844 | 2523 4707067 | 372 527209 908374 | 0 0
Mar  5 11:27:55 ci010 kernel: 36093578 | 2523 4756801 | 372 527209 908374 | 0 0
Mar  5 11:27:55 ci010 kernel: 36790477 | 2523 4806533 | 372 527209 908374 | 0 0
Mar  5 11:27:56 ci010 kernel: 37760813 | 2523 4824697 | 372 527209 908374 | 0 0
Mar  5 11:27:57 ci010 kernel: 38059221 | 2523 4874429 | 372 527209 908374 | 0 0
Mar  5 11:27:57 ci010 kernel: 38108952 | 2523 4924160 | 372 527209 908374 | 0 0
Mar  5 11:27:58 ci010 kernel: 38158862 | 2523 4974070 | 372 527209 908374 | 0 0
Mar  5 11:27:58 ci010 kernel: 38208773 | 2523 5023980 | 372 527209 908374 | 0 0
Mar  5 11:27:58 ci010 kernel: 38258551 | 2524 5073729 | 372 527209 908374 | 0 0
Mar  5 11:27:59 ci010 kernel: 38308301 | 2524 5123478 | 372 527210 908374 | 0 0
Mar  5 11:28:00 ci010 kernel: 38358050 | 2524 5173227 | 372 527210 908374 | 0 0
Mar  5 11:28:00 ci010 kernel: 38425963 | 2524 5222976 | 372 527210 908374 | 0 0
Mar  5 11:28:01 ci010 kernel: 38475711 | 2524 5272724 | 372 527210 908374 | 0 0
Mar  5 11:28:01 ci010 kernel: 39446046 | 2529 5279002 | 372 527210 908374 | 0 0
Mar  5 11:28:02 ci010 kernel: 39545854 | 2529 5328745 | 372 527215 908374 | 0 0
Mar  5 11:28:02 ci010 kernel: 39595731 | 2529 5378616 | 372 527215 908374 | 0 0
Mar  5 11:28:03 ci010 kernel: 39695334 | 2529 5428487 | 372 527215 908374 | 0 0
Mar  5 11:28:04 ci010 kernel: 40416483 | 2529 5478213 | 372 527215 908374 | 0 0
Mar  5 11:28:04 ci010 kernel: 40466212 | 2529 5527942 | 372 527215 908374 | 0 0
Mar  5 11:28:05 ci010 kernel: 40715311 | 2529 5577670 | 372 527215 908374 | 0 0
Mar  5 11:28:05 ci010 kernel: 40765040 | 2529 5627399 | 372 527215 908374 | 0 0
Mar  5 11:28:06 ci010 kernel: 40814768 | 2529 5677127 | 372 527215 908374 | 0 0
Mar  5 11:28:06 ci010 kernel: 40864495 | 2529 5726854 | 372 527215 908374 | 0 0
Mar  5 11:28:07 ci010 kernel: 41585938 | 2529 5776581 | 372 527215 908374 | 0 0
Mar  5 11:28:07 ci010 kernel: 42556268 | 2529 5794849 | 372 527215 908374 | 0 0
Mar  5 11:28:08 ci010 kernel: 42854886 | 2529 5844684 | 372 527215 908374 | 0 0
Mar  5 11:28:08 ci010 kernel: 42904632 | 2529 5894430 | 372 527215 908374 | 0 0
Mar  5 11:28:09 ci010 kernel: 42954385 | 2529 5944182 | 372 527216 908374 | 0 0
Mar  5 11:28:09 ci010 kernel: 43004133 | 2530 5993928 | 372 527217 908374 | 0 0
Mar  5 11:28:10 ci010 kernel: 43053896 | 2533 6043667 | 372 527218 908374 | 0 0
Mar  5 11:28:10 ci010 kernel: 43103644 | 2533 6093412 | 372 527221 908374 | 0 0
Mar  5 11:28:11 ci010 kernel: 43159667 | 2533 6143157 | 372 527221 908374 | 0 0
Mar  5 11:28:11 ci010 kernel: 43209412 | 2533 6192902 | 372 527221 908374 | 0 0
Mar  5 11:28:12 ci010 kernel: 43259156 | 2533 6242646 | 372 527221 908374 | 0 0
Mar  5 11:28:13 ci010 kernel: 44229484 | 2535 6249154 | 372 527221 908374 | 0 0
Mar  5 11:28:13 ci010 kernel: 44397083 | 2535 6298880 | 372 527223 908374 | 0 0
Mar  5 11:28:14 ci010 kernel: 44446800 | 2541 6348591 | 372 527223 908374 | 0 0
Mar  5 11:28:14 ci010 kernel: 44546255 | 2541 6398313 | 372 527229 908374 | 0 0
Mar  5 11:28:15 ci010 kernel: 45249215 | 2541 6448036 | 372 527229 908374 | 0 0
Mar  5 11:28:15 ci010 kernel: 45298937 | 2541 6497758 | 372 527229 908374 | 0 0
Mar  5 11:28:16 ci010 kernel: 45565962 | 2541 6547481 | 372 527229 908374 | 0 0
Mar  5 11:28:16 ci010 kernel: 45615683 | 2541 6597202 | 372 527229 908374 | 0 0
Mar  5 11:28:17 ci010 kernel: 45665404 | 2541 6646923 | 372 527229 908374 | 0 0
Mar  5 11:28:18 ci010 kernel: 45715233 | 2541 6696752 | 372 527229 908374 | 0 0
Mar  5 11:28:18 ci010 kernel: 46436685 | 2541 6746581 | 372 527229 908374 | 0 0
Mar  5 11:28:19 ci010 kernel: 47407006 | 2541 6765001 | 372 527229 908374 | 0 0
Mar  5 11:28:19 ci010 kernel: 47705788 | 2541 6814740 | 372 527229 908374 | 0 0
Mar  5 11:28:20 ci010 kernel: 47755525 | 2541 6864477 | 372 527229 908374 | 0 0
Mar  5 11:28:20 ci010 kernel: 47805265 | 2541 6914214 | 372 527229 908374 | 0 0
Mar  5 11:28:21 ci010 kernel: 47855002 | 2541 6963951 | 372 527229 908374 | 0 0
Mar  5 11:28:21 ci010 kernel: 47904757 | 2541 7013688 | 372 527229 908374 | 0 0
Mar  5 11:28:22 ci010 kernel: 47954495 | 2541 7063426 | 372 527229 908374 | 0 0
Mar  5 11:28:22 ci010 kernel: 48004232 | 2541 7113163 | 372 527229 908374 | 0 0
Mar  5 11:28:23 ci010 kernel: 48054135 | 2541 7163066 | 372 527229 908374 | 0 0
Mar  5 11:28:23 ci010 kernel: 48103854 | 2541 7212785 | 372 527229 908374 | 0 0
Mar  5 11:28:24 ci010 kernel: 49074175 | 2541 7212797 | 372 527229 908374 | 0 0
Mar  5 11:28:25 ci010 kernel: 49223315 | 2541 7262518 | 372 527229 908374 | 0 0
Mar  5 11:28:25 ci010 kernel: 49273037 | 2541 7312240 | 372 527229 908374 | 0 0
Mar  5 11:28:26 ci010 kernel: 49390855 | 2541 7361961 | 372 527229 908374 | 0 0
Mar  5 11:28:26 ci010 kernel: 50087389 | 2541 7411683 | 372 527229 908374 | 0 0
Mar  5 11:28:27 ci010 kernel: 50137263 | 2541 7461405 | 372 527229 908374 | 0 0
Mar  5 11:28:27 ci010 kernel: 50404394 | 2541 7511127 | 372 527229 908374 | 0 0
Mar  5 11:28:28 ci010 kernel: 50454098 | 2541 7560555 | 372 527503 908374 | 0 0
Mar  5 11:28:28 ci010 kernel: 50503527 | 2541 7609983 | 372 527503 908374 | 0 0
Mar  5 11:28:29 ci010 kernel: 50552914 | 2541 7659370 | 372 527503 908374 | 0 0
Mar  5 11:28:29 ci010 kernel: 51249239 | 2541 7708758 | 372 527503 908374 | 0 0
Mar  5 11:28:30 ci010 kernel: 52219234 | 2541 7716882 | 372 527503 908374 | 0 0
Mar  5 11:28:30 ci010 kernel: 52516050 | 2541 7766268 | 372 527503 908374 | 0 0
Mar  5 11:28:31 ci010 kernel: 52565437 | 2541 7815655 | 372 527503 908374 | 0 0
Mar  5 11:28:32 ci010 kernel: 52614826 | 2541 7865041 | 372 527503 908374 | 0 0
Mar  5 11:28:32 ci010 kernel: 52664213 | 2541 7914428 | 372 527503 908374 | 0 0
Mar  5 11:28:33 ci010 kernel: 52713661 | 2541 7963858 | 372 527503 908374 | 0 0
Mar  5 11:28:33 ci010 kernel: 52763033 | 2541 8013230 | 372 527503 908374 | 0 0
Mar  5 11:28:34 ci010 kernel: 52812406 | 2541 8062603 | 372 527503 908374 | 0 0
Mar  5 11:28:34 ci010 kernel: 52861779 | 2541 8111976 | 372 527503 908374 | 0 0
Mar  5 11:28:35 ci010 kernel: 52911153 | 2541 8161350 | 372 527503 908374 | 0 0
Mar  5 11:28:35 ci010 kernel: 53881148 | 2541 8182934 | 372 527503 908374 | 0 0
Mar  5 11:28:36 ci010 kernel: 54030067 | 2541 8232308 | 372 527503 908374 | 0 0
Mar  5 11:28:36 ci010 kernel: 54079442 | 2541 8281681 | 372 527503 908374 | 0 0
Mar  5 11:28:37 ci010 kernel: 54186328 | 2541 8331055 | 372 527503 908374 | 0 0
Mar  5 11:28:37 ci010 kernel: 54899483 | 2541 8380428 | 372 527503 908374 | 0 0
Mar  5 11:28:38 ci010 kernel: 54948920 | 2541 8429865 | 372 527503 908374 | 0 0
Mar  5 11:28:38 ci010 kernel: 55204057 | 2541 8479256 | 372 527503 908374 | 0 0
Mar  5 11:28:39 ci010 kernel: 55253453 | 2541 8528648 | 372 527503 908374 | 0 0
Mar  5 11:28:40 ci010 kernel: 55321110 | 2542 8578036 | 372 527503 908374 | 0 0
Mar  5 11:28:40 ci010 kernel: 55370502 | 2542 8627427 | 372 527504 908374 | 0 0
Mar  5 11:28:41 ci010 kernel: 56065356 | 2542 8676816 | 372 527504 908374 | 0 0
Mar  5 11:28:41 ci010 kernel: 57035350 | 2542 8678614 | 372 527504 908374 | 0 0
Mar  5 11:28:42 ci010 kernel: 57331689 | 2542 8728003 | 372 527504 908374 | 0 0
Mar  5 11:28:43 ci010 kernel: 57381077 | 2542 8777391 | 372 527504 908374 | 0 0
Mar  5 11:28:43 ci010 kernel: 57430527 | 2542 8826838 | 372 527504 908374 | 0 0
Mar  5 11:28:44 ci010 kernel: 57479898 | 2542 8876209 | 372 527504 908374 | 0 0
Mar  5 11:28:44 ci010 kernel: 57529288 | 2542 8925581 | 372 527504 908374 | 0 0
Mar  5 11:28:44 ci010 kernel: 57578660 | 2542 8974953 | 372 527504 908374 | 0 0
Mar  5 11:28:45 ci010 kernel: 57628032 | 2542 9024325 | 372 527504 908374 | 0 0
Mar  5 11:28:45 ci010 kernel: 57677403 | 2542 9073696 | 372 527504 908374 | 0 0
Mar  5 11:28:46 ci010 kernel: 57726775 | 2542 9123068 | 372 527504 908374 | 0 0
Mar  5 11:28:47 ci010 kernel: 58696769 | 2542 9131206 | 372 527504 908374 | 0 0
Mar  5 11:28:47 ci010 kernel: 58845050 | 2542 9180576 | 372 527504 908374 | 0 0
Mar  5 11:28:48 ci010 kernel: 58894593 | 2542 9230119 | 372 527504 908374 | 0 0
Mar  5 11:28:48 ci010 kernel: 58995323 | 2542 9279662 | 372 527504 908374 | 0 0
Mar  5 11:28:49 ci010 kernel: 59694902 | 2542 9329052 | 372 527504 908374 | 0 0
Mar  5 11:28:49 ci010 kernel: 59744293 | 2542 9378443 | 372 527504 908374 | 0 0
Mar  5 11:28:50 ci010 kernel: 59993412 | 2550 9427810 | 372 527504 908374 | 0 0
Mar  5 11:28:51 ci010 kernel: 60042798 | 2553 9477185 | 373 527511 908374 | 0 0
Mar  5 11:28:51 ci010 kernel: 60092180 | 2553 9526564 | 373 527514 908374 | 0 0
Mar  5 11:28:52 ci010 kernel: 60141559 | 2553 9575943 | 373 527514 908374 | 0 0
Mar  5 11:28:52 ci010 kernel: 60841346 | 2553 9625322 | 373 527514 908374 | 0 0
Mar  5 11:28:53 ci010 kernel: 61811330 | 2553 9646677 | 373 527514 908374 | 0 0
Mar  5 11:28:53 ci010 kernel: 62107736 | 2553 9696039 | 373 527514 908374 | 0 0
Mar  5 11:28:54 ci010 kernel: 62157101 | 2553 9745404 | 373 527514 908374 | 0 0
Mar  5 11:28:54 ci010 kernel: 62227718 | 2553 9794767 | 373 527514 908374 | 0 0
Mar  5 11:28:55 ci010 kernel: 62277081 | 2553 9844130 | 373 527514 908374 | 0 0
Mar  5 11:28:55 ci010 kernel: 62326462 | 2553 9893493 | 373 527514 908374 | 0 0
Mar  5 11:28:56 ci010 kernel: 62375825 | 2553 9942856 | 373 527514 908374 | 0 0
Mar  5 11:28:56 ci010 kernel: 62425188 | 2553 9992219 | 373 527514 908374 | 0 0
Mar  5 11:28:57 ci010 kernel: 62474550 | 2553 10041581 | 373 527514 908374 | 0 0
Mar  5 11:28:58 ci010 kernel: 62523913 | 2553 10090944 | 373 527514 908374 | 0 0
Mar  5 11:28:58 ci010 kernel: 63493897 | 2553 10092929 | 373 527514 908374 | 0 0
Mar  5 11:28:59 ci010 kernel: 63621037 | 2553 10142438 | 373 527514 908374 | 0 0
Mar  5 11:28:59 ci010 kernel: 63670418 | 2553 10191819 | 373 527514 908374 | 0 0
Mar  5 11:29:00 ci010 kernel: 63790532 | 2553 10241199 | 373 527514 908374 | 0 0
Mar  5 11:29:00 ci010 kernel: 64483687 | 2553 10290580 | 373 527514 908374 | 0 0
Mar  5 11:29:01 ci010 kernel: 64533067 | 2553 10339960 | 373 527514 908374 | 0 0
Mar  5 11:29:01 ci010 kernel: 64801551 | 2553 10389339 | 373 527514 908374 | 0 0
Mar  5 11:29:02 ci010 kernel: 64850931 | 2553 10438718 | 373 527514 908374 | 0 0
Mar  5 11:29:02 ci010 kernel: 64900310 | 2553 10488097 | 373 527514 908374 | 0 0
Mar  5 11:29:03 ci010 kernel: 64949746 | 2553 10537533 | 373 527514 908374 | 0 0
Mar  5 11:29:03 ci010 kernel: 65643130 | 2553 10586892 | 373 527514 908374 | 0 0
Mar  5 11:29:04 ci010 kernel: 66613114 | 2553 10595183 | 373 527514 908374 | 0 0
Mar  5 11:29:05 ci010 kernel: 66909429 | 2553 10644544 | 373 527514 908374 | 0 0
Mar  5 11:29:05 ci010 kernel: 66958790 | 2553 10693905 | 373 527514 908374 | 0 0
Mar  5 11:29:06 ci010 kernel: 67008154 | 2553 10743266 | 373 527514 908374 | 0 0
Mar  5 11:29:06 ci010 kernel: 67057514 | 2553 10792626 | 373 527514 908374 | 0 0
Mar  5 11:29:07 ci010 kernel: 67106893 | 2553 10841987 | 373 527514 908374 | 0 0
Mar  5 11:29:07 ci010 kernel: 67156253 | 2553 10891347 | 373 527514 908374 | 0 0
Mar  5 11:29:08 ci010 kernel: 67205669 | 2553 10940763 | 373 527514 908374 | 0 0
Mar  5 11:29:08 ci010 kernel: 67255043 | 2553 10990137 | 373 527514 908374 | 0 0
Mar  5 11:29:09 ci010 kernel: 67312707 | 2553 11039510 | 373 527514 908374 | 0 0
Mar  5 11:29:09 ci010 kernel: 68282691 | 2553 11060805 | 373 527514 908374 | 0 0
Mar  5 11:29:10 ci010 kernel: 68430926 | 2553 11110178 | 373 527514 908374 | 0 0
Mar  5 11:29:10 ci010 kernel: 68480300 | 2553 11159552 | 373 527514 908374 | 0 0
Mar  5 11:29:11 ci010 kernel: 68579038 | 2553 11208930 | 374 527514 908374 | 0 0
Mar  5 11:29:12 ci010 kernel: 69299915 | 2554 11258123 | 374 527690 908374 | 0 0
Mar  5 11:29:12 ci010 kernel: 69349111 | 2554 11307318 | 374 527691 908374 | 0 0
Mar  5 11:29:13 ci010 kernel: 69595765 | 2554 11356513 | 374 527691 908374 | 0 0
Mar  5 11:29:13 ci010 kernel: 69644943 | 2554 11405688 | 374 527691 908374 | 0 0
Mar  5 11:29:14 ci010 kernel: 69694121 | 2554 11454866 | 374 527691 908374 | 0 0
Mar  5 11:29:14 ci010 kernel: 69743298 | 2554 11504043 | 374 527691 908374 | 0 0
Mar  5 11:29:15 ci010 kernel: 70463692 | 2554 11553219 | 374 527691 908374 | 0 0
Mar  5 11:29:15 ci010 kernel: 71433538 | 2554 11565030 | 374 527691 908374 | 0 0
Mar  5 11:29:16 ci010 kernel: 71728646 | 2554 11614206 | 374 527691 908374 | 0 0
Mar  5 11:29:16 ci010 kernel: 71777821 | 2554 11663381 | 374 527691 908374 | 0 0
Mar  5 11:29:17 ci010 kernel: 71829121 | 2554 11712557 | 374 527691 908374 | 0 0
Mar  5 11:29:17 ci010 kernel: 71878296 | 2554 11761732 | 374 527691 908374 | 0 0
Mar  5 11:29:18 ci010 kernel: 71927599 | 2554 11811017 | 374 527691 908374 | 0 0
Mar  5 11:29:19 ci010 kernel: 71976789 | 2554 11860207 | 374 527691 908374 | 0 0
Mar  5 11:29:19 ci010 kernel: 72026252 | 2554 11909540 | 396 527793 908380 | 0 0
Mar  5 11:29:20 ci010 kernel: 72075586 | 2554 11958874 | 396 527793 908380 | 0 0
Mar  5 11:29:20 ci010 kernel: 72128258 | 2554 12008209 | 396 527793 908380 | 0 0
Mar  5 11:29:21 ci010 kernel: 73098238 | 2554 12009357 | 396 527793 908380 | 0 0
Mar  5 11:29:21 ci010 kernel: 73243941 | 2554 12058692 | 396 527793 908380 | 0 0
Mar  5 11:29:22 ci010 kernel: 73293276 | 2554 12108027 | 396 527793 908380 | 0 0
Mar  5 11:29:22 ci010 kernel: 73400308 | 2570 12157314 | 396 527793 908380 | 0 0
Mar  5 11:29:23 ci010 kernel: 74094250 | 2570 12206681 | 396 527809 908380 | 0 0
Mar  5 11:29:24 ci010 kernel: 74143554 | 2570 12255985 | 396 527809 908380 | 0 0
Mar  5 11:29:24 ci010 kernel: 74398648 | 2570 12305292 | 396 527809 908380 | 0 0
Mar  5 11:29:25 ci010 kernel: 74447956 | 2570 12354598 | 396 527809 908380 | 0 0
Mar  5 11:29:25 ci010 kernel: 74497261 | 2570 12403903 | 396 527809 908380 | 0 0
Mar  5 11:29:26 ci010 kernel: 74547714 | 2570 12453208 | 396 527809 908380 | 0 0
Mar  5 11:29:26 ci010 kernel: 75237887 | 2570 12502513 | 396 527809 908380 | 0 0
Mar  5 11:29:27 ci010 kernel: 76207851 | 2570 12522833 | 396 527809 908380 | 0 0
Mar  5 11:29:27 ci010 kernel: 76504816 | 2570 12572138 | 396 527809 908380 | 0 0
Mar  5 11:29:28 ci010 kernel: 76554186 | 2570 12621508 | 396 527809 908380 | 0 0
Mar  5 11:29:28 ci010 kernel: 76603511 | 2570 12670830 | 396 527809 908380 | 0 0
Mar  5 11:29:29 ci010 kernel: 76652833 | 2570 12720152 | 396 527809 908380 | 0 0
Mar  5 11:29:29 ci010 kernel: 76702173 | 2570 12769474 | 396 527809 908380 | 0 0
Mar  5 11:29:30 ci010 kernel: 76751683 | 2614 12818675 | 412 527898 908384 | 0 0
Mar  5 11:29:31 ci010 kernel: 76801022 | 2614 12867964 | 412 527942 908384 | 0 0
Mar  5 11:29:31 ci010 kernel: 76850312 | 2614 12917254 | 412 527942 908384 | 0 0
Mar  5 11:29:32 ci010 kernel: 76899601 | 2614 12966543 | 412 527942 908384 | 0 0
Mar  5 11:29:32 ci010 kernel: 77869522 | 2614 12978884 | 412 527942 908384 | 0 0
Mar  5 11:29:33 ci010 kernel: 78037903 | 2614 13028173 | 412 527942 908384 | 0 0
Mar  5 11:29:33 ci010 kernel: 78087176 | 2614 13077446 | 412 527942 908384 | 0 0
Mar  5 11:29:34 ci010 kernel: 78185832 | 2615 13126719 | 412 527942 908384 | 0 0
Mar  5 11:29:34 ci010 kernel: 78888596 | 2615 13175993 | 412 527943 908384 | 0 0
Mar  5 11:29:35 ci010 kernel: 78958191 | 2615 13225268 | 412 527943 908384 | 0 0
Mar  5 11:29:35 ci010 kernel: 79204781 | 2615 13274540 | 412 527943 908384 | 0 0
Mar  5 11:29:36 ci010 kernel: 79254055 | 2615 13323812 | 412 527943 908384 | 0 0
Mar  5 11:29:36 ci010 kernel: 79303327 | 2615 13373084 | 412 527943 908384 | 0 0
Mar  5 11:29:37 ci010 kernel: 79352598 | 2615 13422355 | 412 527943 908384 | 0 0
Mar  5 11:29:37 ci010 kernel: 80075743 | 2615 13471627 | 412 527943 908384 | 0 0
Mar  5 11:29:38 ci010 kernel: 81045663 | 2617 13492360 | 412 527943 908384 | 0 0
Mar  5 11:29:39 ci010 kernel: 81341314 | 2617 13541647 | 412 527945 908384 | 0 0
Mar  5 11:29:39 ci010 kernel: 81390600 | 2617 13590933 | 412 527945 908384 | 0 0
Mar  5 11:29:40 ci010 kernel: 81439890 | 2617 13640220 | 412 527945 908384 | 0 0
Mar  5 11:29:40 ci010 kernel: 81501517 | 2617 13689506 | 412 527945 908384 | 0 0
Mar  5 11:29:41 ci010 kernel: 81550897 | 2621 13738781 | 412 527945 908384 | 0 0
Mar  5 11:29:41 ci010 kernel: 81600272 | 2622 13788060 | 412 527949 908384 | 0 0
Mar  5 11:29:42 ci010 kernel: 81649561 | 2622 13837342 | 412 527950 908384 | 0 0
Mar  5 11:29:42 ci010 kernel: 81698843 | 2622 13886624 | 412 527950 908384 | 0 0
Mar  5 11:29:43 ci010 kernel: 81748173 | 2622 13935954 | 412 527950 908384 | 0 0
Mar  5 11:29:43 ci010 kernel: 82718086 | 2622 13948416 | 412 527950 908384 | 0 0
Mar  5 11:29:44 ci010 kernel: 82871651 | 2622 13997684 | 412 527950 908384 | 0 0
Mar  5 11:29:44 ci010 kernel: 82920918 | 2622 14046951 | 412 527950 908384 | 0 0
Mar  5 11:29:45 ci010 kernel: 83034429 | 2686 14096027 | 412 527950 908384 | 0 0
Mar  5 11:29:46 ci010 kernel: 83737040 | 2686 14145228 | 412 528014 908384 | 0 0
Mar  5 11:29:46 ci010 kernel: 83791887 | 2686 14194428 | 412 528014 908384 | 0 0
Mar  5 11:29:47 ci010 kernel: 84053171 | 2686 14243629 | 412 528014 908384 | 0 0
Mar  5 11:29:47 ci010 kernel: 84102371 | 2686 14292829 | 412 528014 908384 | 0 0
Mar  5 11:29:48 ci010 kernel: 84151572 | 2686 14342030 | 412 528014 908384 | 0 0
Mar  5 11:29:48 ci010 kernel: 84200838 | 2686 14391296 | 412 528014 908384 | 0 0
Mar  5 11:29:49 ci010 kernel: 84909003 | 2687 14440507 | 412 528014 908384 | 0 0
Mar  5 11:29:49 ci010 kernel: 85878852 | 2697 14446819 | 412 528015 908384 | 0 0
Mar  5 11:29:50 ci010 kernel: 86174009 | 2697 14496022 | 412 528025 908384 | 0 0
Mar  5 11:29:50 ci010 kernel: 86223211 | 2697 14545224 | 412 528025 908384 | 0 0
Mar  5 11:29:51 ci010 kernel: 86272417 | 2697 14594427 | 412 528025 908384 | 0 0
Mar  5 11:29:51 ci010 kernel: 86321619 | 2697 14643629 | 412 528025 908384 | 0 0
Mar  5 11:29:52 ci010 kernel: 86370838 | 2698 14692829 | 412 528025 908384 | 0 0
Mar  5 11:29:53 ci010 kernel: 86419897 | 2772 14741811 | 412 528026 908384 | 0 0
Mar  5 11:29:53 ci010 kernel: 86469087 | 2772 14790926 | 412 528100 908384 | 0 0
Mar  5 11:29:54 ci010 kernel: 86518205 | 2772 14840044 | 412 528100 908384 | 0 0
Mar  5 11:29:54 ci010 kernel: 86567322 | 2772 14889161 | 412 528100 908384 | 0 0
Mar  5 11:29:55 ci010 kernel: 87537085 | 2773 14905582 | 412 528100 908384 | 0 0
Mar  5 11:29:55 ci010 kernel: 87684704 | 2773 14954698 | 412 528101 908384 | 0 0
Mar  5 11:29:56 ci010 kernel: 87733818 | 2773 15003812 | 412 528101 908384 | 0 0
Mar  5 11:29:56 ci010 kernel: 87838439 | 2781 15052902 | 412 528101 908384 | 0 0
Mar  5 11:29:57 ci010 kernel: 88543204 | 2782 15102005 | 412 528109 908384 | 0 0
Mar  5 11:29:57 ci010 kernel: 88592308 | 2782 15151108 | 412 528110 908384 | 0 0
Mar  5 11:29:58 ci010 kernel: 88844431 | 2782 15200287 | 412 528110 908384 | 0 0
Mar  5 11:29:58 ci010 kernel: 88893610 | 2782 15249466 | 412 528110 908384 | 0 0
Mar  5 11:29:59 ci010 kernel: 88942733 | 2782 15298589 | 412 528110 908384 | 0 0
Mar  5 11:30:00 ci010 kernel: 88991856 | 2782 15347712 | 412 528110 908384 | 0 0
Mar  5 11:30:00 ci010 kernel: 89696301 | 2782 15396835 | 412 528110 908384 | 0 0
Mar  5 11:30:01 ci010 kernel: 90666054 | 2782 15410137 | 412 528110 908384 | 0 0
Mar  5 11:30:01 ci010 kernel: 90960871 | 2782 15459260 | 412 528110 908384 | 0 0
Mar  5 11:30:02 ci010 kernel: 91009993 | 2782 15508382 | 412 528110 908384 | 0 0
Mar  5 11:30:02 ci010 kernel: 91059119 | 2782 15557505 | 412 528110 908384 | 0 0
Mar  5 11:30:03 ci010 kernel: 91108291 | 2782 15606677 | 412 528110 908384 | 0 0
Mar  5 11:30:03 ci010 kernel: 91157414 | 2782 15655782 | 412 528110 908384 | 0 0
Mar  5 11:30:04 ci010 kernel: 91206522 | 2782 15704890 | 412 528110 908384 | 0 0
Mar  5 11:30:05 ci010 kernel: 91269284 | 2782 15754220 | 449 528198 908388 | 0 0
Mar  5 11:30:05 ci010 kernel: 91318614 | 2782 15803550 | 449 528198 908388 | 0 0
Mar  5 11:30:06 ci010 kernel: 91367945 | 2782 15852881 | 449 528198 908388 | 0 0
Mar  5 11:30:06 ci010 kernel: 92337908 | 2782 15858791 | 449 528198 908388 | 0 0
Mar  5 11:30:07 ci010 kernel: 92485542 | 2782 15908118 | 449 528198 908388 | 0 0
Mar  5 11:30:07 ci010 kernel: 92534871 | 2782 15957447 | 449 528198 908388 | 0 0
Mar  5 11:30:08 ci010 kernel: 92633324 | 2782 16006775 | 449 528198 908388 | 0 0
Mar  5 11:30:08 ci010 kernel: 93341624 | 2782 16056282 | 449 528198 908388 | 0 0
Mar  5 11:30:09 ci010 kernel: 93391131 | 2782 16105789 | 449 528198 908388 | 0 0
Mar  5 11:30:09 ci010 kernel: 93637687 | 2782 16155135 | 449 528198 908388 | 0 0
Mar  5 11:30:10 ci010 kernel: 93687035 | 2782 16204481 | 449 528198 908388 | 0 0
Mar  5 11:30:10 ci010 kernel: 93736381 | 2782 16253827 | 449 528198 908388 | 0 0
Mar  5 11:30:11 ci010 kernel: 93785727 | 2782 16303173 | 449 528198 908388 | 0 0
Mar  5 11:30:11 ci010 kernel: 94495121 | 2782 16352528 | 465 528286 908392 | 0 0
Mar  5 11:30:12 ci010 kernel: 95465085 | 2782 16379762 | 465 528286 908392 | 0 0
